Log file open, 11/17/19 15:27:02
LogWindows: Failed to load 'aqProf.dll' (GetLastError=126)
LogWindows: File 'aqProf.dll' does not exist
LogWindows: Failed to load 'VtuneApi.dll' (GetLastError=126)
LogWindows: File 'VtuneApi.dll' does not exist
LogWindows: Failed to load 'VtuneApi32e.dll' (GetLastError=126)
LogWindows: File 'VtuneApi32e.dll' does not exist
LogConsoleResponse: Display: Failed to find resolution value strings in scalability ini. Falling back to default.
LogInit: Display: Running engine for game: TheWalkingMan
LogPlatformFile: Not using cached read wrapper
LogTaskGraph: Started task graph with 5 named threads and 23 total threads with 3 sets of task threads.
LogStats: Stats thread started at 0.076423
LogD3D11RHI: Loaded GFSDK_Aftermath_Lib.x64.dll
LogICUInternationalization: ICU TimeZone Detection - Raw Offset: +2:00, Platform Override: ''
LogPluginManager: Mounting plugin Paper2D
LogPluginManager: Mounting plugin AISupport
LogPluginManager: Mounting plugin LightPropagationVolume
LogPluginManager: Mounting plugin ActorLayerUtilities
LogPluginManager: Mounting plugin AnimationSharing
LogPluginManager: Mounting plugin CLionSourceCodeAccess
LogPluginManager: Mounting plugin CodeLiteSourceCodeAccess
LogPluginManager: Mounting plugin GitSourceControl
LogPluginManager: Mounting plugin KDevelopSourceCodeAccess
LogPluginManager: Mounting plugin NullSourceCodeAccess
LogPluginManager: Mounting plugin PerforceSourceControl
LogPluginManager: Mounting plugin SubversionSourceControl
LogPluginManager: Mounting plugin UObjectPlugin
LogPluginManager: Mounting plugin VisualStudioCodeSourceCodeAccess
LogPluginManager: Mounting plugin VisualStudioSourceCodeAccess
LogPluginManager: Mounting plugin XCodeSourceCodeAccess
LogPluginManager: Mounting plugin AssetManagerEditor
LogPluginManager: Mounting plugin CryptoKeys
LogPluginManager: Mounting plugin CurveEditorTools
LogPluginManager: Mounting plugin DataValidation
LogPluginManager: Mounting plugin EditorScriptingUtilities
LogPluginManager: Mounting plugin FacialAnimation
LogPluginManager: Mounting plugin GameplayTagsEditor
LogPluginManager: Mounting plugin GLTFImporter
LogPluginManager: Mounting plugin MacGraphicsSwitching
LogPluginManager: Mounting plugin MaterialAnalyzer
LogPluginManager: Mounting plugin MeshEditor
LogPluginManager: Mounting plugin MobileLauncherProfileWizard
LogPluginManager: Mounting plugin PluginBrowser
LogPluginManager: Mounting plugin SpeedTreeImporter
LogPluginManager: Mounting plugin DatasmithContent
LogPluginManager: Mounting plugin VariantManagerContent
LogPluginManager: Mounting plugin AlembicImporter
LogPluginManager: Mounting plugin AutomationUtils
LogPluginManager: Mounting plugin BackChannel
LogPluginManager: Mounting plugin BlastPlugin
LogPluginManager: Mounting plugin ChaosSolverPlugin
LogPluginManager: Mounting plugin CharacterAI
LogPluginManager: Mounting plugin DataPrepEditor
LogPluginManager: Mounting plugin GeometryCache
LogPluginManager: Mounting plugin GeometryCollectionPlugin
LogPluginManager: Mounting plugin HTML5Networking
LogPluginManager: Mounting plugin PlatformCrypto
LogPluginManager: Mounting plugin ProxyLODPlugin
LogPluginManager: Mounting plugin SkeletalReduction
LogPluginManager: Mounting plugin MagicLeap
LogPluginManager: Mounting plugin MagicLeapMedia
LogPluginManager: Mounting plugin AndroidMedia
LogPluginManager: Mounting plugin AvfMedia
LogPluginManager: Mounting plugin ImgMedia
LogPluginManager: Mounting plugin MediaCompositing
LogPluginManager: Mounting plugin MediaPlayerEditor
LogPluginManager: Mounting plugin WebMMedia
LogPluginManager: Mounting plugin WmfMedia
LogPluginManager: Mounting plugin TcpMessaging
LogPluginManager: Mounting plugin UdpMessaging
LogPluginManager: Mounting plugin ActorSequence
LogPluginManager: Mounting plugin LevelSequenceEditor
LogPluginManager: Mounting plugin MatineeToLevelSequence
LogPluginManager: Mounting plugin NetcodeUnitTest
LogPluginManager: Mounting plugin NUTUnrealEngine4
LogPluginManager: Mounting plugin OnlineSubsystemGooglePlay
LogPluginManager: Mounting plugin OnlineSubsystemIOS
LogPluginManager: Mounting plugin OnlineSubsystem
LogPluginManager: Mounting plugin OnlineSubsystemNull
LogPluginManager: Mounting plugin OnlineSubsystemUtils
LogPluginManager: Mounting plugin LauncherChunkInstaller
LogPluginManager: Mounting plugin AndroidDeviceProfileSelector
LogPluginManager: Mounting plugin AndroidMoviePlayer
LogPluginManager: Mounting plugin AndroidPermission
LogPluginManager: Mounting plugin AppleImageUtils
LogPluginManager: Mounting plugin AppleMoviePlayer
LogPluginManager: Mounting plugin ArchVisCharacter
LogPluginManager: Mounting plugin AudioCapture
LogPluginManager: Mounting plugin CableComponent
LogPluginManager: Mounting plugin CustomMeshComponent
LogPluginManager: Mounting plugin EditableMesh
LogPluginManager: Mounting plugin ExampleDeviceProfileSelector
LogPluginManager: Mounting plugin GoogleCloudMessaging
LogPluginManager: Mounting plugin IOSDeviceProfileSelector
LogPluginManager: Mounting plugin LinuxDeviceProfileSelector
LogPluginManager: Mounting plugin LocationServicesBPLibrary
LogPluginManager: Mounting plugin MobilePatchingUtils
LogPluginManager: Mounting plugin OculusVR
LogPluginManager: Mounting plugin PhysXVehicles
LogPluginManager: Mounting plugin ProceduralMeshComponent
LogPluginManager: Mounting plugin RuntimePhysXCooking
LogPluginManager: Mounting plugin SignificanceManager
LogPluginManager: Mounting plugin SteamVR
LogPluginManager: Mounting plugin WebMMoviePlayer
LogPluginManager: Mounting plugin WindowsMoviePlayer
LogPluginManager: Mounting plugin ScreenshotTools
LogPluginManager: Mounting plugin DatasmithC4DImporter
LogPluginManager: Mounting plugin DatasmithCADImporter
LogPluginManager: Mounting plugin DatasmithFBXImporter
LogPluginManager: Mounting plugin DatasmithGLTFImporter
LogPluginManager: Mounting plugin DatasmithIFCImporter
LogPluginManager: Mounting plugin DatasmithImporter
LogPluginManager: Mounting plugin MDLImporter
LogPluginManager: Mounting plugin StaticMeshEditorExtension
LogPluginManager: Mounting plugin VariantManager
LogInit: Using libcurl 7.55.1-DEV
LogInit:  - built for x86_64-pc-win32
LogInit:  - supports SSL with OpenSSL/1.1.1
LogInit:  - supports HTTP deflate (compression) using libz 1.2.8
LogInit:  - other features:
LogInit:      CURL_VERSION_SSL
LogInit:      CURL_VERSION_LIBZ
LogInit:      CURL_VERSION_IPV6
LogInit:      CURL_VERSION_ASYNCHDNS
LogInit:      CURL_VERSION_LARGEFILE
LogInit:      CURL_VERSION_IDN
LogInit:  CurlRequestOptions (configurable via config and command line):
LogInit:  - bVerifyPeer = true  - Libcurl will verify peer certificate
LogInit:  - bUseHttpProxy = false  - Libcurl will NOT use HTTP proxy
LogInit:  - bDontReuseConnections = false  - Libcurl will reuse connections
LogInit:  - MaxHostConnections = 16  - Libcurl will limit the number of connections to a host
LogInit:  - LocalHostAddr = Default
LogInit:  - BufferSize = 65536
LogOnline: OSS: Creating online subsystem instance for: NULL
LogInit: WinSock: version 1.1 (2.2), MaxSocks=32767, MaxUdp=65467
LogInit: Build: ++UE4+Release-4.23-CL-9631420
LogInit: Engine Version: 4.23.1-9631420+++UE4+Release-4.23
LogInit: Compatible Engine Version: 4.23.0-8386587+++UE4+Release-4.23
LogInit: Net CL: 8386587
LogInit: OS: Windows 10 (Release 1903) (), CPU: Intel(R) Core(TM) i5-8250U CPU @ 1.60GHz, GPU: Intel(R) UHD Graphics 620
LogInit: Compiled (64-bit): Oct 18 2019 02:07:44
LogInit: Compiled with Visual C++: 19.16.27030.01
LogInit: Build Configuration: Development
LogInit: Branch Name: ++UE4+Release-4.23
LogInit: Command Line: 
LogInit: Base Directory: C:/Program Files/Epic Games/UE_4.23/Engine/Binaries/Win64/
LogInit: Installed Engine Build: 1
LogDevObjectVersion: Number of dev versions registered: 23
LogDevObjectVersion:   Dev-Blueprints (B0D832E4-1F89-4F0D-ACCF-7EB736FD4AA2): 10
LogDevObjectVersion:   Dev-Build (E1C64328-A22C-4D53-A36C-8E866417BD8C): 0
LogDevObjectVersion:   Dev-Core (375EC13C-06E4-48FB-B500-84F0262A717E): 3
LogDevObjectVersion:   Dev-Editor (E4B068ED-F494-42E9-A231-DA0B2E46BB41): 34
LogDevObjectVersion:   Dev-Framework (CFFC743F-43B0-4480-9391-14DF171D2073): 35
LogDevObjectVersion:   Dev-Mobile (B02B49B5-BB20-44E9-A304-32B752E40360): 2
LogDevObjectVersion:   Dev-Networking (A4E4105C-59A1-49B5-A7C5-40C4547EDFEE): 0
LogDevObjectVersion:   Dev-Online (39C831C9-5AE6-47DC-9A44-9C173E1C8E7C): 0
LogDevObjectVersion:   Dev-Physics (78F01B33-EBEA-4F98-B9B4-84EACCB95AA2): 0
LogDevObjectVersion:   Dev-Platform (6631380F-2D4D-43E0-8009-CF276956A95A): 0
LogDevObjectVersion:   Dev-Rendering (12F88B9F-8875-4AFC-A67C-D90C383ABD29): 31
LogDevObjectVersion:   Dev-Sequencer (7B5AE74C-D270-4C10-A958-57980B212A5A): 11
LogDevObjectVersion:   Dev-VR (D7296918-1DD6-4BDD-9DE2-64A83CC13884): 2
LogDevObjectVersion:   Dev-LoadTimes (C2A15278-BFE7-4AFE-6C17-90FF531DF755): 1
LogDevObjectVersion:   Private-Geometry (6EACA3D4-40EC-4CC1-B786-8BED09428FC5): 3
LogDevObjectVersion:   Dev-AnimPhys (29E575DD-E0A3-4627-9D10-D276232CDCEA): 17
LogDevObjectVersion:   Dev-Anim (AF43A65D-7FD3-4947-9873-3E8ED9C1BB05): 2
LogDevObjectVersion:   Dev-ReflectionCapture (6B266CEC-1EC7-4B8F-A30B-E4D90942FC07): 1
LogDevObjectVersion:   Dev-Automation (0DF73D61-A23F-47EA-B727-89E90C41499A): 1
LogDevObjectVersion:   FortniteMain (601D1886-AC64-4F84-AA16-D3DE0DEAC7D6): 27
LogDevObjectVersion:   Dev-Enterprise (9DFFBCD6-494F-0158-E221-12823C92A888): 6
LogDevObjectVersion:   Dev-Niagara (F2AED0AC-9AFE-416F-8664-AA7FFA26D6FC): 1
LogDevObjectVersion:   Dev-Destruction (174F1F0B-B4C6-45A5-B13F-2EE8D0FB917D): 9
LogInit: Presizing for max 16777216 objects, including 0 objects not considered by GC, pre-allocating 0 bytes for permanent pool.
LogInit: Object subsystem initialized
LogConfig: Setting CVar [[con.DebugEarlyDefault:1]]
LogConfig: Setting CVar [[r.setres:1280x720]]
[2019.11.17-13.27.02:643][  0]LogConfig: Setting CVar [[r.VSync:0]]
[2019.11.17-13.27.02:643][  0]LogConfig: Setting CVar [[r.RHICmdBypass:0]]
[2019.11.17-13.27.02:643][  0]LogConfig: Applying CVar settings from Section [/Script/Engine.RendererSettings] File [C:/Users/Marvin Vihman/Desktop/Ülikooli asjad/Computer Graphics/TheWalkingMan/Saved/Config/Windows/Engine.ini]
[2019.11.17-13.27.02:643][  0]LogConfig: Setting CVar [[r.GPUCrashDebugging:0]]
[2019.11.17-13.27.02:643][  0]LogConfig: Applying CVar settings from Section [/Script/Engine.RendererOverrideSettings] File [C:/Users/Marvin Vihman/Desktop/Ülikooli asjad/Computer Graphics/TheWalkingMan/Saved/Config/Windows/Engine.ini]
[2019.11.17-13.27.02:643][  0]LogConfig: Applying CVar settings from Section [/Script/Engine.StreamingSettings] File [C:/Users/Marvin Vihman/Desktop/Ülikooli asjad/Computer Graphics/TheWalkingMan/Saved/Config/Windows/Engine.ini]
[2019.11.17-13.27.02:643][  0]LogConfig: Setting CVar [[s.MinBulkDataSizeForAsyncLoading:131072]]
[2019.11.17-13.27.02:643][  0]LogConfig: Setting CVar [[s.AsyncLoadingThreadEnabled:0]]
[2019.11.17-13.27.02:643][  0]LogConfig: Setting CVar [[s.EventDrivenLoaderEnabled:1]]
[2019.11.17-13.27.02:643][  0]LogConfig: Setting CVar [[s.WarnIfTimeLimitExceeded:0]]
[2019.11.17-13.27.02:643][  0]LogConfig: Setting CVar [[s.TimeLimitExceededMultiplier:1.5]]
[2019.11.17-13.27.02:643][  0]LogConfig: Setting CVar [[s.TimeLimitExceededMinTime:0.005]]
[2019.11.17-13.27.02:643][  0]LogConfig: Setting CVar [[s.UseBackgroundLevelStreaming:1]]
[2019.11.17-13.27.02:643][  0]LogConfig: Setting CVar [[s.PriorityAsyncLoadingExtraTime:15.0]]
[2019.11.17-13.27.02:643][  0]LogConfig: Setting CVar [[s.LevelStreamingActorsUpdateTimeLimit:5.0]]
[2019.11.17-13.27.02:643][  0]LogConfig: Setting CVar [[s.PriorityLevelStreamingActorsUpdateExtraTime:5.0]]
[2019.11.17-13.27.02:643][  0]LogConfig: Setting CVar [[s.LevelStreamingComponentsRegistrationGranularity:10]]
[2019.11.17-13.27.02:643][  0]LogConfig: Setting CVar [[s.UnregisterComponentsTimeLimit:1.0]]
[2019.11.17-13.27.02:644][  0]LogConfig: Setting CVar [[s.LevelStreamingComponentsUnregistrationGranularity:5]]
[2019.11.17-13.27.02:644][  0]LogConfig: Applying CVar settings from Section [/Script/Engine.GarbageCollectionSettings] File [C:/Users/Marvin Vihman/Desktop/Ülikooli asjad/Computer Graphics/TheWalkingMan/Saved/Config/Windows/Engine.ini]
[2019.11.17-13.27.02:644][  0]LogConfig: Setting CVar [[gc.MaxObjectsNotConsideredByGC:1]]
[2019.11.17-13.27.02:644][  0]LogConfig: Setting CVar [[gc.SizeOfPermanentObjectPool:0]]
[2019.11.17-13.27.02:644][  0]LogConfig: Setting CVar [[gc.FlushStreamingOnGC:0]]
[2019.11.17-13.27.02:644][  0]LogConfig: Setting CVar [[gc.NumRetriesBeforeForcingGC:10]]
[2019.11.17-13.27.02:644][  0]LogConfig: Setting CVar [[gc.AllowParallelGC:1]]
[2019.11.17-13.27.02:644][  0]LogConfig: Setting CVar [[gc.TimeBetweenPurgingPendingKillObjects:61.1]]
[2019.11.17-13.27.02:644][  0]LogConfig: Setting CVar [[gc.MaxObjectsInEditor:16777216]]
[2019.11.17-13.27.02:644][  0]LogConfig: Setting CVar [[gc.IncrementalBeginDestroyEnabled:1]]
[2019.11.17-13.27.02:644][  0]LogConfig: Setting CVar [[gc.CreateGCClusters:1]]
[2019.11.17-13.27.02:644][  0]LogConfig: Setting CVar [[gc.MinGCClusterSize:5]]
[2019.11.17-13.27.02:644][  0]LogConfig: Setting CVar [[gc.ActorClusteringEnabled:0]]
[2019.11.17-13.27.02:644][  0]LogConfig: Setting CVar [[gc.BlueprintClusteringEnabled:0]]
[2019.11.17-13.27.02:644][  0]LogConfig: Setting CVar [[gc.UseDisregardForGCOnDedicatedServers:0]]
[2019.11.17-13.27.02:644][  0]LogConfig: Applying CVar settings from Section [/Script/Engine.NetworkSettings] File [C:/Users/Marvin Vihman/Desktop/Ülikooli asjad/Computer Graphics/TheWalkingMan/Saved/Config/Windows/Engine.ini]
[2019.11.17-13.27.02:644][  0]LogConfig: Applying CVar settings from Section [/Script/UnrealEd.CookerSettings] File [C:/Users/Marvin Vihman/Desktop/Ülikooli asjad/Computer Graphics/TheWalkingMan/Saved/Config/Windows/Engine.ini]
[2019.11.17-13.27.02:648][  0]LogConfig: Applying CVar settings from Section [ViewDistanceQuality@3] File [C:/Users/Marvin Vihman/Desktop/Ülikooli asjad/Computer Graphics/TheWalkingMan/Saved/Config/Windows/Scalability.ini]
[2019.11.17-13.27.02:648][  0]LogConfig: Setting CVar [[r.SkeletalMeshLODBias:0]]
[2019.11.17-13.27.02:648][  0]LogConfig: Setting CVar [[r.ViewDistanceScale:1.0]]
[2019.11.17-13.27.02:648][  0]LogConfig: Applying CVar settings from Section [AntiAliasingQuality@3] File [C:/Users/Marvin Vihman/Desktop/Ülikooli asjad/Computer Graphics/TheWalkingMan/Saved/Config/Windows/Scalability.ini]
[2019.11.17-13.27.02:648][  0]LogConfig: Setting CVar [[r.PostProcessAAQuality:4]]
[2019.11.17-13.27.02:648][  0]LogConfig: Applying CVar settings from Section [ShadowQuality@3] File [C:/Users/Marvin Vihman/Desktop/Ülikooli asjad/Computer Graphics/TheWalkingMan/Saved/Config/Windows/Scalability.ini]
[2019.11.17-13.27.02:648][  0]LogConfig: Setting CVar [[r.LightFunctionQuality:1]]
[2019.11.17-13.27.02:648][  0]LogConfig: Setting CVar [[r.ShadowQuality:5]]
[2019.11.17-13.27.02:648][  0]LogConfig: Setting CVar [[r.Shadow.CSM.MaxCascades:10]]
[2019.11.17-13.27.02:648][  0]LogConfig: Setting CVar [[r.Shadow.MaxResolution:2048]]
[2019.11.17-13.27.02:648][  0]LogConfig: Setting CVar [[r.Shadow.MaxCSMResolution:2048]]
[2019.11.17-13.27.02:648][  0]LogConfig: Setting CVar [[r.Shadow.RadiusThreshold:0.01]]
[2019.11.17-13.27.02:648][  0]LogConfig: Setting CVar [[r.Shadow.DistanceScale:1.0]]
[2019.11.17-13.27.02:648][  0]LogConfig: Setting CVar [[r.Shadow.CSM.TransitionScale:1.0]]
[2019.11.17-13.27.02:649][  0]LogConfig: Setting CVar [[r.Shadow.PreShadowResolutionFactor:1.0]]
[2019.11.17-13.27.02:649][  0]LogConfig: Setting CVar [[r.DistanceFieldShadowing:1]]
[2019.11.17-13.27.02:649][  0]LogConfig: Setting CVar [[r.DistanceFieldAO:1]]
[2019.11.17-13.27.02:649][  0]LogConfig: Setting CVar [[r.AOQuality:2]]
[2019.11.17-13.27.02:649][  0]LogConfig: Setting CVar [[r.VolumetricFog:1]]
[2019.11.17-13.27.02:649][  0]LogConfig: Setting CVar [[r.VolumetricFog.GridPixelSize:8]]
[2019.11.17-13.27.02:649][  0]LogConfig: Setting CVar [[r.VolumetricFog.GridSizeZ:128]]
[2019.11.17-13.27.02:649][  0]LogConfig: Setting CVar [[r.VolumetricFog.HistoryMissSupersampleCount:4]]
[2019.11.17-13.27.02:649][  0]LogConfig: Setting CVar [[r.LightMaxDrawDistanceScale:1]]
[2019.11.17-13.27.02:649][  0]LogConfig: Setting CVar [[r.CapsuleShadows:1]]
[2019.11.17-13.27.02:649][  0]LogConfig: Applying CVar settings from Section [PostProcessQuality@3] File [C:/Users/Marvin Vihman/Desktop/Ülikooli asjad/Computer Graphics/TheWalkingMan/Saved/Config/Windows/Scalability.ini]
[2019.11.17-13.27.02:649][  0]LogConfig: Setting CVar [[r.MotionBlurQuality:4]]
[2019.11.17-13.27.02:649][  0]LogConfig: Setting CVar [[r.AmbientOcclusionMipLevelFactor:0.4]]
[2019.11.17-13.27.02:649][  0]LogConfig: Setting CVar [[r.AmbientOcclusionMaxQuality:100]]
[2019.11.17-13.27.02:649][  0]LogConfig: Setting CVar [[r.AmbientOcclusionLevels:-1]]
[2019.11.17-13.27.02:649][  0]LogConfig: Setting CVar [[r.AmbientOcclusionRadiusScale:1.0]]
[2019.11.17-13.27.02:649][  0]LogConfig: Setting CVar [[r.DepthOfFieldQuality:2]]
[2019.11.17-13.27.02:649][  0]LogConfig: Setting CVar [[r.RenderTargetPoolMin:400]]
[2019.11.17-13.27.02:649][  0]LogConfig: Setting CVar [[r.LensFlareQuality:2]]
[2019.11.17-13.27.02:649][  0]LogConfig: Setting CVar [[r.SceneColorFringeQuality:1]]
[2019.11.17-13.27.02:649][  0]LogConfig: Setting CVar [[r.EyeAdaptationQuality:2]]
[2019.11.17-13.27.02:649][  0]LogConfig: Setting CVar [[r.BloomQuality:5]]
[2019.11.17-13.27.02:649][  0]LogConfig: Setting CVar [[r.FastBlurThreshold:100]]
[2019.11.17-13.27.02:649][  0]LogConfig: Setting CVar [[r.Upscale.Quality:3]]
[2019.11.17-13.27.02:649][  0]LogConfig: Setting CVar [[r.Tonemapper.GrainQuantization:1]]
[2019.11.17-13.27.02:649][  0]LogConfig: Setting CVar [[r.LightShaftQuality:1]]
[2019.11.17-13.27.02:649][  0]LogConfig: Setting CVar [[r.Filter.SizeScale:1]]
[2019.11.17-13.27.02:649][  0]LogConfig: Setting CVar [[r.Tonemapper.Quality:5]]
[2019.11.17-13.27.02:649][  0]LogConfig: Setting CVar [[r.DOF.Gather.AccumulatorQuality:1        ; higher gathering accumulator quality]]
[2019.11.17-13.27.02:649][  0]LogConfig: Setting CVar [[r.DOF.Gather.PostfilterMethod:1          ; Median3x3 postfilering method]]
[2019.11.17-13.27.02:649][  0]LogConfig: Setting CVar [[r.DOF.Gather.EnableBokehSettings:0       ; no bokeh simulation when gathering]]
[2019.11.17-13.27.02:649][  0]LogConfig: Setting CVar [[r.DOF.Gather.RingCount:4                 ; medium number of samples when gathering]]
[2019.11.17-13.27.02:649][  0]LogConfig: Setting CVar [[r.DOF.Scatter.ForegroundCompositing:1    ; additive foreground scattering]]
[2019.11.17-13.27.02:649][  0]LogConfig: Setting CVar [[r.DOF.Scatter.BackgroundCompositing:2    ; additive background scattering]]
[2019.11.17-13.27.02:649][  0]LogConfig: Setting CVar [[r.DOF.Scatter.EnableBokehSettings:1      ; bokeh simulation when scattering]]
[2019.11.17-13.27.02:649][  0]LogConfig: Setting CVar [[r.DOF.Scatter.MaxSpriteRatio:0.1         ; only a maximum of 10% of scattered bokeh]]
[2019.11.17-13.27.02:649][  0]LogConfig: Setting CVar [[r.DOF.Recombine.Quality:1                ; cheap slight out of focus]]
[2019.11.17-13.27.02:649][  0]LogConfig: Setting CVar [[r.DOF.Recombine.EnableBokehSettings:0    ; no bokeh simulation on slight out of focus]]
[2019.11.17-13.27.02:649][  0]LogConfig: Setting CVar [[r.DOF.TemporalAAQuality:1                ; more stable temporal accumulation]]
[2019.11.17-13.27.02:649][  0]LogConfig: Setting CVar [[r.DOF.Kernel.MaxForegroundRadius:0.025]]
[2019.11.17-13.27.02:649][  0]LogConfig: Setting CVar [[r.DOF.Kernel.MaxBackgroundRadius:0.025]]
[2019.11.17-13.27.02:649][  0]LogConfig: Applying CVar settings from Section [TextureQuality@3] File [C:/Users/Marvin Vihman/Desktop/Ülikooli asjad/Computer Graphics/TheWalkingMan/Saved/Config/Windows/Scalability.ini]
[2019.11.17-13.27.02:649][  0]LogConfig: Setting CVar [[r.Streaming.MipBias:0]]
[2019.11.17-13.27.02:649][  0]LogConfig: Setting CVar [[r.Streaming.AmortizeCPUToGPUCopy:0]]
[2019.11.17-13.27.02:649][  0]LogConfig: Setting CVar [[r.Streaming.MaxNumTexturesToStreamPerFrame:0]]
[2019.11.17-13.27.02:649][  0]LogConfig: Setting CVar [[r.Streaming.Boost:1]]
[2019.11.17-13.27.02:650][  0]LogConfig: Setting CVar [[r.MaxAnisotropy:8]]
[2019.11.17-13.27.02:650][  0]LogConfig: Setting CVar [[r.Streaming.LimitPoolSizeToVRAM:0]]
[2019.11.17-13.27.02:650][  0]LogConfig: Setting CVar [[r.Streaming.PoolSize:1000]]
[2019.11.17-13.27.02:650][  0]LogConfig: Setting CVar [[r.Streaming.MaxEffectiveScreenSize:0]]
[2019.11.17-13.27.02:650][  0]LogConfig: Applying CVar settings from Section [EffectsQuality@3] File [C:/Users/Marvin Vihman/Desktop/Ülikooli asjad/Computer Graphics/TheWalkingMan/Saved/Config/Windows/Scalability.ini]
[2019.11.17-13.27.02:650][  0]LogConfig: Setting CVar [[r.TranslucencyLightingVolumeDim:64]]
[2019.11.17-13.27.02:650][  0]LogConfig: Setting CVar [[r.RefractionQuality:2]]
[2019.11.17-13.27.02:650][  0]LogConfig: Setting CVar [[r.SSR.Quality:3]]
[2019.11.17-13.27.02:650][  0]LogConfig: Setting CVar [[r.SceneColorFormat:4]]
[2019.11.17-13.27.02:650][  0]LogConfig: Setting CVar [[r.DetailMode:2]]
[2019.11.17-13.27.02:650][  0]LogConfig: Setting CVar [[r.TranslucencyVolumeBlur:1]]
[2019.11.17-13.27.02:650][  0]LogConfig: Setting CVar [[r.MaterialQualityLevel:1 ; High quality]]
[2019.11.17-13.27.02:650][  0]LogConfig: Setting CVar [[r.SSS.Scale:1]]
[2019.11.17-13.27.02:650][  0]LogConfig: Setting CVar [[r.SSS.SampleSet:2]]
[2019.11.17-13.27.02:650][  0]LogConfig: Setting CVar [[r.SSS.Quality:1]]
[2019.11.17-13.27.02:650][  0]LogConfig: Setting CVar [[r.SSS.HalfRes:1]]
[2019.11.17-13.27.02:650][  0]LogConfig: Setting CVar [[r.EmitterSpawnRateScale:1.0]]
[2019.11.17-13.27.02:650][  0]LogConfig: Setting CVar [[r.ParticleLightQuality:2]]
[2019.11.17-13.27.02:650][  0]LogConfig: Applying CVar settings from Section [FoliageQuality@3] File [C:/Users/Marvin Vihman/Desktop/Ülikooli asjad/Computer Graphics/TheWalkingMan/Saved/Config/Windows/Scalability.ini]
[2019.11.17-13.27.02:650][  0]LogConfig: Setting CVar [[foliage.DensityScale:1.0]]
[2019.11.17-13.27.02:650][  0]LogConfig: Setting CVar [[grass.DensityScale:1.0]]
[2019.11.17-13.27.02:650][  0]LogInit: Selected Device Profile: [Windows]
[2019.11.17-13.27.02:650][  0]LogInit: Applying CVar settings loaded from the selected device profile: [Windows]
[2019.11.17-13.27.02:653][  0]LogHAL: Display: Platform has ~ 16 GB [17015451648 / 17179869184 / 16], which maps to Larger [LargestMinGB=32, LargerMinGB=12, DefaultMinGB=8, SmallerMinGB=6, SmallestMinGB=0)
[2019.11.17-13.27.02:653][  0]LogInit: Going up to parent DeviceProfile []
[2019.11.17-13.27.02:653][  0]LogConfig: Applying CVar settings from Section [ViewDistanceQuality@0] File [C:/Users/Marvin Vihman/Desktop/Ülikooli asjad/Computer Graphics/TheWalkingMan/Saved/Config/Windows/Scalability.ini]
[2019.11.17-13.27.02:653][  0]LogConfig: Setting CVar [[r.SkeletalMeshLODBias:2]]
[2019.11.17-13.27.02:653][  0]LogConfig: Setting CVar [[r.ViewDistanceScale:0.4]]
[2019.11.17-13.27.02:653][  0]LogConfig: Applying CVar settings from Section [AntiAliasingQuality@0] File [C:/Users/Marvin Vihman/Desktop/Ülikooli asjad/Computer Graphics/TheWalkingMan/Saved/Config/Windows/Scalability.ini]
[2019.11.17-13.27.02:653][  0]LogConfig: Setting CVar [[r.PostProcessAAQuality:0]]
[2019.11.17-13.27.02:653][  0]LogConfig: Applying CVar settings from Section [ShadowQuality@0] File [C:/Users/Marvin Vihman/Desktop/Ülikooli asjad/Computer Graphics/TheWalkingMan/Saved/Config/Windows/Scalability.ini]
[2019.11.17-13.27.02:653][  0]LogConfig: Setting CVar [[r.LightFunctionQuality:0]]
[2019.11.17-13.27.02:653][  0]LogConfig: Setting CVar [[r.ShadowQuality:0]]
[2019.11.17-13.27.02:653][  0]LogConfig: Setting CVar [[r.Shadow.CSM.MaxCascades:1]]
[2019.11.17-13.27.02:653][  0]LogConfig: Setting CVar [[r.Shadow.MaxResolution:512]]
[2019.11.17-13.27.02:654][  0]LogConfig: Setting CVar [[r.Shadow.MaxCSMResolution:512]]
[2019.11.17-13.27.02:654][  0]LogConfig: Setting CVar [[r.Shadow.RadiusThreshold:0.06]]
[2019.11.17-13.27.02:654][  0]LogConfig: Setting CVar [[r.Shadow.DistanceScale:0.6]]
[2019.11.17-13.27.02:654][  0]LogConfig: Setting CVar [[r.Shadow.CSM.TransitionScale:0]]
[2019.11.17-13.27.02:654][  0]LogConfig: Setting CVar [[r.Shadow.PreShadowResolutionFactor:0.5]]
[2019.11.17-13.27.02:654][  0]LogConfig: Setting CVar [[r.DistanceFieldShadowing:0]]
[2019.11.17-13.27.02:654][  0]LogConfig: Setting CVar [[r.DistanceFieldAO:0]]
[2019.11.17-13.27.02:654][  0]LogConfig: Setting CVar [[r.VolumetricFog:0]]
[2019.11.17-13.27.02:654][  0]LogConfig: Setting CVar [[r.LightMaxDrawDistanceScale:0]]
[2019.11.17-13.27.02:654][  0]LogConfig: Setting CVar [[r.CapsuleShadows:0]]
[2019.11.17-13.27.02:654][  0]LogConfig: Applying CVar settings from Section [PostProcessQuality@0] File [C:/Users/Marvin Vihman/Desktop/Ülikooli asjad/Computer Graphics/TheWalkingMan/Saved/Config/Windows/Scalability.ini]
[2019.11.17-13.27.02:654][  0]LogConfig: Setting CVar [[r.MotionBlurQuality:0]]
[2019.11.17-13.27.02:654][  0]LogConfig: Setting CVar [[r.AmbientOcclusionMipLevelFactor:1.0]]
[2019.11.17-13.27.02:654][  0]LogConfig: Setting CVar [[r.AmbientOcclusionMaxQuality:0]]
[2019.11.17-13.27.02:654][  0]LogConfig: Setting CVar [[r.AmbientOcclusionLevels:0]]
[2019.11.17-13.27.02:654][  0]LogConfig: Setting CVar [[r.AmbientOcclusionRadiusScale:1.2]]
[2019.11.17-13.27.02:654][  0]LogConfig: Setting CVar [[r.DepthOfFieldQuality:0]]
[2019.11.17-13.27.02:654][  0]LogConfig: Setting CVar [[r.RenderTargetPoolMin:300]]
[2019.11.17-13.27.02:654][  0]LogConfig: Setting CVar [[r.LensFlareQuality:0]]
[2019.11.17-13.27.02:654][  0]LogConfig: Setting CVar [[r.SceneColorFringeQuality:0]]
[2019.11.17-13.27.02:654][  0]LogConfig: Setting CVar [[r.EyeAdaptationQuality:0]]
[2019.11.17-13.27.02:654][  0]LogConfig: Setting CVar [[r.BloomQuality:4]]
[2019.11.17-13.27.02:654][  0]LogConfig: Setting CVar [[r.FastBlurThreshold:0]]
[2019.11.17-13.27.02:654][  0]LogConfig: Setting CVar [[r.Upscale.Quality:1]]
[2019.11.17-13.27.02:654][  0]LogConfig: Setting CVar [[r.Tonemapper.GrainQuantization:0]]
[2019.11.17-13.27.02:654][  0]LogConfig: Setting CVar [[r.LightShaftQuality:0]]
[2019.11.17-13.27.02:654][  0]LogConfig: Setting CVar [[r.Filter.SizeScale:0.6]]
[2019.11.17-13.27.02:654][  0]LogConfig: Setting CVar [[r.Tonemapper.Quality:0]]
[2019.11.17-13.27.02:654][  0]LogConfig: Applying CVar settings from Section [TextureQuality@0] File [C:/Users/Marvin Vihman/Desktop/Ülikooli asjad/Computer Graphics/TheWalkingMan/Saved/Config/Windows/Scalability.ini]
[2019.11.17-13.27.02:654][  0]LogConfig: Setting CVar [[r.Streaming.MipBias:16]]
[2019.11.17-13.27.02:654][  0]LogConfig: Setting CVar [[r.Streaming.AmortizeCPUToGPUCopy:1]]
[2019.11.17-13.27.02:654][  0]LogConfig: Setting CVar [[r.Streaming.MaxNumTexturesToStreamPerFrame:1]]
[2019.11.17-13.27.02:654][  0]LogConfig: Setting CVar [[r.Streaming.Boost:0.3]]
[2019.11.17-13.27.02:654][  0]LogConfig: Setting CVar [[r.MaxAnisotropy:0]]
[2019.11.17-13.27.02:654][  0]LogConfig: Setting CVar [[r.Streaming.LimitPoolSizeToVRAM:1]]
[2019.11.17-13.27.02:654][  0]LogConfig: Setting CVar [[r.Streaming.PoolSize:400]]
[2019.11.17-13.27.02:654][  0]LogConfig: Setting CVar [[r.Streaming.MaxEffectiveScreenSize:0]]
[2019.11.17-13.27.02:654][  0]LogConfig: Applying CVar settings from Section [EffectsQuality@0] File [C:/Users/Marvin Vihman/Desktop/Ülikooli asjad/Computer Graphics/TheWalkingMan/Saved/Config/Windows/Scalability.ini]
[2019.11.17-13.27.02:654][  0]LogConfig: Setting CVar [[r.TranslucencyLightingVolumeDim:24]]
[2019.11.17-13.27.02:654][  0]LogConfig: Setting CVar [[r.RefractionQuality:0]]
[2019.11.17-13.27.02:654][  0]LogConfig: Setting CVar [[r.SSR.Quality:0]]
[2019.11.17-13.27.02:654][  0]LogConfig: Setting CVar [[r.SceneColorFormat:3]]
[2019.11.17-13.27.02:654][  0]LogConfig: Setting CVar [[r.DetailMode:0]]
[2019.11.17-13.27.02:654][  0]LogConfig: Setting CVar [[r.TranslucencyVolumeBlur:0]]
[2019.11.17-13.27.02:654][  0]LogConfig: Setting CVar [[r.MaterialQualityLevel:0 ; Low quality]]
[2019.11.17-13.27.02:654][  0]LogConfig: Setting CVar [[r.SSS.Scale:0]]
[2019.11.17-13.27.02:654][  0]LogConfig: Setting CVar [[r.SSS.SampleSet:0]]
[2019.11.17-13.27.02:654][  0]LogConfig: Setting CVar [[r.SSS.Quality:0]]
[2019.11.17-13.27.02:654][  0]LogConfig: Setting CVar [[r.SSS.HalfRes:1]]
[2019.11.17-13.27.02:654][  0]LogConfig: Setting CVar [[r.EmitterSpawnRateScale:0.125]]
[2019.11.17-13.27.02:654][  0]LogConfig: Setting CVar [[r.ParticleLightQuality:0]]
[2019.11.17-13.27.02:654][  0]LogConfig: Applying CVar settings from Section [FoliageQuality@0] File [C:/Users/Marvin Vihman/Desktop/Ülikooli asjad/Computer Graphics/TheWalkingMan/Saved/Config/Windows/Scalability.ini]
[2019.11.17-13.27.02:654][  0]LogConfig: Setting CVar [[foliage.DensityScale:0]]
[2019.11.17-13.27.02:654][  0]LogConfig: Setting CVar [[grass.DensityScale:0]]
[2019.11.17-13.27.02:654][  0]LogConfig: Applying CVar settings from Section [Startup] File [../../../Engine/Config/ConsoleVariables.ini]
[2019.11.17-13.27.02:654][  0]LogConfig: Setting CVar [[net.UseAdaptiveNetUpdateFrequency:0]]
[2019.11.17-13.27.02:654][  0]LogConfig: Setting CVar [[p.chaos.AllowCreatePhysxBodies:1]]
[2019.11.17-13.27.02:654][  0]LogConfig: Applying CVar settings from Section [ConsoleVariables] File [C:/Users/Marvin Vihman/Desktop/Ülikooli asjad/Computer Graphics/TheWalkingMan/Saved/Config/Windows/Engine.ini]
[2019.11.17-13.27.02:655][  0]LogInit: Computer: DESKTOP-C97I5QT
[2019.11.17-13.27.02:655][  0]LogInit: User: MarvinVihman
[2019.11.17-13.27.02:655][  0]LogInit: CPU Page size=4096, Cores=4
[2019.11.17-13.27.02:655][  0]LogInit: High frequency timer resolution =10.000000 MHz
[2019.11.17-13.27.02:655][  0]LogMemory: Memory total: Physical=15.8GB (16GB approx)
[2019.11.17-13.27.02:655][  0]LogMemory: Platform Memory Stats for Windows
[2019.11.17-13.27.02:655][  0]LogMemory: Process Physical Memory: 101.37 MB used, 101.37 MB peak
[2019.11.17-13.27.02:655][  0]LogMemory: Process Virtual Memory: 100.66 MB used, 100.66 MB peak
[2019.11.17-13.27.02:655][  0]LogMemory: Physical Memory: 5163.32 MB used,  11063.88 MB free, 16227.20 MB total
[2019.11.17-13.27.02:655][  0]LogMemory: Virtual Memory: 4668.50 MB used,  134213056.00 MB free, 134217728.00 MB total
[2019.11.17-13.27.02:658][  0]LogWindows: WindowsPlatformFeatures enabled
[2019.11.17-13.27.02:682][  0]LogInit: Using OS detected language (et-EE).
[2019.11.17-13.27.02:682][  0]LogInit: Using OS detected locale (et-EE).
[2019.11.17-13.27.02:682][  0]LogTextLocalizationManager: No localization for 'et-EE' exists, so 'en' will be used for the language.
[2019.11.17-13.27.02:862][  0]LogInit: Setting process to per monitor DPI aware
[2019.11.17-13.27.02:910][  0]LogSlate: New Slate User Created.  User Index 0, Is Virtual User: 0
[2019.11.17-13.27.02:910][  0]LogSlate: Slate User Registered.  User Index 0, Is Virtual User: 0
[2019.11.17-13.27.03:092][  0]LogHMD: Failed to initialize OpenVR with code 110
[2019.11.17-13.27.03:092][  0]LogD3D11RHI: D3D11 adapters:
[2019.11.17-13.27.03:149][  0]LogD3D11RHI:    0. 'Intel(R) UHD Graphics 620' (Feature Level 11_0)
[2019.11.17-13.27.03:149][  0]LogD3D11RHI:       128/0/8113 MB DedicatedVideo/DedicatedSystem/SharedSystem, Outputs:2, VendorId:0x8086
[2019.11.17-13.27.03:152][  0]LogD3D11RHI:    1. 'Microsoft Basic Render Driver' (Feature Level 11_0)
[2019.11.17-13.27.03:152][  0]LogD3D11RHI:       0/0/8113 MB DedicatedVideo/DedicatedSystem/SharedSystem, Outputs:0, VendorId:0x1414
[2019.11.17-13.27.03:152][  0]LogD3D11RHI: Chosen D3D11 Adapter: 0
[2019.11.17-13.27.03:158][  0]LogD3D11RHI: Creating new Direct3DDevice
[2019.11.17-13.27.03:158][  0]LogD3D11RHI:     GPU DeviceId: 0x5917 (for the marketing name, search the web for "GPU Device Id")
[2019.11.17-13.27.03:158][  0]LogWindows: EnumDisplayDevices:
[2019.11.17-13.27.03:158][  0]LogWindows:    0. 'Intel(R) UHD Graphics 620' (P:1 D:1)
[2019.11.17-13.27.03:159][  0]LogWindows:    1. 'Intel(R) UHD Graphics 620' (P:0 D:1)
[2019.11.17-13.27.03:159][  0]LogWindows:    2. 'Intel(R) UHD Graphics 620' (P:0 D:0)
[2019.11.17-13.27.03:159][  0]LogWindows: DebugString: FoundDriverCount:3 
[2019.11.17-13.27.03:159][  0]LogD3D11RHI:     Adapter Name: Intel(R) UHD Graphics 620
[2019.11.17-13.27.03:159][  0]LogD3D11RHI:   Driver Version: 26.20.100.7262 (internal:26.20.100.7262, unified:26.20.100.7262)
[2019.11.17-13.27.03:159][  0]LogD3D11RHI:      Driver Date: 9-25-2019
[2019.11.17-13.27.03:159][  0]LogRHI: Texture pool is 1523 MB (70% of 2176 MB)
[2019.11.17-13.27.03:278][  0]LogD3D11RHI: [IntelMetricsDiscovery] Started
[2019.11.17-13.27.03:278][  0]LogD3D11RHI: Async texture creation enabled
[2019.11.17-13.27.03:284][  0]LogD3D11RHI: GPU Timing Frequency: 12.000048 (Debug: 2 0)
[2019.11.17-13.27.03:662][  0]LogTemp: Display: Module 'AllDesktopTargetPlatform' loaded TargetPlatform 'AllDesktop'
[2019.11.17-13.27.03:671][  0]LogTemp: Display: Module 'MacClientTargetPlatform' loaded TargetPlatform 'MacClient'
[2019.11.17-13.27.03:680][  0]LogTemp: Display: Module 'MacNoEditorTargetPlatform' loaded TargetPlatform 'MacNoEditor'
[2019.11.17-13.27.03:689][  0]LogTemp: Display: Module 'MacServerTargetPlatform' loaded TargetPlatform 'MacServer'
[2019.11.17-13.27.03:697][  0]LogTemp: Display: Module 'MacTargetPlatform' loaded TargetPlatform 'Mac'
[2019.11.17-13.27.03:707][  0]LogTemp: Display: Module 'WindowsClientTargetPlatform' loaded TargetPlatform 'WindowsClient'
[2019.11.17-13.27.03:716][  0]LogTemp: Display: Module 'WindowsNoEditorTargetPlatform' loaded TargetPlatform 'WindowsNoEditor'
[2019.11.17-13.27.03:725][  0]LogTemp: Display: Module 'WindowsServerTargetPlatform' loaded TargetPlatform 'WindowsServer'
[2019.11.17-13.27.03:729][  0]LogTemp: Display: Module 'WindowsTargetPlatform' loaded TargetPlatform 'Windows'
[2019.11.17-13.27.03:762][  0]LogTemp: Display: Module 'AndroidTargetPlatform' loaded TargetPlatform 'Android'
[2019.11.17-13.27.03:762][  0]LogTemp: Display: Module 'AndroidTargetPlatform' loaded TargetPlatform 'Android_ASTC'
[2019.11.17-13.27.03:762][  0]LogTemp: Display: Module 'AndroidTargetPlatform' loaded TargetPlatform 'Android_ATC'
[2019.11.17-13.27.03:762][  0]LogTemp: Display: Module 'AndroidTargetPlatform' loaded TargetPlatform 'Android_DXT'
[2019.11.17-13.27.03:762][  0]LogTemp: Display: Module 'AndroidTargetPlatform' loaded TargetPlatform 'Android_ETC1'
[2019.11.17-13.27.03:763][  0]LogTemp: Display: Module 'AndroidTargetPlatform' loaded TargetPlatform 'Android_ETC1a'
[2019.11.17-13.27.03:763][  0]LogTemp: Display: Module 'AndroidTargetPlatform' loaded TargetPlatform 'Android_ETC2'
[2019.11.17-13.27.03:763][  0]LogTemp: Display: Module 'AndroidTargetPlatform' loaded TargetPlatform 'Android_PVRTC'
[2019.11.17-13.27.03:763][  0]LogTemp: Display: Module 'AndroidTargetPlatform' loaded TargetPlatform 'AndroidClient'
[2019.11.17-13.27.03:763][  0]LogTemp: Display: Module 'AndroidTargetPlatform' loaded TargetPlatform 'Android_ASTCClient'
[2019.11.17-13.27.03:763][  0]LogTemp: Display: Module 'AndroidTargetPlatform' loaded TargetPlatform 'Android_ATCClient'
[2019.11.17-13.27.03:763][  0]LogTemp: Display: Module 'AndroidTargetPlatform' loaded TargetPlatform 'Android_DXTClient'
[2019.11.17-13.27.03:763][  0]LogTemp: Display: Module 'AndroidTargetPlatform' loaded TargetPlatform 'Android_ETC1Client'
[2019.11.17-13.27.03:763][  0]LogTemp: Display: Module 'AndroidTargetPlatform' loaded TargetPlatform 'Android_ETC1aClient'
[2019.11.17-13.27.03:763][  0]LogTemp: Display: Module 'AndroidTargetPlatform' loaded TargetPlatform 'Android_ETC2Client'
[2019.11.17-13.27.03:763][  0]LogTemp: Display: Module 'AndroidTargetPlatform' loaded TargetPlatform 'Android_PVRTCClient'
[2019.11.17-13.27.03:763][  0]LogTemp: Display: Module 'AndroidTargetPlatform' loaded TargetPlatform 'Android_Multi'
[2019.11.17-13.27.03:763][  0]LogTemp: Display: Module 'AndroidTargetPlatform' loaded TargetPlatform 'Android_MultiClient'
[2019.11.17-13.27.03:764][  0]LogTemp: Display: Module 'HTML5TargetPlatform' loaded TargetPlatform 'HTML5'
[2019.11.17-13.27.03:782][  0]LogTemp: Display: Module 'IOSTargetPlatform' loaded TargetPlatform 'IOSClient'
[2019.11.17-13.27.03:782][  0]LogTemp: Display: Module 'IOSTargetPlatform' loaded TargetPlatform 'IOS'
[2019.11.17-13.27.03:796][  0]LogTemp: Display: Module 'TVOSTargetPlatform' loaded TargetPlatform 'TVOSClient'
[2019.11.17-13.27.03:796][  0]LogTemp: Display: Module 'TVOSTargetPlatform' loaded TargetPlatform 'TVOS'
[2019.11.17-13.27.03:804][  0]LogTemp: Display: Module 'LinuxClientTargetPlatform' loaded TargetPlatform 'LinuxClient'
[2019.11.17-13.27.03:811][  0]LogTemp: Display: Module 'LinuxNoEditorTargetPlatform' loaded TargetPlatform 'LinuxNoEditor'
[2019.11.17-13.27.03:818][  0]LogTemp: Display: Module 'LinuxServerTargetPlatform' loaded TargetPlatform 'LinuxServer'
[2019.11.17-13.27.03:826][  0]LogTemp: Display: Module 'LinuxTargetPlatform' loaded TargetPlatform 'Linux'
[2019.11.17-13.27.03:850][  0]LogTemp: Display: Module 'LuminTargetPlatform' loaded TargetPlatform 'Lumin'
[2019.11.17-13.27.03:850][  0]LogTemp: Display: Module 'LuminTargetPlatform' loaded TargetPlatform 'LuminClient'
[2019.11.17-13.27.03:850][  0]LogTargetPlatformManager: Display: Building Assets For Windows
[2019.11.17-13.27.03:859][  0]LogAudioDebug: Display: Lib vorbis DLL was dynamically loaded.
[2019.11.17-13.27.03:916][  0]LogShaderCompilers: Guid format shader working directory is -39 characters bigger than the processId version (../../../../../../Users/Marvin Vihman/Desktop/Ülikooli asjad/Computer Graphics/TheWalkingMan/Intermediate/Shaders/WorkingDirectory/34684/).
[2019.11.17-13.27.03:916][  0]LogShaderCompilers: Cleaned the shader compiler working directory 'C:/Users/Marvin Vihman/AppData/Local/Temp/UnrealShaderWorkingDir/1B969F7F47DC615C26EAA18694FB0C17/'.
[2019.11.17-13.27.03:919][  0]LogXGEController: Cleaning working directory: C:/Users/Marvin Vihman/AppData/Local/Temp/UnrealXGEWorkingDir/
[2019.11.17-13.27.03:919][  0]LogXGEController: Cannot use XGE Controller as Incredibuild is not installed on this machine.
[2019.11.17-13.27.03:919][  0]LogShaderCompilers: Cannot use XGE Shader Compiler as Incredibuild is not installed on this machine.
[2019.11.17-13.27.03:919][  0]LogShaderCompilers: Display: Using Local Shader Compiler.
[2019.11.17-13.27.04:547][  0]LogDerivedDataCache: Display: Max Cache Size: 512 MB
[2019.11.17-13.27.04:609][  0]LogDerivedDataCache: Loaded boot cache 0.06s 78MB C:/Users/Marvin Vihman/AppData/Local/UnrealEngine/4.23/DerivedDataCache/Boot.ddc.
[2019.11.17-13.27.04:609][  0]LogDerivedDataCache: Display: Loaded Boot cache: C:/Users/Marvin Vihman/AppData/Local/UnrealEngine/4.23/DerivedDataCache/Boot.ddc
[2019.11.17-13.27.04:609][  0]LogDerivedDataCache: FDerivedDataBackendGraph:  Pak pak cache file ../../../../../../Users/Marvin Vihman/Desktop/Ülikooli asjad/Computer Graphics/TheWalkingMan/DerivedDataCache/DDC.ddp not found, will not use a pak cache.
[2019.11.17-13.27.04:609][  0]LogDerivedDataCache: Unable to find inner node Pak for hierarchical cache Hierarchy.
[2019.11.17-13.27.04:610][  0]LogDerivedDataCache: FDerivedDataBackendGraph:  CompressedPak pak cache file ../../../../../../Users/Marvin Vihman/Desktop/Ülikooli asjad/Computer Graphics/TheWalkingMan/DerivedDataCache/Compressed.ddp not found, will not use a pak cache.
[2019.11.17-13.27.04:610][  0]LogDerivedDataCache: Unable to find inner node CompressedPak for hierarchical cache Hierarchy.
[2019.11.17-13.27.04:621][  0]LogDerivedDataCache: Display: Pak cache opened for reading ../../../Engine/DerivedDataCache/Compressed.ddp.
[2019.11.17-13.27.04:623][  0]LogDerivedDataCache: Display: Pak cache opened for reading ../../../Enterprise/DerivedDataCache/Compressed.ddp.
[2019.11.17-13.27.04:624][  0]LogDerivedDataCache: Using Local data cache path C:/Users/Marvin Vihman/AppData/Local/UnrealEngine/Common/DerivedDataCache: Writable
[2019.11.17-13.27.04:624][  0]LogDerivedDataCache: Shared data cache path not found in *engine.ini, will not use an Shared cache.
[2019.11.17-13.27.04:624][  0]LogDerivedDataCache: Unable to find inner node Shared for hierarchical cache Hierarchy.
[2019.11.17-13.27.04:646][  0]LogMaterial: Verifying Global Shaders for PCD3D_SM5
[2019.11.17-13.27.04:650][  0]LogSlate: Using FreeType 2.6.0
[2019.11.17-13.27.04:650][  0]LogSlate: SlateFontServices - WITH_FREETYPE: 1, WITH_HARFBUZZ: 1
[2019.11.17-13.27.04:708][  0]LogAssetRegistry: FAssetRegistry took 0.0024 seconds to start up
[2019.11.17-13.27.04:995][  0]LogInit: Selected Device Profile: [Windows]
[2019.11.17-13.27.05:145][  0]LogMeshReduction: Using QuadricMeshReduction for automatic static mesh reduction
[2019.11.17-13.27.05:145][  0]LogMeshReduction: Using SimplygonMeshReduction for automatic skeletal mesh reduction
[2019.11.17-13.27.05:145][  0]LogMeshReduction: Using ProxyLODMeshReduction for automatic mesh merging
[2019.11.17-13.27.05:145][  0]LogMeshReduction: No distributed automatic mesh merging module available
[2019.11.17-13.27.05:145][  0]LogMeshMerging: No distributed automatic mesh merging module available
[2019.11.17-13.27.05:155][  0]LogNetVersion: TheWalkingMan 1.0.0, NetCL: 8386587, EngineNetVer: 11, GameNetVer: 0 (Checksum: 3455556331)
[2019.11.17-13.27.05:615][  0]LogPackageLocalizationCache: Processed 18 localized package path(s) for 1 prioritized culture(s) in 0.080740 seconds
[2019.11.17-13.27.05:623][  0]LogUObjectArray: 43444 objects as part of root set at end of initial load.
[2019.11.17-13.27.05:623][  0]LogUObjectAllocator: 7548648 out of 0 bytes used by permanent object pool.
[2019.11.17-13.27.05:623][  0]LogUObjectArray: CloseDisregardForGC: 0/0 objects in disregard for GC pool
[2019.11.17-13.27.06:531][  0]LogTcpMessaging: Initializing TcpMessaging bridge
[2019.11.17-13.27.06:535][  0]LogUdpMessaging: Initializing bridge on interface 0.0.0.0:0 to multicast group 230.0.0.1:6666.
[2019.11.17-13.27.06:721][  0]SourceControl: Source control is disabled
[2019.11.17-13.27.06:721][  0]SourceControl: Source control is disabled
[2019.11.17-13.27.06:723][  0]SourceControl: Source control is disabled
[2019.11.17-13.27.06:724][  0]SourceControl: Source control is disabled
[2019.11.17-13.27.06:888][  0]LogAndroidPermission: UAndroidPermissionCallbackProxy::GetInstance
[2019.11.17-13.27.06:992][  0]LogOcInput: OculusInput pre-init called
[2019.11.17-13.27.06:999][  0]LogWindows: Failed to load 'OVRPlugin.dll' (GetLastError=126)
[2019.11.17-13.27.06:999][  0]LogWindows: File 'OVRPlugin.dll' does not exist
[2019.11.17-13.27.10:219][  0]LogEngine: Initializing Engine...
[2019.11.17-13.27.10:220][  0]LogHMD: Failed to initialize OpenVR with code 110
[2019.11.17-13.27.10:221][  0]LogStats: UGameplayTagsManager::InitializeManager -  0.000 s
[2019.11.17-13.27.10:459][  0]LogInit: Initializing FReadOnlyCVARCache
[2019.11.17-13.27.10:488][  0]LogAIModule: Creating AISystem for world Untitled
[2019.11.17-13.27.10:504][  0]LogInit: XAudio2 using 'kõrvaklapid (Conexant ISST Audio)' : 2 channels at 48 kHz using 32 bits per sample (channel mask 0x3)
[2019.11.17-13.27.10:563][  0]LogInit: FAudioDevice initialized.
[2019.11.17-13.27.10:563][  0]LogNetVersion: Set ProjectVersion to 1.0.0.0. Version Checksum will be recalculated on next use.
[2019.11.17-13.27.10:640][  0]LogDerivedDataCache: Saved boot cache 0.08s 78MB C:/Users/Marvin Vihman/AppData/Local/UnrealEngine/4.23/DerivedDataCache/Boot.ddc.
[2019.11.17-13.27.10:649][  0]LogInit: Texture streaming: Enabled
[2019.11.17-13.27.10:674][  0]LogEngineSessionManager: EngineSessionManager initialized
[2019.11.17-13.27.10:674][  0]LogEditorSessionSummary: Verbose: Initializing EditorSessionSummaryWriter for editor session tracking
[2019.11.17-13.27.10:675][  0]LogEditorSessionSummary: EditorSessionSummaryWriter initialized
[2019.11.17-13.27.10:745][  0]LogInit: Transaction tracking system initialized
[2019.11.17-13.27.10:781][  0]BlueprintLog: New page: Editor Load
[2019.11.17-13.27.10:862][  0]LocalizationService: Localization service is disabled
[2019.11.17-13.27.11:155][  0]LogFileCache: Scanning file cache for directory 'C:/Users/Marvin Vihman/Desktop/Ülikooli asjad/Computer Graphics/TheWalkingMan/Content/' took 0.00s
[2019.11.17-13.27.11:155][  0]LogCook: Display: Max memory allowance for cook 16384mb min free memory 0mb
[2019.11.17-13.27.11:155][  0]LogCook: Display: Mobile HDR setting 1
[2019.11.17-13.27.12:682][  0]SourceControl: Source control is disabled
[2019.11.17-13.27.12:683][  0]LightingResults: New page: Lighting Build
[2019.11.17-13.27.12:686][  0]LogWorld: UWorld::CleanupWorld for Untitled, bSessionEnded=true, bCleanupResources=true
[2019.11.17-13.27.12:686][  0]MapCheck: New page: Map Check
[2019.11.17-13.27.12:686][  0]LightingResults: New page: Lighting Build
[2019.11.17-13.27.12:716][  0]LogUObjectHash: Compacting FUObjectHashTables data took   2.29ms
[2019.11.17-13.27.12:996][  0]LogAIModule: Creating AISystem for world ThirdPersonExampleMap
[2019.11.17-13.27.13:065][  0]LogEditorServer: Finished looking for orphan Actors (0.000 secs)
[2019.11.17-13.27.13:147][  0]LogUObjectHash: Compacting FUObjectHashTables data took   2.17ms
[2019.11.17-13.27.13:147][  0]Cmd: MAP CHECKDEP NOCLEARLOG
[2019.11.17-13.27.13:148][  0]MapCheck: Map check complete: 0 Error(s), 0 Warning(s), took 0,171ms to complete.
[2019.11.17-13.27.13:148][  0]LogFileHelpers: Loading map 'ThirdPersonExampleMap' took 0.466
[2019.11.17-13.27.13:278][  0]LogSlate: Updating window title bar state: overlay mode, drag disabled, window buttons hidden, title bar hidden
[2019.11.17-13.27.13:285][  0]LogSlate: Updating window title bar state: overlay mode, drag disabled, window buttons hidden, title bar hidden
[2019.11.17-13.27.13:292][  0]LogSlate: Updating window title bar state: overlay mode, drag disabled, window buttons hidden, title bar hidden
[2019.11.17-13.27.13:299][  0]LogSlate: Updating window title bar state: overlay mode, drag disabled, window buttons hidden, title bar hidden
[2019.11.17-13.27.13:308][  0]LogCollectionManager: Loaded 0 collections in 0.002061 seconds
[2019.11.17-13.27.13:314][  0]LogFileCache: Scanning file cache for directory 'C:/Users/Marvin Vihman/Desktop/Ülikooli asjad/Computer Graphics/TheWalkingMan/Saved/Collections/' took 0.00s
[2019.11.17-13.27.13:314][  0]LogFileCache: Scanning file cache for directory 'C:/Users/Marvin Vihman/Desktop/Ülikooli asjad/Computer Graphics/TheWalkingMan/Content/Developers/MarvinVihman/Collections/' took 0.00s
[2019.11.17-13.27.13:314][  0]LogFileCache: Scanning file cache for directory 'C:/Users/Marvin Vihman/Desktop/Ülikooli asjad/Computer Graphics/TheWalkingMan/Content/Collections/' took 0.00s
[2019.11.17-13.27.13:314][  0]LogCollectionManager: Rebuilt the GUID cache for 0 collections in 0.000002 seconds
[2019.11.17-13.27.13:323][  0]LogContentBrowser: Native class hierarchy populated in 0.0092 seconds. Added 3047 classes and 767 folders.
[2019.11.17-13.27.13:331][  0]LogContentBrowser: Native class hierarchy updated for 'WidgetCarousel' in 0.0003 seconds. Added 0 classes and 0 folders.
[2019.11.17-13.27.13:370][  0]LogContentBrowser: Native class hierarchy updated for 'AddContentDialog' in 0.0003 seconds. Added 0 classes and 0 folders.
[2019.11.17-13.27.13:374][  0]LogContentBrowser: Native class hierarchy updated for 'SceneOutliner' in 0.0003 seconds. Added 1 classes and 0 folders.
[2019.11.17-13.27.13:388][  0]LogSlate: Took 0.000160 seconds to synchronously load lazily loaded font '../../../Engine/Content/Slate/Fonts/Roboto-Regular.ttf' (155K)
[2019.11.17-13.27.13:390][  0]LogSlate: Took 0.000234 seconds to synchronously load lazily loaded font '../../../Engine/Content/Slate/Fonts/Roboto-Bold.ttf' (160K)
[2019.11.17-13.27.13:397][  0]LogSlate: Took 0.000199 seconds to synchronously load lazily loaded font '../../../Engine/Content/Editor/Slate/Fonts/FontAwesome.ttf' (139K)
[2019.11.17-13.27.13:472][  0]LogRenderer: Reallocating scene render targets to support 736x564 Format 9 NumSamples 1 (Frame:1).
[2019.11.17-13.27.13:595][  0]LogContentBrowser: Native class hierarchy updated for 'HierarchicalLODOutliner' in 0.0003 seconds. Added 0 classes and 0 folders.
[2019.11.17-13.27.13:595][  0]LogLoad: (Engine Initialization) Total time: 12.02 seconds
[2019.11.17-13.27.13:596][  0]LogLoad: (Engine Initialization) Total Blueprint compile time: 0.00 seconds
[2019.11.17-13.27.13:652][  0]LogAssetRegistry: Asset discovery search completed in 8.9443 seconds
[2019.11.17-13.27.13:655][  0]LogCollectionManager: Rebuilt the object cache for 0 collections in 0.000004 seconds (found 0 objects)
[2019.11.17-13.27.13:656][  0]LogCollectionManager: Fixed up redirectors for 0 collections in 0.000062 seconds (updated 0 objects)
[2019.11.17-13.27.13:657][  0]LogContentStreaming: Texture pool size now 400 MB
[2019.11.17-13.27.13:940][  0]LogSlate: Took 0.000153 seconds to synchronously load lazily loaded font '../../../Engine/Content/Slate/Fonts/Roboto-Light.ttf' (167K)
[2019.11.17-13.27.15:975][ 40]LogSlate: FSceneViewport::OnFocusLost() reason 0
[2019.11.17-13.27.42:461][578]LogUObjectHash: Compacting FUObjectHashTables data took   0.71ms
[2019.11.17-13.27.42:545][578]LogSlate: Window 'TheWalkingMan - Unreal Editor' being destroyed
[2019.11.17-13.27.42:547][578]LogWindowsTextInputMethodSystem: Display: IME system now deactivated.
[2019.11.17-13.27.42:550][578]LogWindowsTextInputMethodSystem: Display: IME system now deactivated.
[2019.11.17-13.27.42:655][579]Cmd: QUIT_EDITOR
[2019.11.17-13.27.42:689][579]LogExit: Preparing to exit.
[2019.11.17-13.27.43:569][579]LogWorld: UWorld::CleanupWorld for World_1, bSessionEnded=true, bCleanupResources=true
[2019.11.17-13.27.43:570][579]LogWorld: UWorld::CleanupWorld for World_0, bSessionEnded=true, bCleanupResources=true
[2019.11.17-13.27.43:580][579]LogDemo: Cleaned up 0 splitscreen connections with owner deletion
[2019.11.17-13.27.43:589][579]LogWorld: UWorld::CleanupWorld for None, bSessionEnded=true, bCleanupResources=true
[2019.11.17-13.27.43:589][579]LogExit: Editor shut down
[2019.11.17-13.27.43:590][579]LogExit: Transaction tracking system shut down
[2019.11.17-13.27.43:802][579]LogExit: Object subsystem successfully closed.
[2019.11.17-13.27.43:823][579]LogShaderCompilers: Display: Shaders left to compile 0
[2019.11.17-13.27.43:850][579]LogModuleManager: Shutting down and abandoning module HierarchicalLODOutliner (730)
[2019.11.17-13.27.43:850][579]LogModuleManager: Shutting down and abandoning module SceneOutliner (728)
[2019.11.17-13.27.43:850][579]LogModuleManager: Shutting down and abandoning module AddContentDialog (726)
[2019.11.17-13.27.43:851][579]LogModuleManager: Shutting down and abandoning module WidgetCarousel (725)
[2019.11.17-13.27.43:851][579]LogModuleManager: Shutting down and abandoning module EditorWidgets (722)
[2019.11.17-13.27.43:851][579]LogModuleManager: Shutting down and abandoning module CollectionManager (720)
[2019.11.17-13.27.43:851][579]LogModuleManager: Shutting down and abandoning module StatsViewer (718)
[2019.11.17-13.27.43:851][579]LogModuleManager: Shutting down and abandoning module VirtualTexturingEditor (716)
[2019.11.17-13.27.43:851][579]LogModuleManager: Shutting down and abandoning module FoliageEdit (714)
[2019.11.17-13.27.43:851][579]LogModuleManager: Shutting down and abandoning module LandscapeEditor (712)
[2019.11.17-13.27.43:851][579]LogModuleManager: Shutting down and abandoning module MeshPaintMode (710)
[2019.11.17-13.27.43:851][579]LogModuleManager: Shutting down and abandoning module SceneDepthPickerMode (708)
[2019.11.17-13.27.43:851][579]LogModuleManager: Shutting down and abandoning module ActorPickerMode (706)
[2019.11.17-13.27.43:851][579]LogModuleManager: Shutting down and abandoning module GeometryMode (704)
[2019.11.17-13.27.43:851][579]LogModuleManager: Shutting down and abandoning module TextureAlignMode (702)
[2019.11.17-13.27.43:851][579]LogModuleManager: Shutting down and abandoning module BspMode (700)
[2019.11.17-13.27.43:851][579]LogModuleManager: Shutting down and abandoning module PIEPreviewDeviceProfileSelector (698)
[2019.11.17-13.27.43:851][579]LogModuleManager: Shutting down and abandoning module SequenceRecorderSections (696)
[2019.11.17-13.27.43:851][579]LogModuleManager: Shutting down and abandoning module AutomationWorker (694)
[2019.11.17-13.27.43:851][579]LogModuleManager: Shutting down and abandoning module DatasmithFBXImporter (692)
[2019.11.17-13.27.43:851][579]LogModuleManager: Shutting down and abandoning module DatasmithDeltaGenImporter (690)
[2019.11.17-13.27.43:851][579]LogModuleManager: Shutting down and abandoning module DatasmithVREDImporter (688)
[2019.11.17-13.27.43:851][579]LogModuleManager: Shutting down and abandoning module OculusMR (686)
[2019.11.17-13.27.43:851][579]LogModuleManager: Shutting down and abandoning module AudioCaptureEditor (684)
[2019.11.17-13.27.43:851][579]LogModuleManager: Shutting down and abandoning module MatineeToLevelSequence (682)
[2019.11.17-13.27.43:851][579]LogModuleManager: Shutting down and abandoning module LevelSequenceEditor (680)
[2019.11.17-13.27.43:851][579]LogModuleManager: Shutting down and abandoning module PlacementMode (679)
[2019.11.17-13.27.43:852][579]LogModuleManager: Shutting down and abandoning module MaterialEditor (678)
[2019.11.17-13.27.43:852][579]LogModuleManager: Shutting down and abandoning module ActorSequenceEditor (674)
[2019.11.17-13.27.43:852][579]LogModuleManager: Shutting down and abandoning module WmfMediaFactory (672)
[2019.11.17-13.27.43:852][579]LogModuleManager: Shutting down and abandoning module WmfMediaEditor (670)
[2019.11.17-13.27.43:852][579]LogModuleManager: Shutting down and abandoning module WebMMediaFactory (668)
[2019.11.17-13.27.43:852][579]LogModuleManager: Shutting down and abandoning module WebMMediaEditor (666)
[2019.11.17-13.27.43:852][579]LogModuleManager: Shutting down and abandoning module WebMMedia (664)
[2019.11.17-13.27.43:852][579]LogModuleManager: Shutting down and abandoning module MediaPlayerEditor (662)
[2019.11.17-13.27.43:852][579]LogModuleManager: Shutting down and abandoning module MediaCompositingEditor (660)
[2019.11.17-13.27.43:852][579]LogModuleManager: Shutting down and abandoning module SequenceRecorder (659)
[2019.11.17-13.27.43:852][579]LogModuleManager: Shutting down and abandoning module OpenExrWrapper (656)
[2019.11.17-13.27.43:852][579]LogModuleManager: Shutting down and abandoning module ImgMediaFactory (654)
[2019.11.17-13.27.43:852][579]LogModuleManager: Shutting down and abandoning module ImgMediaEditor (652)
[2019.11.17-13.27.43:852][579]LogModuleManager: Shutting down and abandoning module AvfMediaFactory (650)
[2019.11.17-13.27.43:852][579]LogModuleManager: Shutting down and abandoning module AvfMediaEditor (648)
[2019.11.17-13.27.43:852][579]LogModuleManager: Shutting down and abandoning module AndroidMediaFactory (646)
[2019.11.17-13.27.43:852][579]LogModuleManager: Shutting down and abandoning module AndroidMediaEditor (644)
[2019.11.17-13.27.43:852][579]LogModuleManager: Shutting down and abandoning module MagicLeapCameraPreviewFactory (642)
[2019.11.17-13.27.43:852][579]LogModuleManager: Shutting down and abandoning module MagicLeapMediaCodecFactory (640)
[2019.11.17-13.27.43:852][579]LogModuleManager: Shutting down and abandoning module MagicLeapMediaFactory (638)
[2019.11.17-13.27.43:852][579]LogModuleManager: Shutting down and abandoning module MagicLeapMediaEditor (636)
[2019.11.17-13.27.43:852][579]LogModuleManager: Shutting down and abandoning module CharacterAI (634)
[2019.11.17-13.27.43:852][579]LogModuleManager: Shutting down and abandoning module SmartSnapping (632)
[2019.11.17-13.27.43:852][579]LogModuleManager: Shutting down and abandoning module SessionServices (630)
[2019.11.17-13.27.43:852][579]LogModuleManager: Shutting down and abandoning module MeshPaint (628)
[2019.11.17-13.27.43:852][579]LogModuleManager: Shutting down and abandoning module ViewportSnapping (626)
[2019.11.17-13.27.43:852][579]LogModuleManager: Shutting down and abandoning module ViewportInteraction (624)
[2019.11.17-13.27.43:852][579]LogModuleManager: Shutting down and abandoning module ClothPainter (622)
[2019.11.17-13.27.43:852][579]LogModuleManager: Shutting down and abandoning module SkeletalMeshEditor (621)
[2019.11.17-13.27.43:852][579]LogModuleManager: Shutting down and abandoning module LogVisualizer (618)
[2019.11.17-13.27.43:852][579]LogModuleManager: Shutting down and abandoning module IntroTutorials (616)
[2019.11.17-13.27.43:852][579]LogModuleManager: Shutting down and abandoning module GameProjectGeneration (615)
[2019.11.17-13.27.43:852][579]LogModuleManager: Shutting down and abandoning module LuminPlatformEditor (612)
[2019.11.17-13.27.43:852][579]LogModuleManager: Shutting down and abandoning module IOSPlatformEditor (610)
[2019.11.17-13.27.43:852][579]LogModuleManager: Shutting down and abandoning module HTML5PlatformEditor (608)
[2019.11.17-13.27.43:852][579]LogModuleManager: Shutting down and abandoning module AndroidPlatformEditor (606)
[2019.11.17-13.27.43:852][579]LogModuleManager: Shutting down and abandoning module AndroidDeviceDetection (605)
[2019.11.17-13.27.43:925][579]LogModuleManager: Shutting down and abandoning module WindowsPlatformEditor (602)
[2019.11.17-13.27.43:925][579]LogModuleManager: Shutting down and abandoning module LuminRuntimeSettings (600)
[2019.11.17-13.27.43:925][579]LogModuleManager: Shutting down and abandoning module IOSRuntimeSettings (598)
[2019.11.17-13.27.43:925][579]LogModuleManager: Shutting down and abandoning module AndroidRuntimeSettings (596)
[2019.11.17-13.27.43:925][579]LogModuleManager: Shutting down and abandoning module TimeManagementEditor (594)
[2019.11.17-13.27.43:925][579]LogModuleManager: Shutting down and abandoning module InputBindingEditor (592)
[2019.11.17-13.27.43:926][579]LogModuleManager: Shutting down and abandoning module MergeActors (590)
[2019.11.17-13.27.43:926][579]LogModuleManager: Shutting down and abandoning module LocalizationDashboard (588)
[2019.11.17-13.27.43:926][579]LogModuleManager: Shutting down and abandoning module LocalizationService (587)
[2019.11.17-13.27.43:926][579]LogModuleManager: Shutting down and abandoning module HardwareTargeting (584)
[2019.11.17-13.27.43:926][579]LogModuleManager: Shutting down and abandoning module DeviceProfileEditor (582)
[2019.11.17-13.27.43:926][579]LogModuleManager: Shutting down and abandoning module UndoHistory (580)
[2019.11.17-13.27.43:926][579]LogModuleManager: Shutting down and abandoning module XmlParser (578)
[2019.11.17-13.27.43:926][579]LogModuleManager: Shutting down and abandoning module Blutility (576)
[2019.11.17-13.27.43:926][579]LogModuleManager: Shutting down and abandoning module ProjectSettingsViewer (574)
[2019.11.17-13.27.43:926][579]LogModuleManager: Shutting down and abandoning module ProjectTargetPlatformEditor (573)
[2019.11.17-13.27.43:927][579]LogModuleManager: Shutting down and abandoning module EditorSettingsViewer (570)
[2019.11.17-13.27.43:927][579]LogModuleManager: Shutting down and abandoning module SettingsEditor (568)
[2019.11.17-13.27.43:927][579]LogModuleManager: Shutting down and abandoning module ProjectLauncher (566)
[2019.11.17-13.27.43:927][579]LogModuleManager: Shutting down and abandoning module SessionFrontend (564)
[2019.11.17-13.27.43:927][579]LogModuleManager: Shutting down and abandoning module ProfilerClient (562)
[2019.11.17-13.27.43:927][579]LogModuleManager: Shutting down and abandoning module DeviceManager (560)
[2019.11.17-13.27.43:927][579]LogModuleManager: Shutting down and abandoning module TargetDeviceServices (559)
[2019.11.17-13.27.43:982][579]LogModuleManager: Shutting down and abandoning module AutomationController (556)
[2019.11.17-13.27.43:982][579]LogModuleManager: Shutting down and abandoning module AutomationWindow (554)
[2019.11.17-13.27.43:982][579]LogModuleManager: Shutting down and abandoning module Layers (552)
[2019.11.17-13.27.43:982][579]LogModuleManager: Shutting down and abandoning module ComponentVisualizers (550)
[2019.11.17-13.27.43:982][579]LogModuleManager: Shutting down and abandoning module DetailCustomizations (548)
[2019.11.17-13.27.43:982][579]LogModuleManager: Shutting down and abandoning module PackagesDialog (546)
[2019.11.17-13.27.43:982][579]LogModuleManager: Shutting down and abandoning module AnimationBlueprintEditor (544)
[2019.11.17-13.27.43:982][579]LogModuleManager: Shutting down and abandoning module Persona (542)
[2019.11.17-13.27.43:982][579]LogModuleManager: Shutting down and abandoning module AnimGraph (541)
[2019.11.17-13.27.43:982][579]LogModuleManager: Shutting down and abandoning module Kismet (538)
[2019.11.17-13.27.43:983][579]LogModuleManager: Shutting down and abandoning module KismetWidgets (537)
[2019.11.17-13.27.43:983][579]LogModuleManager: Shutting down and abandoning module GraphEditor (534)
[2019.11.17-13.27.43:983][579]LogModuleManager: Shutting down and abandoning module StructViewer (532)
[2019.11.17-13.27.43:983][579]LogModuleManager: Shutting down and abandoning module ClassViewer (530)
[2019.11.17-13.27.43:983][579]LogModuleManager: Shutting down and abandoning module Toolbox (528)
[2019.11.17-13.27.43:983][579]LogModuleManager: Shutting down and abandoning module DesktopPlatform (527)
[2019.11.17-13.27.43:983][579]LogModuleManager: Shutting down and abandoning module ModuleUI (524)
[2019.11.17-13.27.43:983][579]LogModuleManager: Shutting down and abandoning module MovieSceneTools (522)
[2019.11.17-13.27.43:983][579]LogModuleManager: Shutting down and abandoning module OutputLog (520)
[2019.11.17-13.27.43:984][579]LogModuleManager: Shutting down and abandoning module GammaUI (518)
[2019.11.17-13.27.43:984][579]LogModuleManager: Shutting down and abandoning module Documentation (516)
[2019.11.17-13.27.43:984][579]LogModuleManager: Shutting down and abandoning module LiveCoding (514)
[2019.11.17-13.27.43:984][579]LogModuleManager: Shutting down and abandoning module LevelSequence (512)
[2019.11.17-13.27.43:984][579]LogModuleManager: Shutting down and abandoning module MovieSceneTracks (510)
[2019.11.17-13.27.43:984][579]LogModuleManager: Shutting down and abandoning module MovieScene (508)
[2019.11.17-13.27.43:984][579]LogModuleManager: Shutting down and abandoning module StreamingPauseRendering (506)
[2019.11.17-13.27.43:984][579]LogModuleManager: Shutting down and abandoning module LauncherPlatform (504)
[2019.11.17-13.27.43:984][579]LogModuleManager: Shutting down and abandoning module AnalyticsET (502)
[2019.11.17-13.27.43:984][579]LogModuleManager: Shutting down and abandoning module PortalServices (500)
[2019.11.17-13.27.43:984][579]LogModuleManager: Shutting down and abandoning module PortalRpc (498)
[2019.11.17-13.27.43:984][579]LogModuleManager: Shutting down and abandoning module MessagingRpc (496)
[2019.11.17-13.27.43:984][579]LogModuleManager: Shutting down and abandoning module AIModule (494)
[2019.11.17-13.27.43:984][579]LogModuleManager: Shutting down and abandoning module GameplayDebugger (493)
[2019.11.17-13.27.43:984][579]LogModuleManager: Shutting down and abandoning module AITestSuite (491)
[2019.11.17-13.27.43:984][579]LogModuleManager: Shutting down and abandoning module NavigationSystem (489)
[2019.11.17-13.27.43:984][579]LogModuleManager: Shutting down and abandoning module ImageWriteQueue (486)
[2019.11.17-13.27.43:990][579]LogModuleManager: Shutting down and abandoning module ProfilerService (484)
[2019.11.17-13.27.44:228][579]LogModuleManager: Shutting down and abandoning module TaskGraph (482)
[2019.11.17-13.27.44:228][579]LogModuleManager: Shutting down and abandoning module DatasmithCADTranslator (480)
[2019.11.17-13.27.44:228][579]LogModuleManager: Shutting down and abandoning module DatasmithC4DImporter (478)
[2019.11.17-13.27.44:228][579]LogModuleManager: Shutting down and abandoning module VariantManager (476)
[2019.11.17-13.27.44:228][579]LogModuleManager: Shutting down and abandoning module StaticMeshEditorExtension (474)
[2019.11.17-13.27.44:228][579]LogModuleManager: Shutting down and abandoning module MeshProcessingLibrary (473)
[2019.11.17-13.27.44:228][579]LogModuleManager: Shutting down and abandoning module MDLImporter (470)
[2019.11.17-13.27.44:228][579]LogModuleManager: Shutting down and abandoning module DatasmithCoreTechExtension (468)
[2019.11.17-13.27.44:228][579]LogModuleManager: Shutting down and abandoning module StaticMeshEditor (467)
[2019.11.17-13.27.44:228][579]LogModuleManager: Shutting down and abandoning module AdvancedPreviewScene (466)
[2019.11.17-13.27.44:228][579]LogModuleManager: Shutting down and abandoning module DatasmithOpenNurbsTranslator (462)
[2019.11.17-13.27.44:228][579]LogModuleManager: Shutting down and abandoning module DatasmithNativeTranslator (460)
[2019.11.17-13.27.44:228][579]LogModuleManager: Shutting down and abandoning module DatasmithIFCImporter (458)
[2019.11.17-13.27.44:228][579]LogModuleManager: Shutting down and abandoning module DatasmithGLTFImporter (456)
[2019.11.17-13.27.44:228][579]LogModuleManager: Shutting down and abandoning module DatasmithImporter (455)
[2019.11.17-13.27.44:229][579]LogModuleManager: Shutting down and abandoning module ScreenshotTools (452)
[2019.11.17-13.27.44:229][579]LogModuleManager: Shutting down and abandoning module SteamVRController (450)
[2019.11.17-13.27.44:229][579]LogModuleManager: Shutting down and abandoning module ProceduralMeshComponentEditor (448)
[2019.11.17-13.27.44:229][579]LogModuleManager: Shutting down and abandoning module ProceduralMeshComponent (446)
[2019.11.17-13.27.44:229][579]LogModuleManager: Shutting down and abandoning module OculusEditor (444)
[2019.11.17-13.27.44:229][579]LogModuleManager: Shutting down and abandoning module OculusInput (442)
[2019.11.17-13.27.44:229][579]LogModuleManager: Shutting down and abandoning module MobilePatchingUtils (440)
[2019.11.17-13.27.44:229][579]LogModuleManager: Shutting down and abandoning module EditableMesh (438)
[2019.11.17-13.27.44:229][579]LogModuleManager: Shutting down and abandoning module CustomMeshComponent (436)
[2019.11.17-13.27.44:229][579]LogModuleManager: Shutting down and abandoning module CableComponent (434)
[2019.11.17-13.27.44:229][579]LogModuleManager: Shutting down and abandoning module AudioCapture (432)
[2019.11.17-13.27.44:229][579]LogModuleManager: Shutting down and abandoning module ArchVisCharacter (430)
[2019.11.17-13.27.44:229][579]LogModuleManager: Shutting down and abandoning module AppleImageUtilsBlueprintSupport (428)
[2019.11.17-13.27.44:229][579]LogModuleManager: Shutting down and abandoning module AppleImageUtils (426)
[2019.11.17-13.27.44:229][579]LogModuleManager: Shutting down and abandoning module AndroidPermission (424)
[2019.11.17-13.27.44:229][579]LogModuleManager: Shutting down and abandoning module NUTUnrealEngine4 (422)
[2019.11.17-13.27.44:229][579]LogModuleManager: Shutting down and abandoning module NetcodeUnitTest (420)
[2019.11.17-13.27.44:229][579]LogModuleManager: Shutting down and abandoning module MediaCompositing (418)
[2019.11.17-13.27.44:229][579]LogModuleManager: Shutting down and abandoning module ImgMedia (416)
[2019.11.17-13.27.44:229][579]LogModuleManager: Shutting down and abandoning module MagicLeapHelperVulkan (414)
[2019.11.17-13.27.44:229][579]LogModuleManager: Shutting down and abandoning module MagicLeapHelperOpenGL (412)
[2019.11.17-13.27.44:229][579]LogModuleManager: Shutting down and abandoning module MagicLeapAudio (410)
[2019.11.17-13.27.44:229][579]LogModuleManager: Shutting down and abandoning module HTML5Networking (408)
[2019.11.17-13.27.44:229][579]LogModuleManager: Shutting down and abandoning module GeometryCollectionTracks (406)
[2019.11.17-13.27.44:229][579]LogModuleManager: Shutting down and abandoning module GeometryCollectionSequencer (405)
[2019.11.17-13.27.44:229][579]LogModuleManager: Shutting down and abandoning module GeometryCollectionEditor (402)
[2019.11.17-13.27.44:229][579]LogModuleManager: Shutting down and abandoning module GeometryCollectionExampleCore (400)
[2019.11.17-13.27.44:229][579]LogModuleManager: Shutting down and abandoning module GeometryCacheTracks (398)
[2019.11.17-13.27.44:229][579]LogModuleManager: Shutting down and abandoning module GeometryCacheSequencer (396)
[2019.11.17-13.27.44:229][579]LogModuleManager: Shutting down and abandoning module DataprepLibraries (394)
[2019.11.17-13.27.44:229][579]LogModuleManager: Shutting down and abandoning module DataprepCore (392)
[2019.11.17-13.27.44:229][579]LogModuleManager: Shutting down and abandoning module DataprepEditor (390)
[2019.11.17-13.27.44:229][579]LogModuleManager: Shutting down and abandoning module ChaosSolverEditor (388)
[2019.11.17-13.27.44:229][579]LogModuleManager: Shutting down and abandoning module BlastCore (386)
[2019.11.17-13.27.44:229][579]LogModuleManager: Shutting down and abandoning module BlastAuthoring (384)
[2019.11.17-13.27.44:229][579]LogModuleManager: Shutting down and abandoning module BackChannel (382)
[2019.11.17-13.27.44:230][579]LogModuleManager: Shutting down and abandoning module AutomationUtilsEditor (380)
[2019.11.17-13.27.44:230][579]LogModuleManager: Shutting down and abandoning module AutomationUtils (378)
[2019.11.17-13.27.44:230][579]LogModuleManager: Shutting down and abandoning module AlembicImporter (376)
[2019.11.17-13.27.44:230][579]LogModuleManager: Shutting down and abandoning module AlembicLibrary (375)
[2019.11.17-13.27.44:230][579]LogModuleManager: Shutting down and abandoning module GeometryCache (374)
[2019.11.17-13.27.44:230][579]LogModuleManager: Shutting down and abandoning module GeometryCacheEd (373)
[2019.11.17-13.27.44:230][579]LogModuleManager: Shutting down and abandoning module VariantManagerContent (368)
[2019.11.17-13.27.44:230][579]LogModuleManager: Shutting down and abandoning module DatasmithContentEditor (366)
[2019.11.17-13.27.44:230][579]LogModuleManager: Shutting down and abandoning module SpeedTreeImporter (364)
[2019.11.17-13.27.44:230][579]LogModuleManager: Shutting down and abandoning module PluginBrowser (362)
[2019.11.17-13.27.44:230][579]LogModuleManager: Shutting down and abandoning module MobileLauncherProfileWizard (360)
[2019.11.17-13.27.44:230][579]LogModuleManager: Shutting down and abandoning module PolygonModeling (358)
[2019.11.17-13.27.44:230][579]LogModuleManager: Shutting down and abandoning module MeshEditor (356)
[2019.11.17-13.27.44:230][579]LogModuleManager: Shutting down and abandoning module MaterialAnalyzer (354)
[2019.11.17-13.27.44:230][579]LogModuleManager: Shutting down and abandoning module GLTFImporter (352)
[2019.11.17-13.27.44:230][579]LogModuleManager: Shutting down and abandoning module EditorScriptingUtilities (350)
[2019.11.17-13.27.44:230][579]LogModuleManager: Shutting down and abandoning module CurveEditorTools (348)
[2019.11.17-13.27.44:230][579]LogModuleManager: Shutting down and abandoning module CurveEditor (347)
[2019.11.17-13.27.44:230][579]LogModuleManager: Shutting down and abandoning module CryptoKeysOpenSSL (344)
[2019.11.17-13.27.44:230][579]LogModuleManager: Shutting down and abandoning module CryptoKeys (342)
[2019.11.17-13.27.44:230][579]LogModuleManager: Shutting down and abandoning module VisualStudioSourceCodeAccess (340)
[2019.11.17-13.27.44:230][579]LogModuleManager: Shutting down and abandoning module VisualStudioCodeSourceCodeAccess (338)
[2019.11.17-13.27.44:230][579]LogModuleManager: Shutting down and abandoning module UObjectPlugin (336)
[2019.11.17-13.27.44:230][579]LogModuleManager: Shutting down and abandoning module SubversionSourceControl (334)
[2019.11.17-13.27.44:230][579]LogModuleManager: Shutting down and abandoning module PerforceSourceControl (332)
[2019.11.17-13.27.44:230][579]LogModuleManager: Shutting down and abandoning module GitSourceControl (330)
[2019.11.17-13.27.44:230][579]LogModuleManager: Shutting down and abandoning module SourceControl (329)
[2019.11.17-13.27.44:230][579]LogModuleManager: Shutting down and abandoning module CLionSourceCodeAccess (326)
[2019.11.17-13.27.44:230][579]LogModuleManager: Shutting down and abandoning module AnimationSharingEd (324)
[2019.11.17-13.27.44:230][579]LogModuleManager: Shutting down and abandoning module ActorLayerUtilitiesEditor (322)
[2019.11.17-13.27.44:230][579]LogModuleManager: Shutting down and abandoning module ActorLayerUtilities (320)
[2019.11.17-13.27.44:230][579]LogModuleManager: Shutting down and abandoning module LightPropagationVolumeEditor (318)
[2019.11.17-13.27.44:231][579]LogModuleManager: Shutting down and abandoning module PaperTiledImporter (316)
[2019.11.17-13.27.44:231][579]LogModuleManager: Shutting down and abandoning module PaperSpriteSheetImporter (314)
[2019.11.17-13.27.44:231][579]LogModuleManager: Shutting down and abandoning module Paper2DEditor (312)
[2019.11.17-13.27.44:231][579]LogModuleManager: Shutting down and abandoning module TheWalkingMan (310)
[2019.11.17-13.27.44:231][579]LogModuleManager: Shutting down and abandoning module SignificanceManager (308)
[2019.11.17-13.27.44:231][579]LogModuleManager: Shutting down and abandoning module RuntimePhysXCooking (306)
[2019.11.17-13.27.44:231][579]LogModuleManager: Shutting down and abandoning module PhysXVehiclesEditor (304)
[2019.11.17-13.27.44:231][579]LogModuleManager: Shutting down and abandoning module LocationServicesBPLibrary (300)
[2019.11.17-13.27.44:231][579]LogModuleManager: Shutting down and abandoning module ActorSequence (298)
[2019.11.17-13.27.44:231][579]LogModuleManager: Shutting down and abandoning module UdpMessaging (296)
[2019.11.17-13.27.44:332][579]LogModuleManager: Shutting down and abandoning module TcpMessaging (294)
[2019.11.17-13.27.44:553][579]LogModuleManager: Shutting down and abandoning module MagicLeapIdentity (292)
[2019.11.17-13.27.44:553][579]LogModuleManager: Shutting down and abandoning module MagicLeapSecureStorage (290)
[2019.11.17-13.27.44:553][579]LogModuleManager: Shutting down and abandoning module MagicLeapHandTracking (288)
[2019.11.17-13.27.44:553][579]LogModuleManager: Shutting down and abandoning module MagicLeapEyeTracker (286)
[2019.11.17-13.27.44:553][579]LogModuleManager: Shutting down and abandoning module MagicLeapController (284)
[2019.11.17-13.27.44:553][579]LogSlate: Slate User Destroyed.  User Index 0, Is Virtual User: 0
[2019.11.17-13.27.44:553][579]LogModuleManager: Shutting down and abandoning module MagicLeapAR (282)
[2019.11.17-13.27.44:553][579]LogModuleManager: Shutting down and abandoning module AugmentedReality (281)
[2019.11.17-13.27.44:553][579]LogModuleManager: Shutting down and abandoning module GameplayTagsEditor (278)
[2019.11.17-13.27.44:553][579]LogModuleManager: Shutting down and abandoning module FacialAnimationEditor (276)
[2019.11.17-13.27.44:553][579]LogModuleManager: Shutting down and abandoning module FacialAnimation (274)
[2019.11.17-13.27.44:554][579]LogModuleManager: Shutting down and abandoning module DataValidation (272)
[2019.11.17-13.27.44:554][579]LogModuleManager: Shutting down and abandoning module AssetManagerEditor (270)
[2019.11.17-13.27.44:554][579]LogModuleManager: Shutting down and abandoning module LevelEditor (269)
[2019.11.17-13.27.44:555][579]LogModuleManager: Shutting down and abandoning module PixelInspectorModule (268)
[2019.11.17-13.27.44:555][579]LogModuleManager: Shutting down and abandoning module CommonMenuExtensions (266)
[2019.11.17-13.27.44:555][579]LogModuleManager: Shutting down and abandoning module MainFrame (264)
[2019.11.17-13.27.44:555][579]LogModuleManager: Shutting down and abandoning module HotReload (263)
[2019.11.17-13.27.44:556][579]LogModuleManager: Shutting down and abandoning module ContentBrowser (259)
[2019.11.17-13.27.44:557][579]LogModuleManager: Shutting down and abandoning module TreeMap (257)
[2019.11.17-13.27.44:557][579]LogModuleManager: Shutting down and abandoning module AnimationSharing (254)
[2019.11.17-13.27.44:557][579]LogModuleManager: Shutting down and abandoning module LightPropagationVolumeRuntime (252)
[2019.11.17-13.27.44:557][579]LogModuleManager: Shutting down and abandoning module Paper2D (250)
[2019.11.17-13.27.44:557][579]LogModuleManager: Shutting down and abandoning module WindowsMoviePlayer (248)
[2019.11.17-13.27.44:562][579]LogModuleManager: Shutting down and abandoning module WebMMoviePlayer (246)
[2019.11.17-13.27.44:562][579]LogModuleManager: Shutting down and abandoning module NetworkReplayStreaming (244)
[2019.11.17-13.27.44:562][579]LogModuleManager: Shutting down and abandoning module PacketHandler (242)
[2019.11.17-13.27.44:562][579]LogModuleManager: Shutting down and abandoning module ClothingSystemEditor (240)
[2019.11.17-13.27.44:562][579]LogModuleManager: Shutting down and abandoning module ClothingSystemRuntime (238)
[2019.11.17-13.27.44:562][579]LogModuleManager: Shutting down and abandoning module MediaAssets (236)
[2019.11.17-13.27.44:562][579]LogModuleManager: Shutting down and abandoning module Overlay (234)
[2019.11.17-13.27.44:562][579]LogModuleManager: Shutting down and abandoning module OverlayEditor (233)
[2019.11.17-13.27.44:562][579]LogModuleManager: Shutting down and abandoning module VREditor (230)
[2019.11.17-13.27.44:562][579]LogModuleManager: Shutting down and abandoning module StringTableEditor (228)
[2019.11.17-13.27.44:562][579]LogModuleManager: Shutting down and abandoning module GameplayTasksEditor (226)
[2019.11.17-13.27.44:562][579]LogModuleManager: Shutting down and abandoning module BehaviorTreeEditor (224)
[2019.11.17-13.27.44:562][579]LogModuleManager: Shutting down and abandoning module FunctionalTesting (222)
[2019.11.17-13.27.44:562][579]LogModuleManager: Shutting down and abandoning module CollisionAnalyzer (220)
[2019.11.17-13.27.44:562][579]LogModuleManager: Shutting down and abandoning module WorkspaceMenuStructure (219)
[2019.11.17-13.27.44:562][579]LogModuleManager: Shutting down and abandoning module UMG (216)
[2019.11.17-13.27.44:562][579]LogModuleManager: Shutting down and abandoning module UMGEditor (215)
[2019.11.17-13.27.44:562][579]LogModuleManager: Shutting down and abandoning module Sequencer (214)
[2019.11.17-13.27.44:563][579]LogModuleManager: Shutting down and abandoning module MessageLog (211)
[2019.11.17-13.27.44:563][579]LogModuleManager: Shutting down and abandoning module SlateReflector (206)
[2019.11.17-13.27.44:563][579]LogModuleManager: Shutting down and abandoning module Slate (204)
[2019.11.17-13.27.44:563][579]LogModuleManager: Shutting down and abandoning module LandscapeEditorUtilities (202)
[2019.11.17-13.27.44:563][579]LogModuleManager: Shutting down and abandoning module EditorStyle (200)
[2019.11.17-13.27.44:565][579]LogModuleManager: Shutting down and abandoning module UnrealEd (198)
[2019.11.17-13.27.44:565][579]LogModuleManager: Shutting down and abandoning module MRMesh (196)
[2019.11.17-13.27.44:565][579]LogModuleManager: Shutting down and abandoning module SourceCodeAccess (194)
[2019.11.17-13.27.44:565][579]LogModuleManager: Shutting down and abandoning module HeadMountedDisplay (192)
[2019.11.17-13.27.44:565][579]LogModuleManager: Shutting down and abandoning module XAudio2 (190)
[2019.11.17-13.27.44:565][579]LogModuleManager: Shutting down and abandoning module Networking (188)
[2019.11.17-13.27.44:565][579]LogModuleManager: Shutting down and abandoning module Core (186)
[2019.11.17-13.27.44:565][579]LogModuleManager: Shutting down and abandoning module KismetCompiler (184)
[2019.11.17-13.27.44:565][579]LogModuleManager: Shutting down and abandoning module MeshUtilities (182)
[2019.11.17-13.27.44:565][579]LogModuleManager: Shutting down and abandoning module MeshMergeUtilities (181)
[2019.11.17-13.27.44:565][579]LogModuleManager: Shutting down and abandoning module MeshReductionInterface (180)
[2019.11.17-13.27.44:565][579]LogModuleManager: Shutting down and abandoning module SkeletalMeshReduction (179)
[2019.11.17-13.27.44:565][579]LogModuleManager: Shutting down and abandoning module ProxyLODMeshReduction (177)
[2019.11.17-13.27.44:565][579]LogModuleManager: Shutting down and abandoning module QuadricMeshReduction (175)
[2019.11.17-13.27.44:565][579]LogModuleManager: Shutting down and abandoning module MaterialBaking (171)
[2019.11.17-13.27.44:565][579]LogModuleManager: Shutting down and abandoning module NullInstallBundleManager (166)
[2019.11.17-13.27.44:565][579]LogModuleManager: Shutting down and abandoning module DerivedDataCache (164)
[2019.11.17-13.27.44:669][579]LogDerivedDataCache: Shutdown
[2019.11.17-13.27.44:669][579]LogModuleManager: Shutting down and abandoning module XGEController (162)
[2019.11.17-13.27.44:669][579]LogXGEController: Cleaning working directory: C:/Users/Marvin Vihman/AppData/Local/Temp/UnrealXGEWorkingDir/
[2019.11.17-13.27.44:670][579]LogModuleManager: Shutting down and abandoning module TargetPlatform (160)
[2019.11.17-13.27.44:670][579]LogModuleManager: Shutting down and abandoning module VulkanShaderFormat (159)
[2019.11.17-13.27.44:670][579]LogModuleManager: Shutting down and abandoning module ShaderFormatVectorVM (157)
[2019.11.17-13.27.44:670][579]LogModuleManager: Shutting down and abandoning module ShaderFormatOpenGL (155)
[2019.11.17-13.27.44:670][579]LogModuleManager: Shutting down and abandoning module ShaderFormatD3D (153)
[2019.11.17-13.27.44:670][579]LogModuleManager: Shutting down and abandoning module MetalShaderFormat (151)
[2019.11.17-13.27.44:670][579]LogModuleManager: Shutting down and abandoning module TextureFormatUncompressed (149)
[2019.11.17-13.27.44:670][579]LogModuleManager: Shutting down and abandoning module TextureFormatPVR (147)
[2019.11.17-13.27.44:670][579]LogModuleManager: Shutting down and abandoning module TextureFormatDXT (145)
[2019.11.17-13.27.44:670][579]LogModuleManager: Shutting down and abandoning module TextureFormatIntelISPCTexComp (143)
[2019.11.17-13.27.44:670][579]LogModuleManager: Shutting down and abandoning module TextureFormatASTC (141)
[2019.11.17-13.27.44:670][579]LogModuleManager: Shutting down and abandoning module ImageWrapper (140)
[2019.11.17-13.27.44:670][579]LogModuleManager: Shutting down and abandoning module TextureFormatAndroid (137)
[2019.11.17-13.27.44:670][579]LogModuleManager: Shutting down and abandoning module AudioFormatOpus (135)
[2019.11.17-13.27.44:670][579]LogModuleManager: Shutting down and abandoning module AudioFormatOgg (133)
[2019.11.17-13.27.44:670][579]LogModuleManager: Shutting down and abandoning module AudioFormatADPCM (131)
[2019.11.17-13.27.44:670][579]LogModuleManager: Shutting down and abandoning module LuminTargetPlatform (129)
[2019.11.17-13.27.44:671][579]LogModuleManager: Shutting down and abandoning module LinuxTargetPlatform (127)
[2019.11.17-13.27.44:672][579]LogModuleManager: Shutting down and abandoning module LinuxServerTargetPlatform (125)
[2019.11.17-13.27.44:672][579]LogModuleManager: Shutting down and abandoning module LinuxNoEditorTargetPlatform (123)
[2019.11.17-13.27.44:672][579]LogModuleManager: Shutting down and abandoning module LinuxClientTargetPlatform (121)
[2019.11.17-13.27.44:672][579]LogModuleManager: Shutting down and abandoning module TVOSTargetPlatform (119)
[2019.11.17-13.27.44:673][579]LogModuleManager: Shutting down and abandoning module Messaging (117)
[2019.11.17-13.27.44:673][579]LogModuleManager: Shutting down and abandoning module IOSTargetPlatform (115)
[2019.11.17-13.27.44:674][579]LogModuleManager: Shutting down and abandoning module HTML5TargetPlatform (113)
[2019.11.17-13.27.44:674][579]LogModuleManager: Shutting down and abandoning module AndroidTargetPlatform (111)
[2019.11.17-13.27.44:679][579]LogModuleManager: Shutting down and abandoning module WindowsTargetPlatform (109)
[2019.11.17-13.27.44:679][579]LogModuleManager: Shutting down and abandoning module WindowsServerTargetPlatform (107)
[2019.11.17-13.27.44:679][579]LogModuleManager: Shutting down and abandoning module WindowsNoEditorTargetPlatform (105)
[2019.11.17-13.27.44:679][579]LogModuleManager: Shutting down and abandoning module WindowsClientTargetPlatform (103)
[2019.11.17-13.27.44:679][579]LogModuleManager: Shutting down and abandoning module MacTargetPlatform (101)
[2019.11.17-13.27.44:679][579]LogModuleManager: Shutting down and abandoning module MacServerTargetPlatform (99)
[2019.11.17-13.27.44:679][579]LogModuleManager: Shutting down and abandoning module MacNoEditorTargetPlatform (97)
[2019.11.17-13.27.44:679][579]LogModuleManager: Shutting down and abandoning module MacClientTargetPlatform (95)
[2019.11.17-13.27.44:679][579]LogModuleManager: Shutting down and abandoning module AllDesktopTargetPlatform (93)
[2019.11.17-13.27.44:679][579]LogModuleManager: Shutting down and abandoning module InputCore (90)
[2019.11.17-13.27.44:679][579]LogModuleManager: Shutting down and abandoning module Settings (88)
[2019.11.17-13.27.44:679][579]LogModuleManager: Shutting down and abandoning module DirectoryWatcher (86)
[2019.11.17-13.27.44:680][579]LogModuleManager: Shutting down and abandoning module PhysXCooking (84)
[2019.11.17-13.27.44:680][579]LogModuleManager: Shutting down and abandoning module WindowsPlatformFeatures (82)
[2019.11.17-13.27.44:680][579]LogModuleManager: Shutting down and abandoning module GameplayMediaEncoder (81)
[2019.11.17-13.27.44:680][579]LogModuleManager: Shutting down and abandoning module SteamVR (78)
[2019.11.17-13.27.44:680][579]LogHMD: Freeing OpenVRDLLHandle.
[2019.11.17-13.27.44:680][579]LogModuleManager: Shutting down and abandoning module OculusHMD (76)
[2019.11.17-13.27.44:680][579]LogModuleManager: Shutting down and abandoning module ExampleDeviceProfileSelector (74)
[2019.11.17-13.27.44:680][579]LogModuleManager: Shutting down and abandoning module LauncherChunkInstaller (72)
[2019.11.17-13.27.44:680][579]LogModuleManager: Shutting down and abandoning module OnlineBlueprintSupport (70)
[2019.11.17-13.27.44:680][579]LogModuleManager: Shutting down and abandoning module OnlineSubsystem (66)
[2019.11.17-13.27.44:681][579]LogModuleManager: Shutting down and abandoning module XMPP (61)
[2019.11.17-13.27.44:681][579]LogModuleManager: Shutting down and abandoning module WebSockets (60)
[2019.11.17-13.27.44:694][579]LogModuleManager: Shutting down and abandoning module HTTP (57)
[2019.11.17-13.27.44:694][579]LogHttp: Display: Http module shutting down, but needs to wait on 1 outstanding Http requests:
[2019.11.17-13.27.44:694][579]LogHttp: Display: 	verb=[POST] url=[https://datarouter.ol.epicgames.com/datarouter/api/v1/public/data?SessionID=%7BC47BF508-49F9-F5F4-1FBC-E0A741F1CC03%7D&AppID=UEEditor.Rocket.Release&AppVersion=4.23.1-9631420%2B%2B%2BUE4%2BRelease-4.23&UserID=bad59dc44d01995e8570e7a4b330eedf%7C727d4657e53e4fcb9d1640c14c2544c8%7Cbee85a7c-41cc-4dfe-b4de-e1b4502987f2&AppEnvironment=datacollector-binary&UploadType=eteventstream] status=Processing
[2019.11.17-13.27.44:726][579]LogModuleManager: Shutting down and abandoning module SSL (56)
[2019.11.17-13.27.44:728][579]LogModuleManager: Shutting down and abandoning module WmfMedia (52)
[2019.11.17-13.27.44:730][579]LogModuleManager: Shutting down and abandoning module Media (51)
[2019.11.17-13.27.44:731][579]LogModuleManager: Shutting down and abandoning module MagicLeap (48)
[2019.11.17-13.27.44:731][579]LogModuleManager: Shutting down and abandoning module DatasmithContent (46)
[2019.11.17-13.27.44:732][579]LogModuleManager: Shutting down and abandoning module AISupportModule (44)
[2019.11.17-13.27.44:732][579]LogModuleManager: Shutting down and abandoning module PlatformCryptoOpenSSL (42)
[2019.11.17-13.27.44:732][579]LogModuleManager: Shutting down and abandoning module PlatformCrypto (40)
[2019.11.17-13.27.44:732][579]LogModuleManager: Shutting down and abandoning module AnimationModifiers (38)
[2019.11.17-13.27.44:732][579]LogModuleManager: Shutting down and abandoning module PropertyEditor (37)
[2019.11.17-13.27.44:732][579]LogModuleManager: Shutting down and abandoning module AudioEditor (34)
[2019.11.17-13.27.44:732][579]LogModuleManager: Shutting down and abandoning module TextureCompressor (32)
[2019.11.17-13.27.44:732][579]LogModuleManager: Shutting down and abandoning module RenderCore (30)
[2019.11.17-13.27.44:732][579]LogModuleManager: Shutting down and abandoning module Landscape (28)
[2019.11.17-13.27.44:732][579]LogModuleManager: Shutting down and abandoning module SlateRHIRenderer (26)
[2019.11.17-13.27.44:734][579]LogModuleManager: Shutting down and abandoning module OpenGLDrv (24)
[2019.11.17-13.27.44:734][579]LogModuleManager: Shutting down and abandoning module D3D11RHI (22)
[2019.11.17-13.27.44:734][579]LogModuleManager: Shutting down and abandoning module AnimGraphRuntime (20)
[2019.11.17-13.27.44:734][579]LogModuleManager: Shutting down and abandoning module Renderer (18)
[2019.11.17-13.27.44:734][579]LogModuleManager: Shutting down and abandoning module Engine (16)
[2019.11.17-13.27.44:734][579]LogModuleManager: Shutting down and abandoning module CoreUObject (14)
[2019.11.17-13.27.44:734][579]LogModuleManager: Shutting down and abandoning module NetworkFile (12)
[2019.11.17-13.27.44:734][579]LogModuleManager: Shutting down and abandoning module CookedIterativeFile (10)
[2019.11.17-13.27.44:734][579]LogModuleManager: Shutting down and abandoning module StreamingFile (8)
[2019.11.17-13.27.44:734][579]LogModuleManager: Shutting down and abandoning module SandboxFile (6)
[2019.11.17-13.27.44:734][579]LogModuleManager: Shutting down and abandoning module PakFile (4)
[2019.11.17-13.27.44:734][579]LogModuleManager: Shutting down and abandoning module RSA (3)
[2019.11.17-13.27.44:735][579]LogD3D11RHI: Shutdown
[2019.11.17-13.27.44:735][579]LogD3D11RHI: CleanupD3DDevice
[2019.11.17-13.27.44:736][579]LogRendererCore: FGlobalDynamicReadBuffer::Cleanup()
[2019.11.17-13.27.44:737][579]LogRendererCore: FGlobalDynamicReadBuffer::Cleanup()
[2019.11.17-13.27.44:737][579]LogRendererCore: FGlobalDynamicReadBuffer::Cleanup()
[2019.11.17-13.27.44:754][579]LogD3D11RHI: [IntelMetricsDiscovery] Stopped
[2019.11.17-13.27.44:873][579]LogD3D11RHI: ~FD3D11DynamicRHI
[2019.11.17-13.27.44:881][579]LogExit: Exiting.
[2019.11.17-13.27.44:888][579]Log file closed, 11/17/19 15:27:44
