Log file open, 11/12/19 14:17:19
LogWindows: Failed to load 'aqProf.dll' (GetLastError=126)
LogWindows: File 'aqProf.dll' does not exist
LogWindows: Failed to load 'VtuneApi.dll' (GetLastError=126)
LogWindows: File 'VtuneApi.dll' does not exist
LogWindows: Failed to load 'VtuneApi32e.dll' (GetLastError=126)
LogWindows: File 'VtuneApi32e.dll' does not exist
LogConsoleResponse: Display: Failed to find resolution value strings in scalability ini. Falling back to default.
LogInit: Display: Running engine for game: TheWalkingMan
LogPlatformFile: Not using cached read wrapper
LogTaskGraph: Started task graph with 5 named threads and 23 total threads with 3 sets of task threads.
LogStats: Stats thread started at 0.340270
LogD3D11RHI: Loaded GFSDK_Aftermath_Lib.x64.dll
LogICUInternationalization: ICU TimeZone Detection - Raw Offset: +2:00, Platform Override: ''
LogPluginManager: Mounting plugin Paper2D
LogPluginManager: Mounting plugin AISupport
LogPluginManager: Mounting plugin LightPropagationVolume
LogPluginManager: Mounting plugin ActorLayerUtilities
LogPluginManager: Mounting plugin AnimationSharing
LogPluginManager: Mounting plugin CLionSourceCodeAccess
LogPluginManager: Mounting plugin CodeLiteSourceCodeAccess
LogPluginManager: Mounting plugin GitSourceControl
LogPluginManager: Mounting plugin KDevelopSourceCodeAccess
LogPluginManager: Mounting plugin NullSourceCodeAccess
LogPluginManager: Mounting plugin PerforceSourceControl
LogPluginManager: Mounting plugin SubversionSourceControl
LogPluginManager: Mounting plugin UObjectPlugin
LogPluginManager: Mounting plugin VisualStudioCodeSourceCodeAccess
LogPluginManager: Mounting plugin VisualStudioSourceCodeAccess
LogPluginManager: Mounting plugin XCodeSourceCodeAccess
LogPluginManager: Mounting plugin AssetManagerEditor
LogPluginManager: Mounting plugin CryptoKeys
LogPluginManager: Mounting plugin CurveEditorTools
LogPluginManager: Mounting plugin DataValidation
LogPluginManager: Mounting plugin EditorScriptingUtilities
LogPluginManager: Mounting plugin FacialAnimation
LogPluginManager: Mounting plugin GameplayTagsEditor
LogPluginManager: Mounting plugin GLTFImporter
LogPluginManager: Mounting plugin MacGraphicsSwitching
LogPluginManager: Mounting plugin MaterialAnalyzer
LogPluginManager: Mounting plugin MeshEditor
LogPluginManager: Mounting plugin MobileLauncherProfileWizard
LogPluginManager: Mounting plugin PluginBrowser
LogPluginManager: Mounting plugin SpeedTreeImporter
LogPluginManager: Mounting plugin DatasmithContent
LogPluginManager: Mounting plugin VariantManagerContent
LogPluginManager: Mounting plugin AlembicImporter
LogPluginManager: Mounting plugin AutomationUtils
LogPluginManager: Mounting plugin BackChannel
LogPluginManager: Mounting plugin BlastPlugin
LogPluginManager: Mounting plugin ChaosSolverPlugin
LogPluginManager: Mounting plugin CharacterAI
LogPluginManager: Mounting plugin DataPrepEditor
LogPluginManager: Mounting plugin GeometryCache
LogPluginManager: Mounting plugin GeometryCollectionPlugin
LogPluginManager: Mounting plugin HTML5Networking
LogPluginManager: Mounting plugin PlatformCrypto
LogPluginManager: Mounting plugin ProxyLODPlugin
LogPluginManager: Mounting plugin SkeletalReduction
LogPluginManager: Mounting plugin MagicLeap
LogPluginManager: Mounting plugin MagicLeapMedia
LogPluginManager: Mounting plugin AndroidMedia
LogPluginManager: Mounting plugin AvfMedia
LogPluginManager: Mounting plugin ImgMedia
LogPluginManager: Mounting plugin MediaCompositing
LogPluginManager: Mounting plugin MediaPlayerEditor
LogPluginManager: Mounting plugin WebMMedia
LogPluginManager: Mounting plugin WmfMedia
LogPluginManager: Mounting plugin TcpMessaging
LogPluginManager: Mounting plugin UdpMessaging
LogPluginManager: Mounting plugin ActorSequence
LogPluginManager: Mounting plugin LevelSequenceEditor
LogPluginManager: Mounting plugin MatineeToLevelSequence
LogPluginManager: Mounting plugin NetcodeUnitTest
LogPluginManager: Mounting plugin NUTUnrealEngine4
LogPluginManager: Mounting plugin OnlineSubsystemGooglePlay
LogPluginManager: Mounting plugin OnlineSubsystemIOS
LogPluginManager: Mounting plugin OnlineSubsystem
LogPluginManager: Mounting plugin OnlineSubsystemNull
LogPluginManager: Mounting plugin OnlineSubsystemUtils
LogPluginManager: Mounting plugin LauncherChunkInstaller
LogPluginManager: Mounting plugin AndroidDeviceProfileSelector
LogPluginManager: Mounting plugin AndroidMoviePlayer
LogPluginManager: Mounting plugin AndroidPermission
LogPluginManager: Mounting plugin AppleImageUtils
LogPluginManager: Mounting plugin AppleMoviePlayer
LogPluginManager: Mounting plugin ArchVisCharacter
LogPluginManager: Mounting plugin AudioCapture
LogPluginManager: Mounting plugin CableComponent
LogPluginManager: Mounting plugin CustomMeshComponent
LogPluginManager: Mounting plugin EditableMesh
LogPluginManager: Mounting plugin ExampleDeviceProfileSelector
LogPluginManager: Mounting plugin GoogleCloudMessaging
LogPluginManager: Mounting plugin IOSDeviceProfileSelector
LogPluginManager: Mounting plugin LinuxDeviceProfileSelector
LogPluginManager: Mounting plugin LocationServicesBPLibrary
LogPluginManager: Mounting plugin MobilePatchingUtils
LogPluginManager: Mounting plugin OculusVR
LogPluginManager: Mounting plugin PhysXVehicles
LogPluginManager: Mounting plugin ProceduralMeshComponent
LogPluginManager: Mounting plugin RuntimePhysXCooking
LogPluginManager: Mounting plugin SignificanceManager
LogPluginManager: Mounting plugin SteamVR
LogPluginManager: Mounting plugin WebMMoviePlayer
LogPluginManager: Mounting plugin WindowsMoviePlayer
LogPluginManager: Mounting plugin ScreenshotTools
LogPluginManager: Mounting plugin DatasmithC4DImporter
LogPluginManager: Mounting plugin DatasmithCADImporter
LogPluginManager: Mounting plugin DatasmithFBXImporter
LogPluginManager: Mounting plugin DatasmithGLTFImporter
LogPluginManager: Mounting plugin DatasmithIFCImporter
LogPluginManager: Mounting plugin DatasmithImporter
LogPluginManager: Mounting plugin MDLImporter
LogPluginManager: Mounting plugin StaticMeshEditorExtension
LogPluginManager: Mounting plugin VariantManager
LogInit: Using libcurl 7.55.1-DEV
LogInit:  - built for x86_64-pc-win32
LogInit:  - supports SSL with OpenSSL/1.1.1
LogInit:  - supports HTTP deflate (compression) using libz 1.2.8
LogInit:  - other features:
LogInit:      CURL_VERSION_SSL
LogInit:      CURL_VERSION_LIBZ
LogInit:      CURL_VERSION_IPV6
LogInit:      CURL_VERSION_ASYNCHDNS
LogInit:      CURL_VERSION_LARGEFILE
LogInit:      CURL_VERSION_IDN
LogInit:  CurlRequestOptions (configurable via config and command line):
LogInit:  - bVerifyPeer = true  - Libcurl will verify peer certificate
LogInit:  - bUseHttpProxy = false  - Libcurl will NOT use HTTP proxy
LogInit:  - bDontReuseConnections = false  - Libcurl will reuse connections
LogInit:  - MaxHostConnections = 16  - Libcurl will limit the number of connections to a host
LogInit:  - LocalHostAddr = Default
LogInit:  - BufferSize = 65536
LogOnline: OSS: Creating online subsystem instance for: NULL
LogInit: WinSock: version 1.1 (2.2), MaxSocks=32767, MaxUdp=65467
LogInit: Build: ++UE4+Release-4.23-CL-9631420
LogInit: Engine Version: 4.23.1-9631420+++UE4+Release-4.23
LogInit: Compatible Engine Version: 4.23.0-8386587+++UE4+Release-4.23
LogInit: Net CL: 8386587
LogInit: OS: Windows 10 (Release 1903) (), CPU: Intel(R) Core(TM) i5-8250U CPU @ 1.60GHz, GPU: Intel(R) UHD Graphics 620
LogInit: Compiled (64-bit): Oct 18 2019 02:07:44
LogInit: Compiled with Visual C++: 19.16.27030.01
LogInit: Build Configuration: Development
LogInit: Branch Name: ++UE4+Release-4.23
LogInit: Command Line: 
LogInit: Base Directory: C:/Program Files/Epic Games/UE_4.23/Engine/Binaries/Win64/
LogInit: Installed Engine Build: 1
LogDevObjectVersion: Number of dev versions registered: 23
LogDevObjectVersion:   Dev-Blueprints (B0D832E4-1F89-4F0D-ACCF-7EB736FD4AA2): 10
LogDevObjectVersion:   Dev-Build (E1C64328-A22C-4D53-A36C-8E866417BD8C): 0
LogDevObjectVersion:   Dev-Core (375EC13C-06E4-48FB-B500-84F0262A717E): 3
LogDevObjectVersion:   Dev-Editor (E4B068ED-F494-42E9-A231-DA0B2E46BB41): 34
LogDevObjectVersion:   Dev-Framework (CFFC743F-43B0-4480-9391-14DF171D2073): 35
LogDevObjectVersion:   Dev-Mobile (B02B49B5-BB20-44E9-A304-32B752E40360): 2
LogDevObjectVersion:   Dev-Networking (A4E4105C-59A1-49B5-A7C5-40C4547EDFEE): 0
LogDevObjectVersion:   Dev-Online (39C831C9-5AE6-47DC-9A44-9C173E1C8E7C): 0
LogDevObjectVersion:   Dev-Physics (78F01B33-EBEA-4F98-B9B4-84EACCB95AA2): 0
LogDevObjectVersion:   Dev-Platform (6631380F-2D4D-43E0-8009-CF276956A95A): 0
LogDevObjectVersion:   Dev-Rendering (12F88B9F-8875-4AFC-A67C-D90C383ABD29): 31
LogDevObjectVersion:   Dev-Sequencer (7B5AE74C-D270-4C10-A958-57980B212A5A): 11
LogDevObjectVersion:   Dev-VR (D7296918-1DD6-4BDD-9DE2-64A83CC13884): 2
LogDevObjectVersion:   Dev-LoadTimes (C2A15278-BFE7-4AFE-6C17-90FF531DF755): 1
LogDevObjectVersion:   Private-Geometry (6EACA3D4-40EC-4CC1-B786-8BED09428FC5): 3
LogDevObjectVersion:   Dev-AnimPhys (29E575DD-E0A3-4627-9D10-D276232CDCEA): 17
LogDevObjectVersion:   Dev-Anim (AF43A65D-7FD3-4947-9873-3E8ED9C1BB05): 2
LogDevObjectVersion:   Dev-ReflectionCapture (6B266CEC-1EC7-4B8F-A30B-E4D90942FC07): 1
LogDevObjectVersion:   Dev-Automation (0DF73D61-A23F-47EA-B727-89E90C41499A): 1
LogDevObjectVersion:   FortniteMain (601D1886-AC64-4F84-AA16-D3DE0DEAC7D6): 27
LogDevObjectVersion:   Dev-Enterprise (9DFFBCD6-494F-0158-E221-12823C92A888): 6
LogDevObjectVersion:   Dev-Niagara (F2AED0AC-9AFE-416F-8664-AA7FFA26D6FC): 1
LogDevObjectVersion:   Dev-Destruction (174F1F0B-B4C6-45A5-B13F-2EE8D0FB917D): 9
LogInit: Presizing for max 16777216 objects, including 0 objects not considered by GC, pre-allocating 0 bytes for permanent pool.
LogInit: Object subsystem initialized
LogConfig: Setting CVar [[con.DebugEarlyDefault:1]]
LogConfig: Setting CVar [[r.setres:1280x720]]
[2019.11.12-12.17.20:187][  0]LogConfig: Setting CVar [[r.VSync:0]]
[2019.11.12-12.17.20:187][  0]LogConfig: Setting CVar [[r.RHICmdBypass:0]]
[2019.11.12-12.17.20:187][  0]LogConfig: Applying CVar settings from Section [/Script/Engine.RendererSettings] File [C:/Users/Karl Martin/Documents/Unreal Projects/TheWalkingMan/Saved/Config/Windows/Engine.ini]
[2019.11.12-12.17.20:187][  0]LogConfig: Setting CVar [[r.GPUCrashDebugging:0]]
[2019.11.12-12.17.20:187][  0]LogConfig: Applying CVar settings from Section [/Script/Engine.RendererOverrideSettings] File [C:/Users/Karl Martin/Documents/Unreal Projects/TheWalkingMan/Saved/Config/Windows/Engine.ini]
[2019.11.12-12.17.20:187][  0]LogConfig: Applying CVar settings from Section [/Script/Engine.StreamingSettings] File [C:/Users/Karl Martin/Documents/Unreal Projects/TheWalkingMan/Saved/Config/Windows/Engine.ini]
[2019.11.12-12.17.20:187][  0]LogConfig: Setting CVar [[s.MinBulkDataSizeForAsyncLoading:131072]]
[2019.11.12-12.17.20:187][  0]LogConfig: Setting CVar [[s.AsyncLoadingThreadEnabled:0]]
[2019.11.12-12.17.20:187][  0]LogConfig: Setting CVar [[s.EventDrivenLoaderEnabled:1]]
[2019.11.12-12.17.20:187][  0]LogConfig: Setting CVar [[s.WarnIfTimeLimitExceeded:0]]
[2019.11.12-12.17.20:187][  0]LogConfig: Setting CVar [[s.TimeLimitExceededMultiplier:1.5]]
[2019.11.12-12.17.20:187][  0]LogConfig: Setting CVar [[s.TimeLimitExceededMinTime:0.005]]
[2019.11.12-12.17.20:187][  0]LogConfig: Setting CVar [[s.UseBackgroundLevelStreaming:1]]
[2019.11.12-12.17.20:187][  0]LogConfig: Setting CVar [[s.PriorityAsyncLoadingExtraTime:15.0]]
[2019.11.12-12.17.20:187][  0]LogConfig: Setting CVar [[s.LevelStreamingActorsUpdateTimeLimit:5.0]]
[2019.11.12-12.17.20:187][  0]LogConfig: Setting CVar [[s.PriorityLevelStreamingActorsUpdateExtraTime:5.0]]
[2019.11.12-12.17.20:187][  0]LogConfig: Setting CVar [[s.LevelStreamingComponentsRegistrationGranularity:10]]
[2019.11.12-12.17.20:187][  0]LogConfig: Setting CVar [[s.UnregisterComponentsTimeLimit:1.0]]
[2019.11.12-12.17.20:187][  0]LogConfig: Setting CVar [[s.LevelStreamingComponentsUnregistrationGranularity:5]]
[2019.11.12-12.17.20:187][  0]LogConfig: Applying CVar settings from Section [/Script/Engine.GarbageCollectionSettings] File [C:/Users/Karl Martin/Documents/Unreal Projects/TheWalkingMan/Saved/Config/Windows/Engine.ini]
[2019.11.12-12.17.20:187][  0]LogConfig: Setting CVar [[gc.MaxObjectsNotConsideredByGC:1]]
[2019.11.12-12.17.20:187][  0]LogConfig: Setting CVar [[gc.SizeOfPermanentObjectPool:0]]
[2019.11.12-12.17.20:187][  0]LogConfig: Setting CVar [[gc.FlushStreamingOnGC:0]]
[2019.11.12-12.17.20:187][  0]LogConfig: Setting CVar [[gc.NumRetriesBeforeForcingGC:10]]
[2019.11.12-12.17.20:188][  0]LogConfig: Setting CVar [[gc.AllowParallelGC:1]]
[2019.11.12-12.17.20:188][  0]LogConfig: Setting CVar [[gc.TimeBetweenPurgingPendingKillObjects:61.1]]
[2019.11.12-12.17.20:188][  0]LogConfig: Setting CVar [[gc.MaxObjectsInEditor:16777216]]
[2019.11.12-12.17.20:188][  0]LogConfig: Setting CVar [[gc.IncrementalBeginDestroyEnabled:1]]
[2019.11.12-12.17.20:188][  0]LogConfig: Setting CVar [[gc.CreateGCClusters:1]]
[2019.11.12-12.17.20:188][  0]LogConfig: Setting CVar [[gc.MinGCClusterSize:5]]
[2019.11.12-12.17.20:188][  0]LogConfig: Setting CVar [[gc.ActorClusteringEnabled:0]]
[2019.11.12-12.17.20:188][  0]LogConfig: Setting CVar [[gc.BlueprintClusteringEnabled:0]]
[2019.11.12-12.17.20:188][  0]LogConfig: Setting CVar [[gc.UseDisregardForGCOnDedicatedServers:0]]
[2019.11.12-12.17.20:188][  0]LogConfig: Applying CVar settings from Section [/Script/Engine.NetworkSettings] File [C:/Users/Karl Martin/Documents/Unreal Projects/TheWalkingMan/Saved/Config/Windows/Engine.ini]
[2019.11.12-12.17.20:188][  0]LogConfig: Applying CVar settings from Section [/Script/UnrealEd.CookerSettings] File [C:/Users/Karl Martin/Documents/Unreal Projects/TheWalkingMan/Saved/Config/Windows/Engine.ini]
[2019.11.12-12.17.20:193][  0]LogConfig: Applying CVar settings from Section [ViewDistanceQuality@3] File [C:/Users/Karl Martin/Documents/Unreal Projects/TheWalkingMan/Saved/Config/Windows/Scalability.ini]
[2019.11.12-12.17.20:193][  0]LogConfig: Setting CVar [[r.SkeletalMeshLODBias:0]]
[2019.11.12-12.17.20:193][  0]LogConfig: Setting CVar [[r.ViewDistanceScale:1.0]]
[2019.11.12-12.17.20:193][  0]LogConfig: Applying CVar settings from Section [AntiAliasingQuality@3] File [C:/Users/Karl Martin/Documents/Unreal Projects/TheWalkingMan/Saved/Config/Windows/Scalability.ini]
[2019.11.12-12.17.20:193][  0]LogConfig: Setting CVar [[r.PostProcessAAQuality:4]]
[2019.11.12-12.17.20:193][  0]LogConfig: Applying CVar settings from Section [ShadowQuality@3] File [C:/Users/Karl Martin/Documents/Unreal Projects/TheWalkingMan/Saved/Config/Windows/Scalability.ini]
[2019.11.12-12.17.20:193][  0]LogConfig: Setting CVar [[r.LightFunctionQuality:1]]
[2019.11.12-12.17.20:193][  0]LogConfig: Setting CVar [[r.ShadowQuality:5]]
[2019.11.12-12.17.20:193][  0]LogConfig: Setting CVar [[r.Shadow.CSM.MaxCascades:10]]
[2019.11.12-12.17.20:193][  0]LogConfig: Setting CVar [[r.Shadow.MaxResolution:2048]]
[2019.11.12-12.17.20:193][  0]LogConfig: Setting CVar [[r.Shadow.MaxCSMResolution:2048]]
[2019.11.12-12.17.20:193][  0]LogConfig: Setting CVar [[r.Shadow.RadiusThreshold:0.01]]
[2019.11.12-12.17.20:193][  0]LogConfig: Setting CVar [[r.Shadow.DistanceScale:1.0]]
[2019.11.12-12.17.20:193][  0]LogConfig: Setting CVar [[r.Shadow.CSM.TransitionScale:1.0]]
[2019.11.12-12.17.20:193][  0]LogConfig: Setting CVar [[r.Shadow.PreShadowResolutionFactor:1.0]]
[2019.11.12-12.17.20:193][  0]LogConfig: Setting CVar [[r.DistanceFieldShadowing:1]]
[2019.11.12-12.17.20:193][  0]LogConfig: Setting CVar [[r.DistanceFieldAO:1]]
[2019.11.12-12.17.20:194][  0]LogConfig: Setting CVar [[r.AOQuality:2]]
[2019.11.12-12.17.20:194][  0]LogConfig: Setting CVar [[r.VolumetricFog:1]]
[2019.11.12-12.17.20:194][  0]LogConfig: Setting CVar [[r.VolumetricFog.GridPixelSize:8]]
[2019.11.12-12.17.20:194][  0]LogConfig: Setting CVar [[r.VolumetricFog.GridSizeZ:128]]
[2019.11.12-12.17.20:194][  0]LogConfig: Setting CVar [[r.VolumetricFog.HistoryMissSupersampleCount:4]]
[2019.11.12-12.17.20:194][  0]LogConfig: Setting CVar [[r.LightMaxDrawDistanceScale:1]]
[2019.11.12-12.17.20:194][  0]LogConfig: Setting CVar [[r.CapsuleShadows:1]]
[2019.11.12-12.17.20:194][  0]LogConfig: Applying CVar settings from Section [PostProcessQuality@3] File [C:/Users/Karl Martin/Documents/Unreal Projects/TheWalkingMan/Saved/Config/Windows/Scalability.ini]
[2019.11.12-12.17.20:194][  0]LogConfig: Setting CVar [[r.MotionBlurQuality:4]]
[2019.11.12-12.17.20:194][  0]LogConfig: Setting CVar [[r.AmbientOcclusionMipLevelFactor:0.4]]
[2019.11.12-12.17.20:194][  0]LogConfig: Setting CVar [[r.AmbientOcclusionMaxQuality:100]]
[2019.11.12-12.17.20:194][  0]LogConfig: Setting CVar [[r.AmbientOcclusionLevels:-1]]
[2019.11.12-12.17.20:194][  0]LogConfig: Setting CVar [[r.AmbientOcclusionRadiusScale:1.0]]
[2019.11.12-12.17.20:194][  0]LogConfig: Setting CVar [[r.DepthOfFieldQuality:2]]
[2019.11.12-12.17.20:194][  0]LogConfig: Setting CVar [[r.RenderTargetPoolMin:400]]
[2019.11.12-12.17.20:194][  0]LogConfig: Setting CVar [[r.LensFlareQuality:2]]
[2019.11.12-12.17.20:194][  0]LogConfig: Setting CVar [[r.SceneColorFringeQuality:1]]
[2019.11.12-12.17.20:194][  0]LogConfig: Setting CVar [[r.EyeAdaptationQuality:2]]
[2019.11.12-12.17.20:194][  0]LogConfig: Setting CVar [[r.BloomQuality:5]]
[2019.11.12-12.17.20:194][  0]LogConfig: Setting CVar [[r.FastBlurThreshold:100]]
[2019.11.12-12.17.20:194][  0]LogConfig: Setting CVar [[r.Upscale.Quality:3]]
[2019.11.12-12.17.20:194][  0]LogConfig: Setting CVar [[r.Tonemapper.GrainQuantization:1]]
[2019.11.12-12.17.20:194][  0]LogConfig: Setting CVar [[r.LightShaftQuality:1]]
[2019.11.12-12.17.20:194][  0]LogConfig: Setting CVar [[r.Filter.SizeScale:1]]
[2019.11.12-12.17.20:194][  0]LogConfig: Setting CVar [[r.Tonemapper.Quality:5]]
[2019.11.12-12.17.20:194][  0]LogConfig: Setting CVar [[r.DOF.Gather.AccumulatorQuality:1        ; higher gathering accumulator quality]]
[2019.11.12-12.17.20:194][  0]LogConfig: Setting CVar [[r.DOF.Gather.PostfilterMethod:1          ; Median3x3 postfilering method]]
[2019.11.12-12.17.20:194][  0]LogConfig: Setting CVar [[r.DOF.Gather.EnableBokehSettings:0       ; no bokeh simulation when gathering]]
[2019.11.12-12.17.20:194][  0]LogConfig: Setting CVar [[r.DOF.Gather.RingCount:4                 ; medium number of samples when gathering]]
[2019.11.12-12.17.20:194][  0]LogConfig: Setting CVar [[r.DOF.Scatter.ForegroundCompositing:1    ; additive foreground scattering]]
[2019.11.12-12.17.20:194][  0]LogConfig: Setting CVar [[r.DOF.Scatter.BackgroundCompositing:2    ; additive background scattering]]
[2019.11.12-12.17.20:194][  0]LogConfig: Setting CVar [[r.DOF.Scatter.EnableBokehSettings:1      ; bokeh simulation when scattering]]
[2019.11.12-12.17.20:194][  0]LogConfig: Setting CVar [[r.DOF.Scatter.MaxSpriteRatio:0.1         ; only a maximum of 10% of scattered bokeh]]
[2019.11.12-12.17.20:194][  0]LogConfig: Setting CVar [[r.DOF.Recombine.Quality:1                ; cheap slight out of focus]]
[2019.11.12-12.17.20:194][  0]LogConfig: Setting CVar [[r.DOF.Recombine.EnableBokehSettings:0    ; no bokeh simulation on slight out of focus]]
[2019.11.12-12.17.20:194][  0]LogConfig: Setting CVar [[r.DOF.TemporalAAQuality:1                ; more stable temporal accumulation]]
[2019.11.12-12.17.20:194][  0]LogConfig: Setting CVar [[r.DOF.Kernel.MaxForegroundRadius:0.025]]
[2019.11.12-12.17.20:195][  0]LogConfig: Setting CVar [[r.DOF.Kernel.MaxBackgroundRadius:0.025]]
[2019.11.12-12.17.20:195][  0]LogConfig: Applying CVar settings from Section [TextureQuality@3] File [C:/Users/Karl Martin/Documents/Unreal Projects/TheWalkingMan/Saved/Config/Windows/Scalability.ini]
[2019.11.12-12.17.20:195][  0]LogConfig: Setting CVar [[r.Streaming.MipBias:0]]
[2019.11.12-12.17.20:195][  0]LogConfig: Setting CVar [[r.Streaming.AmortizeCPUToGPUCopy:0]]
[2019.11.12-12.17.20:195][  0]LogConfig: Setting CVar [[r.Streaming.MaxNumTexturesToStreamPerFrame:0]]
[2019.11.12-12.17.20:195][  0]LogConfig: Setting CVar [[r.Streaming.Boost:1]]
[2019.11.12-12.17.20:195][  0]LogConfig: Setting CVar [[r.MaxAnisotropy:8]]
[2019.11.12-12.17.20:195][  0]LogConfig: Setting CVar [[r.Streaming.LimitPoolSizeToVRAM:0]]
[2019.11.12-12.17.20:195][  0]LogConfig: Setting CVar [[r.Streaming.PoolSize:1000]]
[2019.11.12-12.17.20:195][  0]LogConfig: Setting CVar [[r.Streaming.MaxEffectiveScreenSize:0]]
[2019.11.12-12.17.20:195][  0]LogConfig: Applying CVar settings from Section [EffectsQuality@3] File [C:/Users/Karl Martin/Documents/Unreal Projects/TheWalkingMan/Saved/Config/Windows/Scalability.ini]
[2019.11.12-12.17.20:195][  0]LogConfig: Setting CVar [[r.TranslucencyLightingVolumeDim:64]]
[2019.11.12-12.17.20:195][  0]LogConfig: Setting CVar [[r.RefractionQuality:2]]
[2019.11.12-12.17.20:195][  0]LogConfig: Setting CVar [[r.SSR.Quality:3]]
[2019.11.12-12.17.20:195][  0]LogConfig: Setting CVar [[r.SceneColorFormat:4]]
[2019.11.12-12.17.20:195][  0]LogConfig: Setting CVar [[r.DetailMode:2]]
[2019.11.12-12.17.20:195][  0]LogConfig: Setting CVar [[r.TranslucencyVolumeBlur:1]]
[2019.11.12-12.17.20:195][  0]LogConfig: Setting CVar [[r.MaterialQualityLevel:1 ; High quality]]
[2019.11.12-12.17.20:195][  0]LogConfig: Setting CVar [[r.SSS.Scale:1]]
[2019.11.12-12.17.20:195][  0]LogConfig: Setting CVar [[r.SSS.SampleSet:2]]
[2019.11.12-12.17.20:195][  0]LogConfig: Setting CVar [[r.SSS.Quality:1]]
[2019.11.12-12.17.20:195][  0]LogConfig: Setting CVar [[r.SSS.HalfRes:1]]
[2019.11.12-12.17.20:195][  0]LogConfig: Setting CVar [[r.EmitterSpawnRateScale:1.0]]
[2019.11.12-12.17.20:195][  0]LogConfig: Setting CVar [[r.ParticleLightQuality:2]]
[2019.11.12-12.17.20:195][  0]LogConfig: Applying CVar settings from Section [FoliageQuality@3] File [C:/Users/Karl Martin/Documents/Unreal Projects/TheWalkingMan/Saved/Config/Windows/Scalability.ini]
[2019.11.12-12.17.20:195][  0]LogConfig: Setting CVar [[foliage.DensityScale:1.0]]
[2019.11.12-12.17.20:195][  0]LogConfig: Setting CVar [[grass.DensityScale:1.0]]
[2019.11.12-12.17.20:196][  0]LogInit: Selected Device Profile: [Windows]
[2019.11.12-12.17.20:196][  0]LogInit: Applying CVar settings loaded from the selected device profile: [Windows]
[2019.11.12-12.17.20:204][  0]LogHAL: Display: Platform has ~ 16 GB [17015451648 / 17179869184 / 16], which maps to Larger [LargestMinGB=32, LargerMinGB=12, DefaultMinGB=8, SmallerMinGB=6, SmallestMinGB=0)
[2019.11.12-12.17.20:204][  0]LogInit: Going up to parent DeviceProfile []
[2019.11.12-12.17.20:205][  0]LogConfig: Applying CVar settings from Section [ViewDistanceQuality@3] File [C:/Users/Karl Martin/Documents/Unreal Projects/TheWalkingMan/Saved/Config/Windows/Scalability.ini]
[2019.11.12-12.17.20:205][  0]LogConfig: Setting CVar [[r.SkeletalMeshLODBias:0]]
[2019.11.12-12.17.20:205][  0]LogConfig: Setting CVar [[r.ViewDistanceScale:1.0]]
[2019.11.12-12.17.20:205][  0]LogConfig: Applying CVar settings from Section [AntiAliasingQuality@3] File [C:/Users/Karl Martin/Documents/Unreal Projects/TheWalkingMan/Saved/Config/Windows/Scalability.ini]
[2019.11.12-12.17.20:205][  0]LogConfig: Setting CVar [[r.PostProcessAAQuality:4]]
[2019.11.12-12.17.20:205][  0]LogConfig: Applying CVar settings from Section [ShadowQuality@3] File [C:/Users/Karl Martin/Documents/Unreal Projects/TheWalkingMan/Saved/Config/Windows/Scalability.ini]
[2019.11.12-12.17.20:205][  0]LogConfig: Setting CVar [[r.LightFunctionQuality:1]]
[2019.11.12-12.17.20:205][  0]LogConfig: Setting CVar [[r.ShadowQuality:5]]
[2019.11.12-12.17.20:205][  0]LogConfig: Setting CVar [[r.Shadow.CSM.MaxCascades:10]]
[2019.11.12-12.17.20:205][  0]LogConfig: Setting CVar [[r.Shadow.MaxResolution:2048]]
[2019.11.12-12.17.20:205][  0]LogConfig: Setting CVar [[r.Shadow.MaxCSMResolution:2048]]
[2019.11.12-12.17.20:205][  0]LogConfig: Setting CVar [[r.Shadow.RadiusThreshold:0.01]]
[2019.11.12-12.17.20:205][  0]LogConfig: Setting CVar [[r.Shadow.DistanceScale:1.0]]
[2019.11.12-12.17.20:205][  0]LogConfig: Setting CVar [[r.Shadow.CSM.TransitionScale:1.0]]
[2019.11.12-12.17.20:205][  0]LogConfig: Setting CVar [[r.Shadow.PreShadowResolutionFactor:1.0]]
[2019.11.12-12.17.20:205][  0]LogConfig: Setting CVar [[r.DistanceFieldShadowing:1]]
[2019.11.12-12.17.20:205][  0]LogConfig: Setting CVar [[r.DistanceFieldAO:1]]
[2019.11.12-12.17.20:205][  0]LogConfig: Setting CVar [[r.AOQuality:2]]
[2019.11.12-12.17.20:205][  0]LogConfig: Setting CVar [[r.VolumetricFog:1]]
[2019.11.12-12.17.20:205][  0]LogConfig: Setting CVar [[r.VolumetricFog.GridPixelSize:8]]
[2019.11.12-12.17.20:205][  0]LogConfig: Setting CVar [[r.VolumetricFog.GridSizeZ:128]]
[2019.11.12-12.17.20:205][  0]LogConfig: Setting CVar [[r.VolumetricFog.HistoryMissSupersampleCount:4]]
[2019.11.12-12.17.20:205][  0]LogConfig: Setting CVar [[r.LightMaxDrawDistanceScale:1]]
[2019.11.12-12.17.20:205][  0]LogConfig: Setting CVar [[r.CapsuleShadows:1]]
[2019.11.12-12.17.20:206][  0]LogConfig: Applying CVar settings from Section [PostProcessQuality@3] File [C:/Users/Karl Martin/Documents/Unreal Projects/TheWalkingMan/Saved/Config/Windows/Scalability.ini]
[2019.11.12-12.17.20:206][  0]LogConfig: Setting CVar [[r.MotionBlurQuality:4]]
[2019.11.12-12.17.20:206][  0]LogConfig: Setting CVar [[r.AmbientOcclusionMipLevelFactor:0.4]]
[2019.11.12-12.17.20:206][  0]LogConfig: Setting CVar [[r.AmbientOcclusionMaxQuality:100]]
[2019.11.12-12.17.20:206][  0]LogConfig: Setting CVar [[r.AmbientOcclusionLevels:-1]]
[2019.11.12-12.17.20:206][  0]LogConfig: Setting CVar [[r.AmbientOcclusionRadiusScale:1.0]]
[2019.11.12-12.17.20:206][  0]LogConfig: Setting CVar [[r.DepthOfFieldQuality:2]]
[2019.11.12-12.17.20:206][  0]LogConfig: Setting CVar [[r.RenderTargetPoolMin:400]]
[2019.11.12-12.17.20:206][  0]LogConfig: Setting CVar [[r.LensFlareQuality:2]]
[2019.11.12-12.17.20:206][  0]LogConfig: Setting CVar [[r.SceneColorFringeQuality:1]]
[2019.11.12-12.17.20:206][  0]LogConfig: Setting CVar [[r.EyeAdaptationQuality:2]]
[2019.11.12-12.17.20:206][  0]LogConfig: Setting CVar [[r.BloomQuality:5]]
[2019.11.12-12.17.20:206][  0]LogConfig: Setting CVar [[r.FastBlurThreshold:100]]
[2019.11.12-12.17.20:206][  0]LogConfig: Setting CVar [[r.Upscale.Quality:3]]
[2019.11.12-12.17.20:206][  0]LogConfig: Setting CVar [[r.Tonemapper.GrainQuantization:1]]
[2019.11.12-12.17.20:206][  0]LogConfig: Setting CVar [[r.LightShaftQuality:1]]
[2019.11.12-12.17.20:206][  0]LogConfig: Setting CVar [[r.Filter.SizeScale:1]]
[2019.11.12-12.17.20:206][  0]LogConfig: Setting CVar [[r.Tonemapper.Quality:5]]
[2019.11.12-12.17.20:206][  0]LogConfig: Setting CVar [[r.DOF.Gather.AccumulatorQuality:1        ; higher gathering accumulator quality]]
[2019.11.12-12.17.20:206][  0]LogConfig: Setting CVar [[r.DOF.Gather.PostfilterMethod:1          ; Median3x3 postfilering method]]
[2019.11.12-12.17.20:206][  0]LogConfig: Setting CVar [[r.DOF.Gather.EnableBokehSettings:0       ; no bokeh simulation when gathering]]
[2019.11.12-12.17.20:206][  0]LogConfig: Setting CVar [[r.DOF.Gather.RingCount:4                 ; medium number of samples when gathering]]
[2019.11.12-12.17.20:207][  0]LogConfig: Setting CVar [[r.DOF.Scatter.ForegroundCompositing:1    ; additive foreground scattering]]
[2019.11.12-12.17.20:207][  0]LogConfig: Setting CVar [[r.DOF.Scatter.BackgroundCompositing:2    ; additive background scattering]]
[2019.11.12-12.17.20:207][  0]LogConfig: Setting CVar [[r.DOF.Scatter.EnableBokehSettings:1      ; bokeh simulation when scattering]]
[2019.11.12-12.17.20:207][  0]LogConfig: Setting CVar [[r.DOF.Scatter.MaxSpriteRatio:0.1         ; only a maximum of 10% of scattered bokeh]]
[2019.11.12-12.17.20:207][  0]LogConfig: Setting CVar [[r.DOF.Recombine.Quality:1                ; cheap slight out of focus]]
[2019.11.12-12.17.20:207][  0]LogConfig: Setting CVar [[r.DOF.Recombine.EnableBokehSettings:0    ; no bokeh simulation on slight out of focus]]
[2019.11.12-12.17.20:207][  0]LogConfig: Setting CVar [[r.DOF.TemporalAAQuality:1                ; more stable temporal accumulation]]
[2019.11.12-12.17.20:207][  0]LogConfig: Setting CVar [[r.DOF.Kernel.MaxForegroundRadius:0.025]]
[2019.11.12-12.17.20:207][  0]LogConfig: Setting CVar [[r.DOF.Kernel.MaxBackgroundRadius:0.025]]
[2019.11.12-12.17.20:207][  0]LogConfig: Applying CVar settings from Section [TextureQuality@3] File [C:/Users/Karl Martin/Documents/Unreal Projects/TheWalkingMan/Saved/Config/Windows/Scalability.ini]
[2019.11.12-12.17.20:208][  0]LogConfig: Setting CVar [[r.Streaming.MipBias:0]]
[2019.11.12-12.17.20:208][  0]LogConfig: Setting CVar [[r.Streaming.AmortizeCPUToGPUCopy:0]]
[2019.11.12-12.17.20:208][  0]LogConfig: Setting CVar [[r.Streaming.MaxNumTexturesToStreamPerFrame:0]]
[2019.11.12-12.17.20:208][  0]LogConfig: Setting CVar [[r.Streaming.Boost:1]]
[2019.11.12-12.17.20:208][  0]LogConfig: Setting CVar [[r.MaxAnisotropy:8]]
[2019.11.12-12.17.20:208][  0]LogConfig: Setting CVar [[r.Streaming.LimitPoolSizeToVRAM:0]]
[2019.11.12-12.17.20:208][  0]LogConfig: Setting CVar [[r.Streaming.PoolSize:1000]]
[2019.11.12-12.17.20:208][  0]LogConfig: Setting CVar [[r.Streaming.MaxEffectiveScreenSize:0]]
[2019.11.12-12.17.20:208][  0]LogConfig: Applying CVar settings from Section [EffectsQuality@3] File [C:/Users/Karl Martin/Documents/Unreal Projects/TheWalkingMan/Saved/Config/Windows/Scalability.ini]
[2019.11.12-12.17.20:208][  0]LogConfig: Setting CVar [[r.TranslucencyLightingVolumeDim:64]]
[2019.11.12-12.17.20:208][  0]LogConfig: Setting CVar [[r.RefractionQuality:2]]
[2019.11.12-12.17.20:208][  0]LogConfig: Setting CVar [[r.SSR.Quality:3]]
[2019.11.12-12.17.20:208][  0]LogConfig: Setting CVar [[r.SceneColorFormat:4]]
[2019.11.12-12.17.20:208][  0]LogConfig: Setting CVar [[r.DetailMode:2]]
[2019.11.12-12.17.20:208][  0]LogConfig: Setting CVar [[r.TranslucencyVolumeBlur:1]]
[2019.11.12-12.17.20:208][  0]LogConfig: Setting CVar [[r.MaterialQualityLevel:1 ; High quality]]
[2019.11.12-12.17.20:209][  0]LogConfig: Setting CVar [[r.SSS.Scale:1]]
[2019.11.12-12.17.20:209][  0]LogConfig: Setting CVar [[r.SSS.SampleSet:2]]
[2019.11.12-12.17.20:209][  0]LogConfig: Setting CVar [[r.SSS.Quality:1]]
[2019.11.12-12.17.20:209][  0]LogConfig: Setting CVar [[r.SSS.HalfRes:1]]
[2019.11.12-12.17.20:209][  0]LogConfig: Setting CVar [[r.EmitterSpawnRateScale:1.0]]
[2019.11.12-12.17.20:209][  0]LogConfig: Setting CVar [[r.ParticleLightQuality:2]]
[2019.11.12-12.17.20:209][  0]LogConfig: Applying CVar settings from Section [FoliageQuality@3] File [C:/Users/Karl Martin/Documents/Unreal Projects/TheWalkingMan/Saved/Config/Windows/Scalability.ini]
[2019.11.12-12.17.20:209][  0]LogConfig: Setting CVar [[foliage.DensityScale:1.0]]
[2019.11.12-12.17.20:209][  0]LogConfig: Setting CVar [[grass.DensityScale:1.0]]
[2019.11.12-12.17.20:209][  0]LogConfig: Applying CVar settings from Section [Startup] File [../../../Engine/Config/ConsoleVariables.ini]
[2019.11.12-12.17.20:210][  0]LogConfig: Setting CVar [[net.UseAdaptiveNetUpdateFrequency:0]]
[2019.11.12-12.17.20:210][  0]LogConfig: Setting CVar [[p.chaos.AllowCreatePhysxBodies:1]]
[2019.11.12-12.17.20:210][  0]LogConfig: Applying CVar settings from Section [ConsoleVariables] File [C:/Users/Karl Martin/Documents/Unreal Projects/TheWalkingMan/Saved/Config/Windows/Engine.ini]
[2019.11.12-12.17.20:210][  0]LogInit: Computer: DESKTOP-BUBSS09
[2019.11.12-12.17.20:210][  0]LogInit: User: KarlMartin
[2019.11.12-12.17.20:210][  0]LogInit: CPU Page size=4096, Cores=4
[2019.11.12-12.17.20:210][  0]LogInit: High frequency timer resolution =10.000000 MHz
[2019.11.12-12.17.20:210][  0]LogMemory: Memory total: Physical=15.8GB (16GB approx)
[2019.11.12-12.17.20:211][  0]LogMemory: Platform Memory Stats for Windows
[2019.11.12-12.17.20:211][  0]LogMemory: Process Physical Memory: 100.89 MB used, 100.89 MB peak
[2019.11.12-12.17.20:211][  0]LogMemory: Process Virtual Memory: 100.63 MB used, 100.63 MB peak
[2019.11.12-12.17.20:211][  0]LogMemory: Physical Memory: 8623.51 MB used,  7603.69 MB free, 16227.20 MB total
[2019.11.12-12.17.20:211][  0]LogMemory: Virtual Memory: 4668.43 MB used,  134213056.00 MB free, 134217728.00 MB total
[2019.11.12-12.17.20:220][  0]LogWindows: WindowsPlatformFeatures enabled
[2019.11.12-12.17.20:275][  0]LogInit: Using OS detected language (en-GB).
[2019.11.12-12.17.20:275][  0]LogInit: Using OS detected locale (en-GB).
[2019.11.12-12.17.20:277][  0]LogTextLocalizationManager: No specific localization for 'en-GB' exists, so the 'en' localization will be used.
[2019.11.12-12.17.20:671][  0]LogInit: Setting process to per monitor DPI aware
[2019.11.12-12.17.20:749][  0]LogSlate: New Slate User Created.  User Index 0, Is Virtual User: 0
[2019.11.12-12.17.20:749][  0]LogSlate: Slate User Registered.  User Index 0, Is Virtual User: 0
[2019.11.12-12.17.21:106][  0]LogHMD: Failed to initialize OpenVR with code 110
[2019.11.12-12.17.21:106][  0]LogD3D11RHI: D3D11 adapters:
[2019.11.12-12.17.21:136][  0]LogD3D11RHI:    0. 'Intel(R) UHD Graphics 620' (Feature Level 11_0)
[2019.11.12-12.17.21:136][  0]LogD3D11RHI:       128/0/8113 MB DedicatedVideo/DedicatedSystem/SharedSystem, Outputs:1, VendorId:0x8086
[2019.11.12-12.17.21:141][  0]LogD3D11RHI:    1. 'Microsoft Basic Render Driver' (Feature Level 11_0)
[2019.11.12-12.17.21:141][  0]LogD3D11RHI:       0/0/8113 MB DedicatedVideo/DedicatedSystem/SharedSystem, Outputs:0, VendorId:0x1414
[2019.11.12-12.17.21:141][  0]LogD3D11RHI: Chosen D3D11 Adapter: 0
[2019.11.12-12.17.21:155][  0]LogD3D11RHI: Creating new Direct3DDevice
[2019.11.12-12.17.21:155][  0]LogD3D11RHI:     GPU DeviceId: 0x5917 (for the marketing name, search the web for "GPU Device Id")
[2019.11.12-12.17.21:155][  0]LogWindows: EnumDisplayDevices:
[2019.11.12-12.17.21:156][  0]LogWindows:    0. 'Intel(R) UHD Graphics 620' (P:1 D:1)
[2019.11.12-12.17.21:156][  0]LogWindows:    1. 'Intel(R) UHD Graphics 620' (P:0 D:0)
[2019.11.12-12.17.21:157][  0]LogWindows:    2. 'Intel(R) UHD Graphics 620' (P:0 D:0)
[2019.11.12-12.17.21:158][  0]LogWindows: DebugString: FoundDriverCount:3 
[2019.11.12-12.17.21:158][  0]LogD3D11RHI:     Adapter Name: Intel(R) UHD Graphics 620
[2019.11.12-12.17.21:158][  0]LogD3D11RHI:   Driver Version: 25.20.100.6374 (internal:25.20.100.6374, unified:25.20.100.6374)
[2019.11.12-12.17.21:158][  0]LogD3D11RHI:      Driver Date: 11-18-2018
[2019.11.12-12.17.21:158][  0]LogRHI: Texture pool is 1523 MB (70% of 2176 MB)
[2019.11.12-12.17.21:205][  0]LogD3D11RHI: [IntelMetricsDiscovery] Started
[2019.11.12-12.17.21:205][  0]LogD3D11RHI: Async texture creation enabled
[2019.11.12-12.17.21:218][  0]LogD3D11RHI: GPU Timing Frequency: 12.000048 (Debug: 2 0)
[2019.11.12-12.17.22:157][  0]LogTemp: Display: Module 'AllDesktopTargetPlatform' loaded TargetPlatform 'AllDesktop'
[2019.11.12-12.17.22:178][  0]LogTemp: Display: Module 'MacClientTargetPlatform' loaded TargetPlatform 'MacClient'
[2019.11.12-12.17.22:200][  0]LogTemp: Display: Module 'MacNoEditorTargetPlatform' loaded TargetPlatform 'MacNoEditor'
[2019.11.12-12.17.22:228][  0]LogTemp: Display: Module 'MacServerTargetPlatform' loaded TargetPlatform 'MacServer'
[2019.11.12-12.17.22:257][  0]LogTemp: Display: Module 'MacTargetPlatform' loaded TargetPlatform 'Mac'
[2019.11.12-12.17.22:288][  0]LogTemp: Display: Module 'WindowsClientTargetPlatform' loaded TargetPlatform 'WindowsClient'
[2019.11.12-12.17.22:317][  0]LogTemp: Display: Module 'WindowsNoEditorTargetPlatform' loaded TargetPlatform 'WindowsNoEditor'
[2019.11.12-12.17.22:345][  0]LogTemp: Display: Module 'WindowsServerTargetPlatform' loaded TargetPlatform 'WindowsServer'
[2019.11.12-12.17.22:359][  0]LogTemp: Display: Module 'WindowsTargetPlatform' loaded TargetPlatform 'Windows'
[2019.11.12-12.17.22:464][  0]LogTemp: Display: Module 'AndroidTargetPlatform' loaded TargetPlatform 'Android'
[2019.11.12-12.17.22:464][  0]LogTemp: Display: Module 'AndroidTargetPlatform' loaded TargetPlatform 'Android_ASTC'
[2019.11.12-12.17.22:464][  0]LogTemp: Display: Module 'AndroidTargetPlatform' loaded TargetPlatform 'Android_ATC'
[2019.11.12-12.17.22:465][  0]LogTemp: Display: Module 'AndroidTargetPlatform' loaded TargetPlatform 'Android_DXT'
[2019.11.12-12.17.22:465][  0]LogTemp: Display: Module 'AndroidTargetPlatform' loaded TargetPlatform 'Android_ETC1'
[2019.11.12-12.17.22:465][  0]LogTemp: Display: Module 'AndroidTargetPlatform' loaded TargetPlatform 'Android_ETC1a'
[2019.11.12-12.17.22:465][  0]LogTemp: Display: Module 'AndroidTargetPlatform' loaded TargetPlatform 'Android_ETC2'
[2019.11.12-12.17.22:465][  0]LogTemp: Display: Module 'AndroidTargetPlatform' loaded TargetPlatform 'Android_PVRTC'
[2019.11.12-12.17.22:465][  0]LogTemp: Display: Module 'AndroidTargetPlatform' loaded TargetPlatform 'AndroidClient'
[2019.11.12-12.17.22:465][  0]LogTemp: Display: Module 'AndroidTargetPlatform' loaded TargetPlatform 'Android_ASTCClient'
[2019.11.12-12.17.22:465][  0]LogTemp: Display: Module 'AndroidTargetPlatform' loaded TargetPlatform 'Android_ATCClient'
[2019.11.12-12.17.22:465][  0]LogTemp: Display: Module 'AndroidTargetPlatform' loaded TargetPlatform 'Android_DXTClient'
[2019.11.12-12.17.22:465][  0]LogTemp: Display: Module 'AndroidTargetPlatform' loaded TargetPlatform 'Android_ETC1Client'
[2019.11.12-12.17.22:465][  0]LogTemp: Display: Module 'AndroidTargetPlatform' loaded TargetPlatform 'Android_ETC1aClient'
[2019.11.12-12.17.22:465][  0]LogTemp: Display: Module 'AndroidTargetPlatform' loaded TargetPlatform 'Android_ETC2Client'
[2019.11.12-12.17.22:465][  0]LogTemp: Display: Module 'AndroidTargetPlatform' loaded TargetPlatform 'Android_PVRTCClient'
[2019.11.12-12.17.22:465][  0]LogTemp: Display: Module 'AndroidTargetPlatform' loaded TargetPlatform 'Android_Multi'
[2019.11.12-12.17.22:465][  0]LogTemp: Display: Module 'AndroidTargetPlatform' loaded TargetPlatform 'Android_MultiClient'
[2019.11.12-12.17.22:471][  0]LogTemp: Display: Module 'HTML5TargetPlatform' loaded TargetPlatform 'HTML5'
[2019.11.12-12.17.22:529][  0]LogTemp: Display: Module 'IOSTargetPlatform' loaded TargetPlatform 'IOSClient'
[2019.11.12-12.17.22:529][  0]LogTemp: Display: Module 'IOSTargetPlatform' loaded TargetPlatform 'IOS'
[2019.11.12-12.17.22:571][  0]LogTemp: Display: Module 'TVOSTargetPlatform' loaded TargetPlatform 'TVOSClient'
[2019.11.12-12.17.22:571][  0]LogTemp: Display: Module 'TVOSTargetPlatform' loaded TargetPlatform 'TVOS'
[2019.11.12-12.17.22:593][  0]LogTemp: Display: Module 'LinuxClientTargetPlatform' loaded TargetPlatform 'LinuxClient'
[2019.11.12-12.17.22:617][  0]LogTemp: Display: Module 'LinuxNoEditorTargetPlatform' loaded TargetPlatform 'LinuxNoEditor'
[2019.11.12-12.17.22:643][  0]LogTemp: Display: Module 'LinuxServerTargetPlatform' loaded TargetPlatform 'LinuxServer'
[2019.11.12-12.17.22:668][  0]LogTemp: Display: Module 'LinuxTargetPlatform' loaded TargetPlatform 'Linux'
[2019.11.12-12.17.22:727][  0]LogTemp: Display: Module 'LuminTargetPlatform' loaded TargetPlatform 'Lumin'
[2019.11.12-12.17.22:727][  0]LogTemp: Display: Module 'LuminTargetPlatform' loaded TargetPlatform 'LuminClient'
[2019.11.12-12.17.22:727][  0]LogTargetPlatformManager: Display: Building Assets For Windows
[2019.11.12-12.17.22:751][  0]LogAudioDebug: Display: Lib vorbis DLL was dynamically loaded.
[2019.11.12-12.17.22:884][  0]LogShaderCompilers: Guid format shader working directory is -23 characters bigger than the processId version (../../../../../../Users/Karl Martin/Documents/Unreal Projects/TheWalkingMan/Intermediate/Shaders/WorkingDirectory/5684/).
[2019.11.12-12.17.22:884][  0]LogShaderCompilers: Cleaned the shader compiler working directory 'C:/Users/Karl Martin/AppData/Local/Temp/UnrealShaderWorkingDir/D4C080E04CAE43E075C5B8850771388F/'.
[2019.11.12-12.17.22:890][  0]LogXGEController: Cannot use XGE Controller as Incredibuild is not installed on this machine.
[2019.11.12-12.17.22:891][  0]LogShaderCompilers: Cannot use XGE Shader Compiler as Incredibuild is not installed on this machine.
[2019.11.12-12.17.22:891][  0]LogShaderCompilers: Display: Using Local Shader Compiler.
[2019.11.12-12.17.24:394][  0]LogDerivedDataCache: Display: Max Cache Size: 512 MB
[2019.11.12-12.17.24:497][  0]LogDerivedDataCache: Loaded boot cache 0.10s 79MB C:/Users/Karl Martin/AppData/Local/UnrealEngine/4.23/DerivedDataCache/Boot.ddc.
[2019.11.12-12.17.24:497][  0]LogDerivedDataCache: Display: Loaded Boot cache: C:/Users/Karl Martin/AppData/Local/UnrealEngine/4.23/DerivedDataCache/Boot.ddc
[2019.11.12-12.17.24:497][  0]LogDerivedDataCache: FDerivedDataBackendGraph:  Pak pak cache file ../../../../../../Users/Karl Martin/Documents/Unreal Projects/TheWalkingMan/DerivedDataCache/DDC.ddp not found, will not use a pak cache.
[2019.11.12-12.17.24:497][  0]LogDerivedDataCache: Unable to find inner node Pak for hierarchical cache Hierarchy.
[2019.11.12-12.17.24:497][  0]LogDerivedDataCache: FDerivedDataBackendGraph:  CompressedPak pak cache file ../../../../../../Users/Karl Martin/Documents/Unreal Projects/TheWalkingMan/DerivedDataCache/Compressed.ddp not found, will not use a pak cache.
[2019.11.12-12.17.24:497][  0]LogDerivedDataCache: Unable to find inner node CompressedPak for hierarchical cache Hierarchy.
[2019.11.12-12.17.24:524][  0]LogDerivedDataCache: Display: Pak cache opened for reading ../../../Engine/DerivedDataCache/Compressed.ddp.
[2019.11.12-12.17.24:529][  0]LogDerivedDataCache: Display: Pak cache opened for reading ../../../Enterprise/DerivedDataCache/Compressed.ddp.
[2019.11.12-12.17.24:531][  0]LogDerivedDataCache: Using Local data cache path C:/Users/Karl Martin/AppData/Local/UnrealEngine/Common/DerivedDataCache: Writable
[2019.11.12-12.17.24:531][  0]LogDerivedDataCache: Shared data cache path not found in *engine.ini, will not use an Shared cache.
[2019.11.12-12.17.24:532][  0]LogDerivedDataCache: Unable to find inner node Shared for hierarchical cache Hierarchy.
[2019.11.12-12.17.24:582][  0]LogMaterial: Verifying Global Shaders for PCD3D_SM5
[2019.11.12-12.17.24:587][  0]LogSlate: Using FreeType 2.6.0
[2019.11.12-12.17.24:588][  0]LogSlate: SlateFontServices - WITH_FREETYPE: 1, WITH_HARFBUZZ: 1
[2019.11.12-12.17.24:710][  0]LogAssetRegistry: FAssetRegistry took 0.0042 seconds to start up
[2019.11.12-12.17.25:416][  0]LogInit: Selected Device Profile: [Windows]
[2019.11.12-12.17.25:770][  0]LogMeshReduction: Using QuadricMeshReduction for automatic static mesh reduction
[2019.11.12-12.17.25:770][  0]LogMeshReduction: Using SimplygonMeshReduction for automatic skeletal mesh reduction
[2019.11.12-12.17.25:771][  0]LogMeshReduction: Using ProxyLODMeshReduction for automatic mesh merging
[2019.11.12-12.17.25:771][  0]LogMeshReduction: No distributed automatic mesh merging module available
[2019.11.12-12.17.25:771][  0]LogMeshMerging: No distributed automatic mesh merging module available
[2019.11.12-12.17.25:793][  0]LogNetVersion: TheWalkingMan 1.0.0, NetCL: 8386587, EngineNetVer: 11, GameNetVer: 0 (Checksum: 3455556331)
[2019.11.12-12.17.27:000][  0]LogPackageLocalizationCache: Processed 18 localized package path(s) for 1 prioritized culture(s) in 0.235146 seconds
[2019.11.12-12.17.27:016][  0]LogUObjectArray: 43444 objects as part of root set at end of initial load.
[2019.11.12-12.17.27:016][  0]LogUObjectAllocator: 7548648 out of 0 bytes used by permanent object pool.
[2019.11.12-12.17.27:016][  0]LogUObjectArray: CloseDisregardForGC: 0/0 objects in disregard for GC pool
[2019.11.12-12.17.29:106][  0]LogTcpMessaging: Initializing TcpMessaging bridge
[2019.11.12-12.17.29:111][  0]LogUdpMessaging: Initializing bridge on interface 0.0.0.0:0 to multicast group 230.0.0.1:6666.
[2019.11.12-12.17.30:205][  0]SourceControl: Source control is disabled
[2019.11.12-12.17.30:206][  0]SourceControl: Source control is disabled
[2019.11.12-12.17.30:209][  0]SourceControl: Source control is disabled
[2019.11.12-12.17.30:212][  0]SourceControl: Source control is disabled
[2019.11.12-12.17.30:784][  0]LogAndroidPermission: UAndroidPermissionCallbackProxy::GetInstance
[2019.11.12-12.17.31:062][  0]LogOcInput: OculusInput pre-init called
[2019.11.12-12.17.31:101][  0]LogWindows: Failed to load 'OVRPlugin.dll' (GetLastError=126)
[2019.11.12-12.17.31:101][  0]LogWindows: File 'OVRPlugin.dll' does not exist
[2019.11.12-12.17.43:809][  0]LogEngine: Initializing Engine...
[2019.11.12-12.17.43:811][  0]LogHMD: Failed to initialize OpenVR with code 110
[2019.11.12-12.17.43:813][  0]LogStats: UGameplayTagsManager::InitializeManager -  0.000 s
[2019.11.12-12.17.44:281][  0]LogInit: Initializing FReadOnlyCVARCache
[2019.11.12-12.17.44:318][  0]LogAIModule: Creating AISystem for world Untitled
[2019.11.12-12.17.44:679][  0]LogInit: XAudio2 using 'Speakers (Conexant ISST Audio)' : 2 channels at 48 kHz using 32 bits per sample (channel mask 0x3)
[2019.11.12-12.17.44:702][  0]LogInit: FAudioDevice initialized.
[2019.11.12-12.17.44:703][  0]LogNetVersion: Set ProjectVersion to 1.0.0.0. Version Checksum will be recalculated on next use.
[2019.11.12-12.17.44:806][  0]LogDerivedDataCache: Saved boot cache 0.10s 78MB C:/Users/Karl Martin/AppData/Local/UnrealEngine/4.23/DerivedDataCache/Boot.ddc.
[2019.11.12-12.17.44:826][  0]LogInit: Texture streaming: Enabled
[2019.11.12-12.17.44:868][  0]LogEngineSessionManager: EngineSessionManager initialized
[2019.11.12-12.17.44:869][  0]LogEditorSessionSummary: Verbose: Initializing EditorSessionSummaryWriter for editor session tracking
[2019.11.12-12.17.44:871][  0]LogEditorSessionSummary: EditorSessionSummaryWriter initialized
[2019.11.12-12.17.45:003][  0]LogInit: Transaction tracking system initialized
[2019.11.12-12.17.45:122][  0]BlueprintLog: New page: Editor Load
[2019.11.12-12.17.45:330][  0]LocalizationService: Localization service is disabled
[2019.11.12-12.17.45:859][  0]LogFileCache: Scanning file cache for directory 'C:/Users/Karl Martin/Documents/Unreal Projects/TheWalkingMan/Content/' took 0.01s
[2019.11.12-12.17.45:859][  0]LogCook: Display: Max memory allowance for cook 16384mb min free memory 0mb
[2019.11.12-12.17.45:859][  0]LogCook: Display: Mobile HDR setting 1
[2019.11.12-12.17.50:135][  0]SourceControl: Source control is disabled
[2019.11.12-12.17.50:136][  0]Cmd: MAP LOAD FILE="../../../../../../Users/Karl Martin/Documents/Unreal Projects/TheWalkingMan/Content/ThirdPersonCPP/Maps/ThirdPersonExampleMap.umap" TEMPLATE=0 SHOWPROGRESS=1 FEATURELEVEL=3
[2019.11.12-12.17.50:136][  0]LightingResults: New page: Lighting Build
[2019.11.12-12.17.50:141][  0]LogWorld: UWorld::CleanupWorld for Untitled, bSessionEnded=true, bCleanupResources=true
[2019.11.12-12.17.50:141][  0]MapCheck: New page: Map Check
[2019.11.12-12.17.50:142][  0]LightingResults: New page: Lighting Build
[2019.11.12-12.17.50:187][  0]LogUObjectHash: Compacting FUObjectHashTables data took   3.33ms
[2019.11.12-12.17.50:845][  0]LogAIModule: Creating AISystem for world ThirdPersonExampleMap
[2019.11.12-12.17.58:989][  0]LogEditorServer: Finished looking for orphan Actors (0.000 secs)
[2019.11.12-12.17.59:276][  0]LogUObjectHash: Compacting FUObjectHashTables data took   3.26ms
[2019.11.12-12.17.59:276][  0]Cmd: MAP CHECKDEP NOCLEARLOG
[2019.11.12-12.17.59:277][  0]MapCheck: Map check complete: 0 Error(s), 0 Warning(s), took 0.376ms to complete.
[2019.11.12-12.17.59:277][  0]LogFileHelpers: Loading map 'ThirdPersonExampleMap' took 9.141
[2019.11.12-12.17.59:661][  0]LogSlate: Updating window title bar state: overlay mode, drag disabled, window buttons hidden, title bar hidden
[2019.11.12-12.17.59:684][  0]LogSlate: Updating window title bar state: overlay mode, drag disabled, window buttons hidden, title bar hidden
[2019.11.12-12.17.59:708][  0]LogSlate: Updating window title bar state: overlay mode, drag disabled, window buttons hidden, title bar hidden
[2019.11.12-12.17.59:734][  0]LogSlate: Updating window title bar state: overlay mode, drag disabled, window buttons hidden, title bar hidden
[2019.11.12-12.17.59:777][  0]LogCollectionManager: Loaded 0 collections in 0.007143 seconds
[2019.11.12-12.17.59:829][  0]LogFileCache: Scanning file cache for directory 'C:/Users/Karl Martin/Documents/Unreal Projects/TheWalkingMan/Saved/Collections/' took 0.00s
[2019.11.12-12.17.59:829][  0]LogFileCache: Scanning file cache for directory 'C:/Users/Karl Martin/Documents/Unreal Projects/TheWalkingMan/Content/Developers/KarlMartin/Collections/' took 0.00s
[2019.11.12-12.17.59:829][  0]LogFileCache: Scanning file cache for directory 'C:/Users/Karl Martin/Documents/Unreal Projects/TheWalkingMan/Content/Collections/' took 0.00s
[2019.11.12-12.17.59:830][  0]LogCollectionManager: Rebuilt the GUID cache for 0 collections in 0.000007 seconds
[2019.11.12-12.17.59:870][  0]LogContentBrowser: Native class hierarchy populated in 0.0374 seconds. Added 3047 classes and 767 folders.
[2019.11.12-12.17.59:919][  0]LogContentBrowser: Native class hierarchy updated for 'WidgetCarousel' in 0.0010 seconds. Added 0 classes and 0 folders.
[2019.11.12-12.18.01:257][  0]LogContentBrowser: Native class hierarchy updated for 'AddContentDialog' in 0.0011 seconds. Added 0 classes and 0 folders.
[2019.11.12-12.18.01:278][  0]LogContentBrowser: Native class hierarchy updated for 'SceneOutliner' in 0.0014 seconds. Added 1 classes and 0 folders.
[2019.11.12-12.18.01:417][  0]LogSlate: Took 0.000841 seconds to synchronously load lazily loaded font '../../../Engine/Content/Slate/Fonts/Roboto-Regular.ttf' (155K)
[2019.11.12-12.18.01:432][  0]LogSlate: Took 0.000885 seconds to synchronously load lazily loaded font '../../../Engine/Content/Slate/Fonts/Roboto-Bold.ttf' (160K)
[2019.11.12-12.18.01:473][  0]LogSlate: Took 0.011579 seconds to synchronously load lazily loaded font '../../../Engine/Content/Editor/Slate/Fonts/FontAwesome.ttf' (139K)
[2019.11.12-12.18.01:918][  0]LogRenderer: Reallocating scene render targets to support 1208x572 Format 10 NumSamples 1 (Frame:1).
[2019.11.12-12.18.05:964][  0]LogSlate: FSceneViewport::OnFocusLost() reason 5
[2019.11.12-12.18.06:133][  0]LogSlate: Window 'Tutorials' being destroyed
[2019.11.12-12.18.06:171][  0]LogContentBrowser: Native class hierarchy updated for 'HierarchicalLODOutliner' in 0.0014 seconds. Added 0 classes and 0 folders.
[2019.11.12-12.18.06:171][  0]LogLoad: (Engine Initialization) Total time: 50.49 seconds
[2019.11.12-12.18.06:172][  0]LogLoad: (Engine Initialization) Total Blueprint compile time: 0.00 seconds
[2019.11.12-12.18.06:276][  0]LogContentStreaming: Texture pool size now 1000 MB
[2019.11.12-12.18.06:382][  0]LogSlate: Took 0.025670 seconds to synchronously load lazily loaded font '../../../Engine/Content/Slate/Fonts/Roboto-Light.ttf' (167K)
[2019.11.12-12.18.08:293][  3]LogAssetRegistry: Asset discovery search completed in 43.5849 seconds
[2019.11.12-12.18.08:311][  3]LogCollectionManager: Rebuilt the object cache for 0 collections in 0.000027 seconds (found 0 objects)
[2019.11.12-12.18.08:312][  3]LogCollectionManager: Fixed up redirectors for 0 collections in 0.000294 seconds (updated 0 objects)
[2019.11.12-12.18.14:903][ 22]LogSlate: FSceneViewport::OnFocusLost() reason 0
[2019.11.12-12.18.55:067][221]LogSlate: Took 0.000541 seconds to synchronously load lazily loaded font '../../../Engine/Content/Slate/Fonts/Roboto-Light.ttf' (167K)
[2019.11.12-12.19.06:317][308]LogEditorSessionSummary: EditorSessionSummary sent report. Type=Shutdown, SessionId={24101C77-41CF-1FC0-CA11-BAA06BD17B89}
[2019.11.12-12.27.07:394][903]LogEditorSessionSummary: EditorSessionSummary sent report. Type=Shutdown, SessionId={1F3FEF8F-4E68-34D0-9ED9-8280718C5354}
[2019.11.12-12.28.15:949][272]LogSlate: FSceneViewport::OnFocusLost() reason 5
[2019.11.12-12.28.16:062][272]LogUObjectHash: Compacting FUObjectHashTables data took   3.31ms
[2019.11.12-12.28.17:499][272]LogSavePackage: Moving '../../../../../../Users/Karl Martin/Documents/Unreal Projects/TheWalkingMan/Saved/ThirdPersonExampleMapDEA407F74730525E566F2E893DF7C4D3.tmp' to '../../../../../../Users/Karl Martin/Documents/Unreal Projects/TheWalkingMan/Content/ThirdPersonCPP/Maps/ThirdPersonExampleMap.umap'
[2019.11.12-12.28.18:219][272]LogSavePackage: Moving '../../../../../../Users/Karl Martin/Documents/Unreal Projects/TheWalkingMan/Saved/ThirdPersonExampleMap_BuiltDataD760C76640D2E4B376C24194AEA5555D.tmp' to '../../../../../../Users/Karl Martin/Documents/Unreal Projects/TheWalkingMan/Content/ThirdPersonCPP/Maps/ThirdPersonExampleMap_BuiltData.uasset'
[2019.11.12-12.28.22:245][292]LogSlate: FSceneViewport::OnFocusLost() reason 0
[2019.11.12-12.28.22:521][302]LogUObjectHash: Compacting FUObjectHashTables data took   6.25ms
[2019.11.12-12.28.22:782][302]LogSlate: Window 'TheWalkingMan - Unreal Editor' being destroyed
[2019.11.12-12.28.23:124][303]Cmd: QUIT_EDITOR
[2019.11.12-12.28.23:178][303]LogWindowsTextInputMethodSystem: Display: IME system now deactivated.
[2019.11.12-12.28.23:221][303]LogExit: Preparing to exit.
[2019.11.12-12.28.23:615][303]LogWorld: UWorld::CleanupWorld for World_0, bSessionEnded=true, bCleanupResources=true
[2019.11.12-12.28.23:659][303]LogDemo: Cleaned up 0 splitscreen connections with owner deletion
[2019.11.12-12.28.23:702][303]LogWorld: UWorld::CleanupWorld for None, bSessionEnded=true, bCleanupResources=true
[2019.11.12-12.28.23:703][303]LogExit: Editor shut down
[2019.11.12-12.28.23:703][303]LogExit: Transaction tracking system shut down
[2019.11.12-12.28.24:216][303]LogExit: Object subsystem successfully closed.
[2019.11.12-12.28.24:247][303]LogShaderCompilers: Display: Shaders left to compile 0
[2019.11.12-12.28.24:317][303]LogModuleManager: Shutting down and abandoning module HierarchicalLODOutliner (730)
[2019.11.12-12.28.24:317][303]LogModuleManager: Shutting down and abandoning module SceneOutliner (728)
[2019.11.12-12.28.24:317][303]LogModuleManager: Shutting down and abandoning module AddContentDialog (726)
[2019.11.12-12.28.24:317][303]LogModuleManager: Shutting down and abandoning module WidgetCarousel (725)
[2019.11.12-12.28.24:317][303]LogModuleManager: Shutting down and abandoning module EditorWidgets (722)
[2019.11.12-12.28.24:317][303]LogModuleManager: Shutting down and abandoning module CollectionManager (720)
[2019.11.12-12.28.24:318][303]LogModuleManager: Shutting down and abandoning module StatsViewer (718)
[2019.11.12-12.28.24:318][303]LogModuleManager: Shutting down and abandoning module VirtualTexturingEditor (716)
[2019.11.12-12.28.24:318][303]LogModuleManager: Shutting down and abandoning module FoliageEdit (714)
[2019.11.12-12.28.24:318][303]LogModuleManager: Shutting down and abandoning module LandscapeEditor (712)
[2019.11.12-12.28.24:318][303]LogModuleManager: Shutting down and abandoning module MeshPaintMode (710)
[2019.11.12-12.28.24:318][303]LogModuleManager: Shutting down and abandoning module SceneDepthPickerMode (708)
[2019.11.12-12.28.24:319][303]LogModuleManager: Shutting down and abandoning module ActorPickerMode (706)
[2019.11.12-12.28.24:319][303]LogModuleManager: Shutting down and abandoning module GeometryMode (704)
[2019.11.12-12.28.24:319][303]LogModuleManager: Shutting down and abandoning module TextureAlignMode (702)
[2019.11.12-12.28.24:319][303]LogModuleManager: Shutting down and abandoning module BspMode (700)
[2019.11.12-12.28.24:319][303]LogModuleManager: Shutting down and abandoning module PIEPreviewDeviceProfileSelector (698)
[2019.11.12-12.28.24:319][303]LogModuleManager: Shutting down and abandoning module SequenceRecorderSections (696)
[2019.11.12-12.28.24:319][303]LogModuleManager: Shutting down and abandoning module AutomationWorker (694)
[2019.11.12-12.28.24:319][303]LogModuleManager: Shutting down and abandoning module DatasmithFBXImporter (692)
[2019.11.12-12.28.24:319][303]LogModuleManager: Shutting down and abandoning module DatasmithDeltaGenImporter (690)
[2019.11.12-12.28.24:320][303]LogModuleManager: Shutting down and abandoning module DatasmithVREDImporter (688)
[2019.11.12-12.28.24:320][303]LogModuleManager: Shutting down and abandoning module OculusMR (686)
[2019.11.12-12.28.24:320][303]LogModuleManager: Shutting down and abandoning module AudioCaptureEditor (684)
[2019.11.12-12.28.24:320][303]LogModuleManager: Shutting down and abandoning module MatineeToLevelSequence (682)
[2019.11.12-12.28.24:320][303]LogModuleManager: Shutting down and abandoning module LevelSequenceEditor (680)
[2019.11.12-12.28.24:320][303]LogModuleManager: Shutting down and abandoning module PlacementMode (679)
[2019.11.12-12.28.24:321][303]LogModuleManager: Shutting down and abandoning module MaterialEditor (678)
[2019.11.12-12.28.24:321][303]LogModuleManager: Shutting down and abandoning module ActorSequenceEditor (674)
[2019.11.12-12.28.24:321][303]LogModuleManager: Shutting down and abandoning module WmfMediaFactory (672)
[2019.11.12-12.28.24:321][303]LogModuleManager: Shutting down and abandoning module WmfMediaEditor (670)
[2019.11.12-12.28.24:321][303]LogModuleManager: Shutting down and abandoning module WebMMediaFactory (668)
[2019.11.12-12.28.24:321][303]LogModuleManager: Shutting down and abandoning module WebMMediaEditor (666)
[2019.11.12-12.28.24:321][303]LogModuleManager: Shutting down and abandoning module WebMMedia (664)
[2019.11.12-12.28.24:321][303]LogModuleManager: Shutting down and abandoning module MediaPlayerEditor (662)
[2019.11.12-12.28.24:321][303]LogModuleManager: Shutting down and abandoning module MediaCompositingEditor (660)
[2019.11.12-12.28.24:321][303]LogModuleManager: Shutting down and abandoning module SequenceRecorder (659)
[2019.11.12-12.28.24:321][303]LogModuleManager: Shutting down and abandoning module OpenExrWrapper (656)
[2019.11.12-12.28.24:321][303]LogModuleManager: Shutting down and abandoning module ImgMediaFactory (654)
[2019.11.12-12.28.24:321][303]LogModuleManager: Shutting down and abandoning module ImgMediaEditor (652)
[2019.11.12-12.28.24:321][303]LogModuleManager: Shutting down and abandoning module AvfMediaFactory (650)
[2019.11.12-12.28.24:321][303]LogModuleManager: Shutting down and abandoning module AvfMediaEditor (648)
[2019.11.12-12.28.24:321][303]LogModuleManager: Shutting down and abandoning module AndroidMediaFactory (646)
[2019.11.12-12.28.24:322][303]LogModuleManager: Shutting down and abandoning module AndroidMediaEditor (644)
[2019.11.12-12.28.24:322][303]LogModuleManager: Shutting down and abandoning module MagicLeapCameraPreviewFactory (642)
[2019.11.12-12.28.24:322][303]LogModuleManager: Shutting down and abandoning module MagicLeapMediaCodecFactory (640)
[2019.11.12-12.28.24:322][303]LogModuleManager: Shutting down and abandoning module MagicLeapMediaFactory (638)
[2019.11.12-12.28.24:322][303]LogModuleManager: Shutting down and abandoning module MagicLeapMediaEditor (636)
[2019.11.12-12.28.24:322][303]LogModuleManager: Shutting down and abandoning module CharacterAI (634)
[2019.11.12-12.28.24:322][303]LogModuleManager: Shutting down and abandoning module SmartSnapping (632)
[2019.11.12-12.28.24:322][303]LogModuleManager: Shutting down and abandoning module SessionServices (630)
[2019.11.12-12.28.24:322][303]LogModuleManager: Shutting down and abandoning module MeshPaint (628)
[2019.11.12-12.28.24:322][303]LogModuleManager: Shutting down and abandoning module ViewportSnapping (626)
[2019.11.12-12.28.24:322][303]LogModuleManager: Shutting down and abandoning module ViewportInteraction (624)
[2019.11.12-12.28.24:322][303]LogModuleManager: Shutting down and abandoning module ClothPainter (622)
[2019.11.12-12.28.24:322][303]LogModuleManager: Shutting down and abandoning module SkeletalMeshEditor (621)
[2019.11.12-12.28.24:322][303]LogModuleManager: Shutting down and abandoning module LogVisualizer (618)
[2019.11.12-12.28.24:322][303]LogModuleManager: Shutting down and abandoning module IntroTutorials (616)
[2019.11.12-12.28.24:322][303]LogModuleManager: Shutting down and abandoning module GameProjectGeneration (615)
[2019.11.12-12.28.24:323][303]LogModuleManager: Shutting down and abandoning module LuminPlatformEditor (612)
[2019.11.12-12.28.24:323][303]LogModuleManager: Shutting down and abandoning module IOSPlatformEditor (610)
[2019.11.12-12.28.24:323][303]LogModuleManager: Shutting down and abandoning module HTML5PlatformEditor (608)
[2019.11.12-12.28.24:323][303]LogModuleManager: Shutting down and abandoning module AndroidPlatformEditor (606)
[2019.11.12-12.28.24:323][303]LogModuleManager: Shutting down and abandoning module AndroidDeviceDetection (605)
[2019.11.12-12.28.24:829][303]LogModuleManager: Shutting down and abandoning module WindowsPlatformEditor (602)
[2019.11.12-12.28.24:829][303]LogModuleManager: Shutting down and abandoning module LuminRuntimeSettings (600)
[2019.11.12-12.28.24:830][303]LogModuleManager: Shutting down and abandoning module IOSRuntimeSettings (598)
[2019.11.12-12.28.24:830][303]LogModuleManager: Shutting down and abandoning module AndroidRuntimeSettings (596)
[2019.11.12-12.28.24:830][303]LogModuleManager: Shutting down and abandoning module TimeManagementEditor (594)
[2019.11.12-12.28.24:830][303]LogModuleManager: Shutting down and abandoning module InputBindingEditor (592)
[2019.11.12-12.28.24:830][303]LogModuleManager: Shutting down and abandoning module MergeActors (590)
[2019.11.12-12.28.24:830][303]LogModuleManager: Shutting down and abandoning module LocalizationDashboard (588)
[2019.11.12-12.28.24:830][303]LogModuleManager: Shutting down and abandoning module LocalizationService (587)
[2019.11.12-12.28.24:830][303]LogModuleManager: Shutting down and abandoning module HardwareTargeting (584)
[2019.11.12-12.28.24:830][303]LogModuleManager: Shutting down and abandoning module DeviceProfileEditor (582)
[2019.11.12-12.28.24:830][303]LogModuleManager: Shutting down and abandoning module UndoHistory (580)
[2019.11.12-12.28.24:830][303]LogModuleManager: Shutting down and abandoning module XmlParser (578)
[2019.11.12-12.28.24:831][303]LogModuleManager: Shutting down and abandoning module Blutility (576)
[2019.11.12-12.28.24:831][303]LogModuleManager: Shutting down and abandoning module ProjectSettingsViewer (574)
[2019.11.12-12.28.24:831][303]LogModuleManager: Shutting down and abandoning module ProjectTargetPlatformEditor (573)
[2019.11.12-12.28.24:831][303]LogModuleManager: Shutting down and abandoning module EditorSettingsViewer (570)
[2019.11.12-12.28.24:831][303]LogModuleManager: Shutting down and abandoning module SettingsEditor (568)
[2019.11.12-12.28.24:832][303]LogModuleManager: Shutting down and abandoning module ProjectLauncher (566)
[2019.11.12-12.28.24:832][303]LogModuleManager: Shutting down and abandoning module SessionFrontend (564)
[2019.11.12-12.28.24:832][303]LogModuleManager: Shutting down and abandoning module ProfilerClient (562)
[2019.11.12-12.28.24:832][303]LogModuleManager: Shutting down and abandoning module DeviceManager (560)
[2019.11.12-12.28.24:832][303]LogModuleManager: Shutting down and abandoning module TargetDeviceServices (559)
[2019.11.12-12.28.24:886][303]LogModuleManager: Shutting down and abandoning module AutomationController (556)
[2019.11.12-12.28.24:886][303]LogModuleManager: Shutting down and abandoning module AutomationWindow (554)
[2019.11.12-12.28.24:886][303]LogModuleManager: Shutting down and abandoning module Layers (552)
[2019.11.12-12.28.24:886][303]LogModuleManager: Shutting down and abandoning module ComponentVisualizers (550)
[2019.11.12-12.28.24:887][303]LogModuleManager: Shutting down and abandoning module DetailCustomizations (548)
[2019.11.12-12.28.24:887][303]LogModuleManager: Shutting down and abandoning module PackagesDialog (546)
[2019.11.12-12.28.24:887][303]LogModuleManager: Shutting down and abandoning module AnimationBlueprintEditor (544)
[2019.11.12-12.28.24:887][303]LogModuleManager: Shutting down and abandoning module Persona (542)
[2019.11.12-12.28.24:887][303]LogModuleManager: Shutting down and abandoning module AnimGraph (541)
[2019.11.12-12.28.24:888][303]LogModuleManager: Shutting down and abandoning module Kismet (538)
[2019.11.12-12.28.24:888][303]LogModuleManager: Shutting down and abandoning module KismetWidgets (537)
[2019.11.12-12.28.24:888][303]LogModuleManager: Shutting down and abandoning module GraphEditor (534)
[2019.11.12-12.28.24:889][303]LogModuleManager: Shutting down and abandoning module StructViewer (532)
[2019.11.12-12.28.24:889][303]LogModuleManager: Shutting down and abandoning module ClassViewer (530)
[2019.11.12-12.28.24:889][303]LogModuleManager: Shutting down and abandoning module Toolbox (528)
[2019.11.12-12.28.24:889][303]LogModuleManager: Shutting down and abandoning module DesktopPlatform (527)
[2019.11.12-12.28.24:889][303]LogModuleManager: Shutting down and abandoning module ModuleUI (524)
[2019.11.12-12.28.24:889][303]LogModuleManager: Shutting down and abandoning module MovieSceneTools (522)
[2019.11.12-12.28.24:889][303]LogModuleManager: Shutting down and abandoning module OutputLog (520)
[2019.11.12-12.28.24:890][303]LogModuleManager: Shutting down and abandoning module GammaUI (518)
[2019.11.12-12.28.24:890][303]LogModuleManager: Shutting down and abandoning module Documentation (516)
[2019.11.12-12.28.24:890][303]LogModuleManager: Shutting down and abandoning module LiveCoding (514)
[2019.11.12-12.28.24:890][303]LogModuleManager: Shutting down and abandoning module LevelSequence (512)
[2019.11.12-12.28.24:890][303]LogModuleManager: Shutting down and abandoning module MovieSceneTracks (510)
[2019.11.12-12.28.24:891][303]LogModuleManager: Shutting down and abandoning module MovieScene (508)
[2019.11.12-12.28.24:891][303]LogModuleManager: Shutting down and abandoning module StreamingPauseRendering (506)
[2019.11.12-12.28.24:891][303]LogModuleManager: Shutting down and abandoning module LauncherPlatform (504)
[2019.11.12-12.28.24:891][303]LogModuleManager: Shutting down and abandoning module AnalyticsET (502)
[2019.11.12-12.28.24:891][303]LogModuleManager: Shutting down and abandoning module PortalServices (500)
[2019.11.12-12.28.24:891][303]LogModuleManager: Shutting down and abandoning module PortalRpc (498)
[2019.11.12-12.28.24:891][303]LogModuleManager: Shutting down and abandoning module MessagingRpc (496)
[2019.11.12-12.28.24:891][303]LogModuleManager: Shutting down and abandoning module AIModule (494)
[2019.11.12-12.28.24:891][303]LogModuleManager: Shutting down and abandoning module GameplayDebugger (493)
[2019.11.12-12.28.24:891][303]LogModuleManager: Shutting down and abandoning module AITestSuite (491)
[2019.11.12-12.28.24:892][303]LogModuleManager: Shutting down and abandoning module NavigationSystem (489)
[2019.11.12-12.28.24:892][303]LogModuleManager: Shutting down and abandoning module ImageWriteQueue (486)
[2019.11.12-12.28.24:907][303]LogModuleManager: Shutting down and abandoning module ProfilerService (484)
[2019.11.12-12.28.24:989][303]LogModuleManager: Shutting down and abandoning module TaskGraph (482)
[2019.11.12-12.28.24:989][303]LogModuleManager: Shutting down and abandoning module DatasmithCADTranslator (480)
[2019.11.12-12.28.24:989][303]LogModuleManager: Shutting down and abandoning module DatasmithC4DImporter (478)
[2019.11.12-12.28.24:989][303]LogModuleManager: Shutting down and abandoning module VariantManager (476)
[2019.11.12-12.28.24:990][303]LogModuleManager: Shutting down and abandoning module StaticMeshEditorExtension (474)
[2019.11.12-12.28.24:990][303]LogModuleManager: Shutting down and abandoning module MeshProcessingLibrary (473)
[2019.11.12-12.28.24:990][303]LogModuleManager: Shutting down and abandoning module MDLImporter (470)
[2019.11.12-12.28.24:991][303]LogModuleManager: Shutting down and abandoning module DatasmithCoreTechExtension (468)
[2019.11.12-12.28.24:991][303]LogModuleManager: Shutting down and abandoning module StaticMeshEditor (467)
[2019.11.12-12.28.24:993][303]LogModuleManager: Shutting down and abandoning module AdvancedPreviewScene (466)
[2019.11.12-12.28.24:994][303]LogModuleManager: Shutting down and abandoning module DatasmithOpenNurbsTranslator (462)
[2019.11.12-12.28.24:994][303]LogModuleManager: Shutting down and abandoning module DatasmithNativeTranslator (460)
[2019.11.12-12.28.24:995][303]LogModuleManager: Shutting down and abandoning module DatasmithIFCImporter (458)
[2019.11.12-12.28.24:995][303]LogModuleManager: Shutting down and abandoning module DatasmithGLTFImporter (456)
[2019.11.12-12.28.24:995][303]LogModuleManager: Shutting down and abandoning module DatasmithImporter (455)
[2019.11.12-12.28.24:996][303]LogModuleManager: Shutting down and abandoning module ScreenshotTools (452)
[2019.11.12-12.28.24:996][303]LogModuleManager: Shutting down and abandoning module SteamVRController (450)
[2019.11.12-12.28.24:996][303]LogModuleManager: Shutting down and abandoning module ProceduralMeshComponentEditor (448)
[2019.11.12-12.28.24:996][303]LogModuleManager: Shutting down and abandoning module ProceduralMeshComponent (446)
[2019.11.12-12.28.24:996][303]LogModuleManager: Shutting down and abandoning module OculusEditor (444)
[2019.11.12-12.28.24:996][303]LogModuleManager: Shutting down and abandoning module OculusInput (442)
[2019.11.12-12.28.24:996][303]LogModuleManager: Shutting down and abandoning module MobilePatchingUtils (440)
[2019.11.12-12.28.24:996][303]LogModuleManager: Shutting down and abandoning module EditableMesh (438)
[2019.11.12-12.28.24:996][303]LogModuleManager: Shutting down and abandoning module CustomMeshComponent (436)
[2019.11.12-12.28.24:996][303]LogModuleManager: Shutting down and abandoning module CableComponent (434)
[2019.11.12-12.28.24:996][303]LogModuleManager: Shutting down and abandoning module AudioCapture (432)
[2019.11.12-12.28.24:996][303]LogModuleManager: Shutting down and abandoning module ArchVisCharacter (430)
[2019.11.12-12.28.24:996][303]LogModuleManager: Shutting down and abandoning module AppleImageUtilsBlueprintSupport (428)
[2019.11.12-12.28.24:996][303]LogModuleManager: Shutting down and abandoning module AppleImageUtils (426)
[2019.11.12-12.28.24:997][303]LogModuleManager: Shutting down and abandoning module AndroidPermission (424)
[2019.11.12-12.28.24:997][303]LogModuleManager: Shutting down and abandoning module NUTUnrealEngine4 (422)
[2019.11.12-12.28.24:997][303]LogModuleManager: Shutting down and abandoning module NetcodeUnitTest (420)
[2019.11.12-12.28.24:997][303]LogModuleManager: Shutting down and abandoning module MediaCompositing (418)
[2019.11.12-12.28.24:997][303]LogModuleManager: Shutting down and abandoning module ImgMedia (416)
[2019.11.12-12.28.24:997][303]LogModuleManager: Shutting down and abandoning module MagicLeapHelperVulkan (414)
[2019.11.12-12.28.24:997][303]LogModuleManager: Shutting down and abandoning module MagicLeapHelperOpenGL (412)
[2019.11.12-12.28.24:997][303]LogModuleManager: Shutting down and abandoning module MagicLeapAudio (410)
[2019.11.12-12.28.24:997][303]LogModuleManager: Shutting down and abandoning module HTML5Networking (408)
[2019.11.12-12.28.24:997][303]LogModuleManager: Shutting down and abandoning module GeometryCollectionTracks (406)
[2019.11.12-12.28.24:997][303]LogModuleManager: Shutting down and abandoning module GeometryCollectionSequencer (405)
[2019.11.12-12.28.24:998][303]LogModuleManager: Shutting down and abandoning module GeometryCollectionEditor (402)
[2019.11.12-12.28.24:998][303]LogModuleManager: Shutting down and abandoning module GeometryCollectionExampleCore (400)
[2019.11.12-12.28.24:998][303]LogModuleManager: Shutting down and abandoning module GeometryCacheTracks (398)
[2019.11.12-12.28.24:998][303]LogModuleManager: Shutting down and abandoning module GeometryCacheSequencer (396)
[2019.11.12-12.28.24:998][303]LogModuleManager: Shutting down and abandoning module DataprepLibraries (394)
[2019.11.12-12.28.24:998][303]LogModuleManager: Shutting down and abandoning module DataprepCore (392)
[2019.11.12-12.28.24:998][303]LogModuleManager: Shutting down and abandoning module DataprepEditor (390)
[2019.11.12-12.28.25:000][303]LogModuleManager: Shutting down and abandoning module ChaosSolverEditor (388)
[2019.11.12-12.28.25:000][303]LogModuleManager: Shutting down and abandoning module BlastCore (386)
[2019.11.12-12.28.25:000][303]LogModuleManager: Shutting down and abandoning module BlastAuthoring (384)
[2019.11.12-12.28.25:000][303]LogModuleManager: Shutting down and abandoning module BackChannel (382)
[2019.11.12-12.28.25:000][303]LogModuleManager: Shutting down and abandoning module AutomationUtilsEditor (380)
[2019.11.12-12.28.25:000][303]LogModuleManager: Shutting down and abandoning module AutomationUtils (378)
[2019.11.12-12.28.25:000][303]LogModuleManager: Shutting down and abandoning module AlembicImporter (376)
[2019.11.12-12.28.25:000][303]LogModuleManager: Shutting down and abandoning module AlembicLibrary (375)
[2019.11.12-12.28.25:001][303]LogModuleManager: Shutting down and abandoning module GeometryCache (374)
[2019.11.12-12.28.25:001][303]LogModuleManager: Shutting down and abandoning module GeometryCacheEd (373)
[2019.11.12-12.28.25:001][303]LogModuleManager: Shutting down and abandoning module VariantManagerContent (368)
[2019.11.12-12.28.25:001][303]LogModuleManager: Shutting down and abandoning module DatasmithContentEditor (366)
[2019.11.12-12.28.25:001][303]LogModuleManager: Shutting down and abandoning module SpeedTreeImporter (364)
[2019.11.12-12.28.25:001][303]LogModuleManager: Shutting down and abandoning module PluginBrowser (362)
[2019.11.12-12.28.25:001][303]LogModuleManager: Shutting down and abandoning module MobileLauncherProfileWizard (360)
[2019.11.12-12.28.25:001][303]LogModuleManager: Shutting down and abandoning module PolygonModeling (358)
[2019.11.12-12.28.25:001][303]LogModuleManager: Shutting down and abandoning module MeshEditor (356)
[2019.11.12-12.28.25:002][303]LogModuleManager: Shutting down and abandoning module MaterialAnalyzer (354)
[2019.11.12-12.28.25:002][303]LogModuleManager: Shutting down and abandoning module GLTFImporter (352)
[2019.11.12-12.28.25:002][303]LogModuleManager: Shutting down and abandoning module EditorScriptingUtilities (350)
[2019.11.12-12.28.25:002][303]LogModuleManager: Shutting down and abandoning module CurveEditorTools (348)
[2019.11.12-12.28.25:002][303]LogModuleManager: Shutting down and abandoning module CurveEditor (347)
[2019.11.12-12.28.25:002][303]LogModuleManager: Shutting down and abandoning module CryptoKeysOpenSSL (344)
[2019.11.12-12.28.25:002][303]LogModuleManager: Shutting down and abandoning module CryptoKeys (342)
[2019.11.12-12.28.25:002][303]LogModuleManager: Shutting down and abandoning module VisualStudioSourceCodeAccess (340)
[2019.11.12-12.28.25:002][303]LogModuleManager: Shutting down and abandoning module VisualStudioCodeSourceCodeAccess (338)
[2019.11.12-12.28.25:002][303]LogModuleManager: Shutting down and abandoning module UObjectPlugin (336)
[2019.11.12-12.28.25:002][303]LogModuleManager: Shutting down and abandoning module SubversionSourceControl (334)
[2019.11.12-12.28.25:002][303]LogModuleManager: Shutting down and abandoning module PerforceSourceControl (332)
[2019.11.12-12.28.25:003][303]LogModuleManager: Shutting down and abandoning module GitSourceControl (330)
[2019.11.12-12.28.25:003][303]LogModuleManager: Shutting down and abandoning module SourceControl (329)
[2019.11.12-12.28.25:003][303]LogModuleManager: Shutting down and abandoning module CLionSourceCodeAccess (326)
[2019.11.12-12.28.25:003][303]LogModuleManager: Shutting down and abandoning module AnimationSharingEd (324)
[2019.11.12-12.28.25:003][303]LogModuleManager: Shutting down and abandoning module ActorLayerUtilitiesEditor (322)
[2019.11.12-12.28.25:003][303]LogModuleManager: Shutting down and abandoning module ActorLayerUtilities (320)
[2019.11.12-12.28.25:003][303]LogModuleManager: Shutting down and abandoning module LightPropagationVolumeEditor (318)
[2019.11.12-12.28.25:003][303]LogModuleManager: Shutting down and abandoning module PaperTiledImporter (316)
[2019.11.12-12.28.25:003][303]LogModuleManager: Shutting down and abandoning module PaperSpriteSheetImporter (314)
[2019.11.12-12.28.25:003][303]LogModuleManager: Shutting down and abandoning module Paper2DEditor (312)
[2019.11.12-12.28.25:003][303]LogModuleManager: Shutting down and abandoning module TheWalkingMan (310)
[2019.11.12-12.28.25:004][303]LogModuleManager: Shutting down and abandoning module SignificanceManager (308)
[2019.11.12-12.28.25:004][303]LogModuleManager: Shutting down and abandoning module RuntimePhysXCooking (306)
[2019.11.12-12.28.25:004][303]LogModuleManager: Shutting down and abandoning module PhysXVehiclesEditor (304)
[2019.11.12-12.28.25:004][303]LogModuleManager: Shutting down and abandoning module LocationServicesBPLibrary (300)
[2019.11.12-12.28.25:004][303]LogModuleManager: Shutting down and abandoning module ActorSequence (298)
[2019.11.12-12.28.25:004][303]LogModuleManager: Shutting down and abandoning module UdpMessaging (296)
[2019.11.12-12.28.25:104][303]LogModuleManager: Shutting down and abandoning module TcpMessaging (294)
[2019.11.12-12.28.25:205][303]LogModuleManager: Shutting down and abandoning module MagicLeapIdentity (292)
[2019.11.12-12.28.25:205][303]LogModuleManager: Shutting down and abandoning module MagicLeapSecureStorage (290)
[2019.11.12-12.28.25:205][303]LogModuleManager: Shutting down and abandoning module MagicLeapHandTracking (288)
[2019.11.12-12.28.25:205][303]LogModuleManager: Shutting down and abandoning module MagicLeapEyeTracker (286)
[2019.11.12-12.28.25:205][303]LogModuleManager: Shutting down and abandoning module MagicLeapController (284)
[2019.11.12-12.28.25:205][303]LogSlate: Slate User Destroyed.  User Index 0, Is Virtual User: 0
[2019.11.12-12.28.25:206][303]LogModuleManager: Shutting down and abandoning module MagicLeapAR (282)
[2019.11.12-12.28.25:206][303]LogModuleManager: Shutting down and abandoning module AugmentedReality (281)
[2019.11.12-12.28.25:206][303]LogModuleManager: Shutting down and abandoning module GameplayTagsEditor (278)
[2019.11.12-12.28.25:206][303]LogModuleManager: Shutting down and abandoning module FacialAnimationEditor (276)
[2019.11.12-12.28.25:206][303]LogModuleManager: Shutting down and abandoning module FacialAnimation (274)
[2019.11.12-12.28.25:206][303]LogModuleManager: Shutting down and abandoning module DataValidation (272)
[2019.11.12-12.28.25:206][303]LogModuleManager: Shutting down and abandoning module AssetManagerEditor (270)
[2019.11.12-12.28.25:206][303]LogModuleManager: Shutting down and abandoning module LevelEditor (269)
[2019.11.12-12.28.25:208][303]LogModuleManager: Shutting down and abandoning module PixelInspectorModule (268)
[2019.11.12-12.28.25:208][303]LogModuleManager: Shutting down and abandoning module CommonMenuExtensions (266)
[2019.11.12-12.28.25:208][303]LogModuleManager: Shutting down and abandoning module MainFrame (264)
[2019.11.12-12.28.25:209][303]LogModuleManager: Shutting down and abandoning module HotReload (263)
[2019.11.12-12.28.25:210][303]LogModuleManager: Shutting down and abandoning module ContentBrowser (259)
[2019.11.12-12.28.25:213][303]LogModuleManager: Shutting down and abandoning module TreeMap (257)
[2019.11.12-12.28.25:213][303]LogModuleManager: Shutting down and abandoning module AnimationSharing (254)
[2019.11.12-12.28.25:213][303]LogModuleManager: Shutting down and abandoning module LightPropagationVolumeRuntime (252)
[2019.11.12-12.28.25:213][303]LogModuleManager: Shutting down and abandoning module Paper2D (250)
[2019.11.12-12.28.25:213][303]LogModuleManager: Shutting down and abandoning module WindowsMoviePlayer (248)
[2019.11.12-12.28.25:221][303]LogModuleManager: Shutting down and abandoning module WebMMoviePlayer (246)
[2019.11.12-12.28.25:221][303]LogModuleManager: Shutting down and abandoning module NetworkReplayStreaming (244)
[2019.11.12-12.28.25:221][303]LogModuleManager: Shutting down and abandoning module PacketHandler (242)
[2019.11.12-12.28.25:221][303]LogModuleManager: Shutting down and abandoning module ClothingSystemEditor (240)
[2019.11.12-12.28.25:221][303]LogModuleManager: Shutting down and abandoning module ClothingSystemRuntime (238)
[2019.11.12-12.28.25:221][303]LogModuleManager: Shutting down and abandoning module MediaAssets (236)
[2019.11.12-12.28.25:221][303]LogModuleManager: Shutting down and abandoning module Overlay (234)
[2019.11.12-12.28.25:221][303]LogModuleManager: Shutting down and abandoning module OverlayEditor (233)
[2019.11.12-12.28.25:221][303]LogModuleManager: Shutting down and abandoning module VREditor (230)
[2019.11.12-12.28.25:221][303]LogModuleManager: Shutting down and abandoning module StringTableEditor (228)
[2019.11.12-12.28.25:221][303]LogModuleManager: Shutting down and abandoning module GameplayTasksEditor (226)
[2019.11.12-12.28.25:222][303]LogModuleManager: Shutting down and abandoning module BehaviorTreeEditor (224)
[2019.11.12-12.28.25:222][303]LogModuleManager: Shutting down and abandoning module FunctionalTesting (222)
[2019.11.12-12.28.25:222][303]LogModuleManager: Shutting down and abandoning module CollisionAnalyzer (220)
[2019.11.12-12.28.25:222][303]LogModuleManager: Shutting down and abandoning module WorkspaceMenuStructure (219)
[2019.11.12-12.28.25:222][303]LogModuleManager: Shutting down and abandoning module UMG (216)
[2019.11.12-12.28.25:222][303]LogModuleManager: Shutting down and abandoning module UMGEditor (215)
[2019.11.12-12.28.25:222][303]LogModuleManager: Shutting down and abandoning module Sequencer (214)
[2019.11.12-12.28.25:223][303]LogModuleManager: Shutting down and abandoning module MessageLog (211)
[2019.11.12-12.28.25:224][303]LogModuleManager: Shutting down and abandoning module SlateReflector (206)
[2019.11.12-12.28.25:224][303]LogModuleManager: Shutting down and abandoning module Slate (204)
[2019.11.12-12.28.25:224][303]LogModuleManager: Shutting down and abandoning module LandscapeEditorUtilities (202)
[2019.11.12-12.28.25:224][303]LogModuleManager: Shutting down and abandoning module EditorStyle (200)
[2019.11.12-12.28.25:228][303]LogModuleManager: Shutting down and abandoning module UnrealEd (198)
[2019.11.12-12.28.25:228][303]LogModuleManager: Shutting down and abandoning module MRMesh (196)
[2019.11.12-12.28.25:228][303]LogModuleManager: Shutting down and abandoning module SourceCodeAccess (194)
[2019.11.12-12.28.25:228][303]LogModuleManager: Shutting down and abandoning module HeadMountedDisplay (192)
[2019.11.12-12.28.25:228][303]LogModuleManager: Shutting down and abandoning module XAudio2 (190)
[2019.11.12-12.28.25:228][303]LogModuleManager: Shutting down and abandoning module Networking (188)
[2019.11.12-12.28.25:228][303]LogModuleManager: Shutting down and abandoning module Core (186)
[2019.11.12-12.28.25:228][303]LogModuleManager: Shutting down and abandoning module KismetCompiler (184)
[2019.11.12-12.28.25:228][303]LogModuleManager: Shutting down and abandoning module MeshUtilities (182)
[2019.11.12-12.28.25:228][303]LogModuleManager: Shutting down and abandoning module MeshMergeUtilities (181)
[2019.11.12-12.28.25:228][303]LogModuleManager: Shutting down and abandoning module MeshReductionInterface (180)
[2019.11.12-12.28.25:228][303]LogModuleManager: Shutting down and abandoning module SkeletalMeshReduction (179)
[2019.11.12-12.28.25:228][303]LogModuleManager: Shutting down and abandoning module ProxyLODMeshReduction (177)
[2019.11.12-12.28.25:228][303]LogModuleManager: Shutting down and abandoning module QuadricMeshReduction (175)
[2019.11.12-12.28.25:228][303]LogModuleManager: Shutting down and abandoning module MaterialBaking (171)
[2019.11.12-12.28.25:228][303]LogModuleManager: Shutting down and abandoning module NullInstallBundleManager (166)
[2019.11.12-12.28.25:228][303]LogModuleManager: Shutting down and abandoning module DerivedDataCache (164)
[2019.11.12-12.28.25:243][303]LogDerivedDataCache: Shutdown
[2019.11.12-12.28.25:243][303]LogModuleManager: Shutting down and abandoning module XGEController (162)
[2019.11.12-12.28.25:243][303]LogModuleManager: Shutting down and abandoning module TargetPlatform (160)
[2019.11.12-12.28.25:243][303]LogModuleManager: Shutting down and abandoning module VulkanShaderFormat (159)
[2019.11.12-12.28.25:243][303]LogModuleManager: Shutting down and abandoning module ShaderFormatVectorVM (157)
[2019.11.12-12.28.25:243][303]LogModuleManager: Shutting down and abandoning module ShaderFormatOpenGL (155)
[2019.11.12-12.28.25:243][303]LogModuleManager: Shutting down and abandoning module ShaderFormatD3D (153)
[2019.11.12-12.28.25:243][303]LogModuleManager: Shutting down and abandoning module MetalShaderFormat (151)
[2019.11.12-12.28.25:243][303]LogModuleManager: Shutting down and abandoning module TextureFormatUncompressed (149)
[2019.11.12-12.28.25:243][303]LogModuleManager: Shutting down and abandoning module TextureFormatPVR (147)
[2019.11.12-12.28.25:243][303]LogModuleManager: Shutting down and abandoning module TextureFormatDXT (145)
[2019.11.12-12.28.25:243][303]LogModuleManager: Shutting down and abandoning module TextureFormatIntelISPCTexComp (143)
[2019.11.12-12.28.25:244][303]LogModuleManager: Shutting down and abandoning module TextureFormatASTC (141)
[2019.11.12-12.28.25:244][303]LogModuleManager: Shutting down and abandoning module ImageWrapper (140)
[2019.11.12-12.28.25:244][303]LogModuleManager: Shutting down and abandoning module TextureFormatAndroid (137)
[2019.11.12-12.28.25:244][303]LogModuleManager: Shutting down and abandoning module AudioFormatOpus (135)
[2019.11.12-12.28.25:244][303]LogModuleManager: Shutting down and abandoning module AudioFormatOgg (133)
[2019.11.12-12.28.25:244][303]LogModuleManager: Shutting down and abandoning module AudioFormatADPCM (131)
[2019.11.12-12.28.25:244][303]LogModuleManager: Shutting down and abandoning module LuminTargetPlatform (129)
[2019.11.12-12.28.25:247][303]LogModuleManager: Shutting down and abandoning module LinuxTargetPlatform (127)
[2019.11.12-12.28.25:247][303]LogModuleManager: Shutting down and abandoning module LinuxServerTargetPlatform (125)
[2019.11.12-12.28.25:247][303]LogModuleManager: Shutting down and abandoning module LinuxNoEditorTargetPlatform (123)
[2019.11.12-12.28.25:247][303]LogModuleManager: Shutting down and abandoning module LinuxClientTargetPlatform (121)
[2019.11.12-12.28.25:247][303]LogModuleManager: Shutting down and abandoning module TVOSTargetPlatform (119)
[2019.11.12-12.28.25:250][303]LogModuleManager: Shutting down and abandoning module Messaging (117)
[2019.11.12-12.28.25:250][303]LogModuleManager: Shutting down and abandoning module IOSTargetPlatform (115)
[2019.11.12-12.28.25:252][303]LogModuleManager: Shutting down and abandoning module HTML5TargetPlatform (113)
[2019.11.12-12.28.25:252][303]LogModuleManager: Shutting down and abandoning module AndroidTargetPlatform (111)
[2019.11.12-12.28.25:277][303]LogModuleManager: Shutting down and abandoning module WindowsTargetPlatform (109)
[2019.11.12-12.28.25:278][303]LogModuleManager: Shutting down and abandoning module WindowsServerTargetPlatform (107)
[2019.11.12-12.28.25:278][303]LogModuleManager: Shutting down and abandoning module WindowsNoEditorTargetPlatform (105)
[2019.11.12-12.28.25:278][303]LogModuleManager: Shutting down and abandoning module WindowsClientTargetPlatform (103)
[2019.11.12-12.28.25:278][303]LogModuleManager: Shutting down and abandoning module MacTargetPlatform (101)
[2019.11.12-12.28.25:278][303]LogModuleManager: Shutting down and abandoning module MacServerTargetPlatform (99)
[2019.11.12-12.28.25:278][303]LogModuleManager: Shutting down and abandoning module MacNoEditorTargetPlatform (97)
[2019.11.12-12.28.25:278][303]LogModuleManager: Shutting down and abandoning module MacClientTargetPlatform (95)
[2019.11.12-12.28.25:278][303]LogModuleManager: Shutting down and abandoning module AllDesktopTargetPlatform (93)
[2019.11.12-12.28.25:278][303]LogModuleManager: Shutting down and abandoning module InputCore (90)
[2019.11.12-12.28.25:278][303]LogModuleManager: Shutting down and abandoning module Settings (88)
[2019.11.12-12.28.25:279][303]LogModuleManager: Shutting down and abandoning module DirectoryWatcher (86)
[2019.11.12-12.28.25:279][303]LogModuleManager: Shutting down and abandoning module PhysXCooking (84)
[2019.11.12-12.28.25:279][303]LogModuleManager: Shutting down and abandoning module WindowsPlatformFeatures (82)
[2019.11.12-12.28.25:279][303]LogModuleManager: Shutting down and abandoning module GameplayMediaEncoder (81)
[2019.11.12-12.28.25:279][303]LogModuleManager: Shutting down and abandoning module SteamVR (78)
[2019.11.12-12.28.25:279][303]LogHMD: Freeing OpenVRDLLHandle.
[2019.11.12-12.28.25:280][303]LogModuleManager: Shutting down and abandoning module OculusHMD (76)
[2019.11.12-12.28.25:280][303]LogModuleManager: Shutting down and abandoning module ExampleDeviceProfileSelector (74)
[2019.11.12-12.28.25:280][303]LogModuleManager: Shutting down and abandoning module LauncherChunkInstaller (72)
[2019.11.12-12.28.25:280][303]LogModuleManager: Shutting down and abandoning module OnlineBlueprintSupport (70)
[2019.11.12-12.28.25:280][303]LogModuleManager: Shutting down and abandoning module OnlineSubsystem (66)
[2019.11.12-12.28.25:284][303]LogModuleManager: Shutting down and abandoning module XMPP (61)
[2019.11.12-12.28.25:284][303]LogModuleManager: Shutting down and abandoning module WebSockets (60)
[2019.11.12-12.28.25:320][303]LogModuleManager: Shutting down and abandoning module HTTP (57)
[2019.11.12-12.28.25:321][303]LogHttp: Display: Http module shutting down, but needs to wait on 1 outstanding Http requests:
[2019.11.12-12.28.25:321][303]LogHttp: Display: 	verb=[POST] url=[https://datarouter.ol.epicgames.com/datarouter/api/v1/public/data?SessionID=%7B541A985B-46F7-D6C5-75F9-D193F64B72CA%7D&AppID=UEEditor.Rocket.Release&AppVersion=4.23.1-9631420%2B%2B%2BUE4%2BRelease-4.23&UserID=b7c45440411be505077bb694311c8ee0%7C6127649fb0fb4e2d990faf0a8caeb9d7%7C8855793b-bd1d-46c0-b8b9-4f57c4f493b7&AppEnvironment=datacollector-binary&UploadType=eteventstream] status=Processing
[2019.11.12-12.28.25:328][303]LogModuleManager: Shutting down and abandoning module SSL (56)
[2019.11.12-12.28.25:332][303]LogModuleManager: Shutting down and abandoning module WmfMedia (52)
[2019.11.12-12.28.25:338][303]LogModuleManager: Shutting down and abandoning module Media (51)
[2019.11.12-12.28.25:341][303]LogModuleManager: Shutting down and abandoning module MagicLeap (48)
[2019.11.12-12.28.25:341][303]LogModuleManager: Shutting down and abandoning module DatasmithContent (46)
[2019.11.12-12.28.25:343][303]LogModuleManager: Shutting down and abandoning module AISupportModule (44)
[2019.11.12-12.28.25:343][303]LogModuleManager: Shutting down and abandoning module PlatformCryptoOpenSSL (42)
[2019.11.12-12.28.25:343][303]LogModuleManager: Shutting down and abandoning module PlatformCrypto (40)
[2019.11.12-12.28.25:343][303]LogModuleManager: Shutting down and abandoning module AnimationModifiers (38)
[2019.11.12-12.28.25:343][303]LogModuleManager: Shutting down and abandoning module PropertyEditor (37)
[2019.11.12-12.28.25:343][303]LogModuleManager: Shutting down and abandoning module AudioEditor (34)
[2019.11.12-12.28.25:344][303]LogModuleManager: Shutting down and abandoning module TextureCompressor (32)
[2019.11.12-12.28.25:344][303]LogModuleManager: Shutting down and abandoning module RenderCore (30)
[2019.11.12-12.28.25:344][303]LogModuleManager: Shutting down and abandoning module Landscape (28)
[2019.11.12-12.28.25:344][303]LogModuleManager: Shutting down and abandoning module SlateRHIRenderer (26)
[2019.11.12-12.28.25:348][303]LogModuleManager: Shutting down and abandoning module OpenGLDrv (24)
[2019.11.12-12.28.25:348][303]LogModuleManager: Shutting down and abandoning module D3D11RHI (22)
[2019.11.12-12.28.25:348][303]LogModuleManager: Shutting down and abandoning module AnimGraphRuntime (20)
[2019.11.12-12.28.25:348][303]LogModuleManager: Shutting down and abandoning module Renderer (18)
[2019.11.12-12.28.25:348][303]LogModuleManager: Shutting down and abandoning module Engine (16)
[2019.11.12-12.28.25:348][303]LogModuleManager: Shutting down and abandoning module CoreUObject (14)
[2019.11.12-12.28.25:348][303]LogModuleManager: Shutting down and abandoning module NetworkFile (12)
[2019.11.12-12.28.25:349][303]LogModuleManager: Shutting down and abandoning module CookedIterativeFile (10)
[2019.11.12-12.28.25:349][303]LogModuleManager: Shutting down and abandoning module StreamingFile (8)
[2019.11.12-12.28.25:349][303]LogModuleManager: Shutting down and abandoning module SandboxFile (6)
[2019.11.12-12.28.25:349][303]LogModuleManager: Shutting down and abandoning module PakFile (4)
[2019.11.12-12.28.25:349][303]LogModuleManager: Shutting down and abandoning module RSA (3)
[2019.11.12-12.28.25:357][303]LogD3D11RHI: Shutdown
[2019.11.12-12.28.25:357][303]LogD3D11RHI: CleanupD3DDevice
[2019.11.12-12.28.25:371][303]LogRendererCore: FGlobalDynamicReadBuffer::Cleanup()
[2019.11.12-12.28.25:372][303]LogRendererCore: FGlobalDynamicReadBuffer::Cleanup()
[2019.11.12-12.28.25:372][303]LogRendererCore: FGlobalDynamicReadBuffer::Cleanup()
[2019.11.12-12.28.25:458][303]LogD3D11RHI: [IntelMetricsDiscovery] Stopped
[2019.11.12-12.28.26:341][303]LogD3D11RHI: ~FD3D11DynamicRHI
[2019.11.12-12.28.26:356][303]LogExit: Exiting.
[2019.11.12-12.28.26:401][303]Log file closed, 11/12/19 14:28:26
