Log file open, 11/17/19 14:33:04
LogWindows: Failed to load 'aqProf.dll' (GetLastError=126)
LogWindows: File 'aqProf.dll' does not exist
LogWindows: Failed to load 'VtuneApi.dll' (GetLastError=126)
LogWindows: File 'VtuneApi.dll' does not exist
LogWindows: Failed to load 'VtuneApi32e.dll' (GetLastError=126)
LogWindows: File 'VtuneApi32e.dll' does not exist
LogConsoleResponse: Display: Failed to find resolution value strings in scalability ini. Falling back to default.
LogInit: Display: Running engine for game: TheWalkingMan
LogPlatformFile: Not using cached read wrapper
LogTaskGraph: Started task graph with 5 named threads and 23 total threads with 3 sets of task threads.
LogStats: Stats thread started at 0.421633
LogD3D11RHI: Loaded GFSDK_Aftermath_Lib.x64.dll
LogICUInternationalization: ICU TimeZone Detection - Raw Offset: +2:00, Platform Override: ''
LogPluginManager: Mounting plugin Paper2D
LogPluginManager: Mounting plugin AISupport
LogPluginManager: Mounting plugin LightPropagationVolume
LogPluginManager: Mounting plugin ActorLayerUtilities
LogPluginManager: Mounting plugin AnimationSharing
LogPluginManager: Mounting plugin CLionSourceCodeAccess
LogPluginManager: Mounting plugin CodeLiteSourceCodeAccess
LogPluginManager: Mounting plugin GitSourceControl
LogPluginManager: Mounting plugin KDevelopSourceCodeAccess
LogPluginManager: Mounting plugin NullSourceCodeAccess
LogPluginManager: Mounting plugin PerforceSourceControl
LogPluginManager: Mounting plugin SubversionSourceControl
LogPluginManager: Mounting plugin UObjectPlugin
LogPluginManager: Mounting plugin VisualStudioCodeSourceCodeAccess
LogPluginManager: Mounting plugin VisualStudioSourceCodeAccess
LogPluginManager: Mounting plugin XCodeSourceCodeAccess
LogPluginManager: Mounting plugin AssetManagerEditor
LogPluginManager: Mounting plugin CryptoKeys
LogPluginManager: Mounting plugin CurveEditorTools
LogPluginManager: Mounting plugin DataValidation
LogPluginManager: Mounting plugin EditorScriptingUtilities
LogPluginManager: Mounting plugin FacialAnimation
LogPluginManager: Mounting plugin GameplayTagsEditor
LogPluginManager: Mounting plugin GLTFImporter
LogPluginManager: Mounting plugin MacGraphicsSwitching
LogPluginManager: Mounting plugin MaterialAnalyzer
LogPluginManager: Mounting plugin MeshEditor
LogPluginManager: Mounting plugin MobileLauncherProfileWizard
LogPluginManager: Mounting plugin PluginBrowser
LogPluginManager: Mounting plugin SpeedTreeImporter
LogPluginManager: Mounting plugin DatasmithContent
LogPluginManager: Mounting plugin VariantManagerContent
LogPluginManager: Mounting plugin AlembicImporter
LogPluginManager: Mounting plugin AutomationUtils
LogPluginManager: Mounting plugin BackChannel
LogPluginManager: Mounting plugin BlastPlugin
LogPluginManager: Mounting plugin ChaosSolverPlugin
LogPluginManager: Mounting plugin CharacterAI
LogPluginManager: Mounting plugin DataPrepEditor
LogPluginManager: Mounting plugin GeometryCache
LogPluginManager: Mounting plugin GeometryCollectionPlugin
LogPluginManager: Mounting plugin HTML5Networking
LogPluginManager: Mounting plugin PlatformCrypto
LogPluginManager: Mounting plugin ProxyLODPlugin
LogPluginManager: Mounting plugin SkeletalReduction
LogPluginManager: Mounting plugin MagicLeap
LogPluginManager: Mounting plugin MagicLeapMedia
LogPluginManager: Mounting plugin AndroidMedia
LogPluginManager: Mounting plugin AvfMedia
LogPluginManager: Mounting plugin ImgMedia
LogPluginManager: Mounting plugin MediaCompositing
LogPluginManager: Mounting plugin MediaPlayerEditor
LogPluginManager: Mounting plugin WebMMedia
LogPluginManager: Mounting plugin WmfMedia
LogPluginManager: Mounting plugin TcpMessaging
LogPluginManager: Mounting plugin UdpMessaging
LogPluginManager: Mounting plugin ActorSequence
LogPluginManager: Mounting plugin LevelSequenceEditor
LogPluginManager: Mounting plugin MatineeToLevelSequence
LogPluginManager: Mounting plugin NetcodeUnitTest
LogPluginManager: Mounting plugin NUTUnrealEngine4
LogPluginManager: Mounting plugin OnlineSubsystemGooglePlay
LogPluginManager: Mounting plugin OnlineSubsystemIOS
LogPluginManager: Mounting plugin OnlineSubsystem
LogPluginManager: Mounting plugin OnlineSubsystemNull
LogPluginManager: Mounting plugin OnlineSubsystemUtils
LogPluginManager: Mounting plugin LauncherChunkInstaller
LogPluginManager: Mounting plugin AndroidDeviceProfileSelector
LogPluginManager: Mounting plugin AndroidMoviePlayer
LogPluginManager: Mounting plugin AndroidPermission
LogPluginManager: Mounting plugin AppleImageUtils
LogPluginManager: Mounting plugin AppleMoviePlayer
LogPluginManager: Mounting plugin ArchVisCharacter
LogPluginManager: Mounting plugin AudioCapture
LogPluginManager: Mounting plugin CableComponent
LogPluginManager: Mounting plugin CustomMeshComponent
LogPluginManager: Mounting plugin EditableMesh
LogPluginManager: Mounting plugin ExampleDeviceProfileSelector
LogPluginManager: Mounting plugin GoogleCloudMessaging
LogPluginManager: Mounting plugin IOSDeviceProfileSelector
LogPluginManager: Mounting plugin LinuxDeviceProfileSelector
LogPluginManager: Mounting plugin LocationServicesBPLibrary
LogPluginManager: Mounting plugin MobilePatchingUtils
LogPluginManager: Mounting plugin OculusVR
LogPluginManager: Mounting plugin PhysXVehicles
LogPluginManager: Mounting plugin ProceduralMeshComponent
LogPluginManager: Mounting plugin RuntimePhysXCooking
LogPluginManager: Mounting plugin SignificanceManager
LogPluginManager: Mounting plugin SteamVR
LogPluginManager: Mounting plugin WebMMoviePlayer
LogPluginManager: Mounting plugin WindowsMoviePlayer
LogPluginManager: Mounting plugin ScreenshotTools
LogPluginManager: Mounting plugin DatasmithC4DImporter
LogPluginManager: Mounting plugin DatasmithCADImporter
LogPluginManager: Mounting plugin DatasmithFBXImporter
LogPluginManager: Mounting plugin DatasmithGLTFImporter
LogPluginManager: Mounting plugin DatasmithIFCImporter
LogPluginManager: Mounting plugin DatasmithImporter
LogPluginManager: Mounting plugin MDLImporter
LogPluginManager: Mounting plugin StaticMeshEditorExtension
LogPluginManager: Mounting plugin VariantManager
LogInit: Using libcurl 7.55.1-DEV
LogInit:  - built for x86_64-pc-win32
LogInit:  - supports SSL with OpenSSL/1.1.1
LogInit:  - supports HTTP deflate (compression) using libz 1.2.8
LogInit:  - other features:
LogInit:      CURL_VERSION_SSL
LogInit:      CURL_VERSION_LIBZ
LogInit:      CURL_VERSION_IPV6
LogInit:      CURL_VERSION_ASYNCHDNS
LogInit:      CURL_VERSION_LARGEFILE
LogInit:      CURL_VERSION_IDN
LogInit:  CurlRequestOptions (configurable via config and command line):
LogInit:  - bVerifyPeer = true  - Libcurl will verify peer certificate
LogInit:  - bUseHttpProxy = false  - Libcurl will NOT use HTTP proxy
LogInit:  - bDontReuseConnections = false  - Libcurl will reuse connections
LogInit:  - MaxHostConnections = 16  - Libcurl will limit the number of connections to a host
LogInit:  - LocalHostAddr = Default
LogInit:  - BufferSize = 65536
LogOnline: OSS: Creating online subsystem instance for: NULL
LogInit: WinSock: version 1.1 (2.2), MaxSocks=32767, MaxUdp=65467
LogInit: Build: ++UE4+Release-4.23-CL-9631420
LogInit: Engine Version: 4.23.1-9631420+++UE4+Release-4.23
LogInit: Compatible Engine Version: 4.23.0-8386587+++UE4+Release-4.23
LogInit: Net CL: 8386587
LogInit: OS: Windows 10 (Release 1903) (), CPU: Intel(R) Core(TM) i5-8250U CPU @ 1.60GHz, GPU: Intel(R) UHD Graphics 620
LogInit: Compiled (64-bit): Oct 18 2019 02:07:44
LogInit: Compiled with Visual C++: 19.16.27030.01
LogInit: Build Configuration: Development
LogInit: Branch Name: ++UE4+Release-4.23
LogInit: Command Line: 
LogInit: Base Directory: C:/Program Files/Epic Games/UE_4.23/Engine/Binaries/Win64/
LogInit: Installed Engine Build: 1
LogDevObjectVersion: Number of dev versions registered: 23
LogDevObjectVersion:   Dev-Blueprints (B0D832E4-1F89-4F0D-ACCF-7EB736FD4AA2): 10
LogDevObjectVersion:   Dev-Build (E1C64328-A22C-4D53-A36C-8E866417BD8C): 0
LogDevObjectVersion:   Dev-Core (375EC13C-06E4-48FB-B500-84F0262A717E): 3
LogDevObjectVersion:   Dev-Editor (E4B068ED-F494-42E9-A231-DA0B2E46BB41): 34
LogDevObjectVersion:   Dev-Framework (CFFC743F-43B0-4480-9391-14DF171D2073): 35
LogDevObjectVersion:   Dev-Mobile (B02B49B5-BB20-44E9-A304-32B752E40360): 2
LogDevObjectVersion:   Dev-Networking (A4E4105C-59A1-49B5-A7C5-40C4547EDFEE): 0
LogDevObjectVersion:   Dev-Online (39C831C9-5AE6-47DC-9A44-9C173E1C8E7C): 0
LogDevObjectVersion:   Dev-Physics (78F01B33-EBEA-4F98-B9B4-84EACCB95AA2): 0
LogDevObjectVersion:   Dev-Platform (6631380F-2D4D-43E0-8009-CF276956A95A): 0
LogDevObjectVersion:   Dev-Rendering (12F88B9F-8875-4AFC-A67C-D90C383ABD29): 31
LogDevObjectVersion:   Dev-Sequencer (7B5AE74C-D270-4C10-A958-57980B212A5A): 11
LogDevObjectVersion:   Dev-VR (D7296918-1DD6-4BDD-9DE2-64A83CC13884): 2
LogDevObjectVersion:   Dev-LoadTimes (C2A15278-BFE7-4AFE-6C17-90FF531DF755): 1
LogDevObjectVersion:   Private-Geometry (6EACA3D4-40EC-4CC1-B786-8BED09428FC5): 3
LogDevObjectVersion:   Dev-AnimPhys (29E575DD-E0A3-4627-9D10-D276232CDCEA): 17
LogDevObjectVersion:   Dev-Anim (AF43A65D-7FD3-4947-9873-3E8ED9C1BB05): 2
LogDevObjectVersion:   Dev-ReflectionCapture (6B266CEC-1EC7-4B8F-A30B-E4D90942FC07): 1
LogDevObjectVersion:   Dev-Automation (0DF73D61-A23F-47EA-B727-89E90C41499A): 1
LogDevObjectVersion:   FortniteMain (601D1886-AC64-4F84-AA16-D3DE0DEAC7D6): 27
LogDevObjectVersion:   Dev-Enterprise (9DFFBCD6-494F-0158-E221-12823C92A888): 6
LogDevObjectVersion:   Dev-Niagara (F2AED0AC-9AFE-416F-8664-AA7FFA26D6FC): 1
LogDevObjectVersion:   Dev-Destruction (174F1F0B-B4C6-45A5-B13F-2EE8D0FB917D): 9
LogInit: Presizing for max 16777216 objects, including 0 objects not considered by GC, pre-allocating 0 bytes for permanent pool.
LogInit: Object subsystem initialized
LogConfig: Setting CVar [[con.DebugEarlyDefault:1]]
LogConfig: Setting CVar [[r.setres:1280x720]]
[2019.11.17-12.33.05:160][  0]LogConfig: Setting CVar [[r.VSync:0]]
[2019.11.17-12.33.05:160][  0]LogConfig: Setting CVar [[r.RHICmdBypass:0]]
[2019.11.17-12.33.05:161][  0]LogConfig: Applying CVar settings from Section [/Script/Engine.RendererSettings] File [C:/Users/Marvin Vihman/Desktop/Ülikooli asjad/Computer Graphics/TheWalkingMan/Saved/Config/Windows/Engine.ini]
[2019.11.17-12.33.05:161][  0]LogConfig: Setting CVar [[r.GPUCrashDebugging:0]]
[2019.11.17-12.33.05:161][  0]LogConfig: Applying CVar settings from Section [/Script/Engine.RendererOverrideSettings] File [C:/Users/Marvin Vihman/Desktop/Ülikooli asjad/Computer Graphics/TheWalkingMan/Saved/Config/Windows/Engine.ini]
[2019.11.17-12.33.05:161][  0]LogConfig: Applying CVar settings from Section [/Script/Engine.StreamingSettings] File [C:/Users/Marvin Vihman/Desktop/Ülikooli asjad/Computer Graphics/TheWalkingMan/Saved/Config/Windows/Engine.ini]
[2019.11.17-12.33.05:161][  0]LogConfig: Setting CVar [[s.MinBulkDataSizeForAsyncLoading:131072]]
[2019.11.17-12.33.05:161][  0]LogConfig: Setting CVar [[s.AsyncLoadingThreadEnabled:0]]
[2019.11.17-12.33.05:161][  0]LogConfig: Setting CVar [[s.EventDrivenLoaderEnabled:1]]
[2019.11.17-12.33.05:161][  0]LogConfig: Setting CVar [[s.WarnIfTimeLimitExceeded:0]]
[2019.11.17-12.33.05:161][  0]LogConfig: Setting CVar [[s.TimeLimitExceededMultiplier:1.5]]
[2019.11.17-12.33.05:161][  0]LogConfig: Setting CVar [[s.TimeLimitExceededMinTime:0.005]]
[2019.11.17-12.33.05:161][  0]LogConfig: Setting CVar [[s.UseBackgroundLevelStreaming:1]]
[2019.11.17-12.33.05:161][  0]LogConfig: Setting CVar [[s.PriorityAsyncLoadingExtraTime:15.0]]
[2019.11.17-12.33.05:161][  0]LogConfig: Setting CVar [[s.LevelStreamingActorsUpdateTimeLimit:5.0]]
[2019.11.17-12.33.05:161][  0]LogConfig: Setting CVar [[s.PriorityLevelStreamingActorsUpdateExtraTime:5.0]]
[2019.11.17-12.33.05:161][  0]LogConfig: Setting CVar [[s.LevelStreamingComponentsRegistrationGranularity:10]]
[2019.11.17-12.33.05:161][  0]LogConfig: Setting CVar [[s.UnregisterComponentsTimeLimit:1.0]]
[2019.11.17-12.33.05:161][  0]LogConfig: Setting CVar [[s.LevelStreamingComponentsUnregistrationGranularity:5]]
[2019.11.17-12.33.05:161][  0]LogConfig: Applying CVar settings from Section [/Script/Engine.GarbageCollectionSettings] File [C:/Users/Marvin Vihman/Desktop/Ülikooli asjad/Computer Graphics/TheWalkingMan/Saved/Config/Windows/Engine.ini]
[2019.11.17-12.33.05:161][  0]LogConfig: Setting CVar [[gc.MaxObjectsNotConsideredByGC:1]]
[2019.11.17-12.33.05:161][  0]LogConfig: Setting CVar [[gc.SizeOfPermanentObjectPool:0]]
[2019.11.17-12.33.05:161][  0]LogConfig: Setting CVar [[gc.FlushStreamingOnGC:0]]
[2019.11.17-12.33.05:161][  0]LogConfig: Setting CVar [[gc.NumRetriesBeforeForcingGC:10]]
[2019.11.17-12.33.05:161][  0]LogConfig: Setting CVar [[gc.AllowParallelGC:1]]
[2019.11.17-12.33.05:161][  0]LogConfig: Setting CVar [[gc.TimeBetweenPurgingPendingKillObjects:61.1]]
[2019.11.17-12.33.05:161][  0]LogConfig: Setting CVar [[gc.MaxObjectsInEditor:16777216]]
[2019.11.17-12.33.05:161][  0]LogConfig: Setting CVar [[gc.IncrementalBeginDestroyEnabled:1]]
[2019.11.17-12.33.05:161][  0]LogConfig: Setting CVar [[gc.CreateGCClusters:1]]
[2019.11.17-12.33.05:161][  0]LogConfig: Setting CVar [[gc.MinGCClusterSize:5]]
[2019.11.17-12.33.05:161][  0]LogConfig: Setting CVar [[gc.ActorClusteringEnabled:0]]
[2019.11.17-12.33.05:162][  0]LogConfig: Setting CVar [[gc.BlueprintClusteringEnabled:0]]
[2019.11.17-12.33.05:162][  0]LogConfig: Setting CVar [[gc.UseDisregardForGCOnDedicatedServers:0]]
[2019.11.17-12.33.05:162][  0]LogConfig: Applying CVar settings from Section [/Script/Engine.NetworkSettings] File [C:/Users/Marvin Vihman/Desktop/Ülikooli asjad/Computer Graphics/TheWalkingMan/Saved/Config/Windows/Engine.ini]
[2019.11.17-12.33.05:162][  0]LogConfig: Applying CVar settings from Section [/Script/UnrealEd.CookerSettings] File [C:/Users/Marvin Vihman/Desktop/Ülikooli asjad/Computer Graphics/TheWalkingMan/Saved/Config/Windows/Engine.ini]
[2019.11.17-12.33.05:174][  0]LogConfig: Applying CVar settings from Section [ViewDistanceQuality@3] File [C:/Users/Marvin Vihman/Desktop/Ülikooli asjad/Computer Graphics/TheWalkingMan/Saved/Config/Windows/Scalability.ini]
[2019.11.17-12.33.05:174][  0]LogConfig: Setting CVar [[r.SkeletalMeshLODBias:0]]
[2019.11.17-12.33.05:175][  0]LogConfig: Setting CVar [[r.ViewDistanceScale:1.0]]
[2019.11.17-12.33.05:175][  0]LogConfig: Applying CVar settings from Section [AntiAliasingQuality@3] File [C:/Users/Marvin Vihman/Desktop/Ülikooli asjad/Computer Graphics/TheWalkingMan/Saved/Config/Windows/Scalability.ini]
[2019.11.17-12.33.05:175][  0]LogConfig: Setting CVar [[r.PostProcessAAQuality:4]]
[2019.11.17-12.33.05:175][  0]LogConfig: Applying CVar settings from Section [ShadowQuality@3] File [C:/Users/Marvin Vihman/Desktop/Ülikooli asjad/Computer Graphics/TheWalkingMan/Saved/Config/Windows/Scalability.ini]
[2019.11.17-12.33.05:175][  0]LogConfig: Setting CVar [[r.LightFunctionQuality:1]]
[2019.11.17-12.33.05:175][  0]LogConfig: Setting CVar [[r.ShadowQuality:5]]
[2019.11.17-12.33.05:175][  0]LogConfig: Setting CVar [[r.Shadow.CSM.MaxCascades:10]]
[2019.11.17-12.33.05:175][  0]LogConfig: Setting CVar [[r.Shadow.MaxResolution:2048]]
[2019.11.17-12.33.05:175][  0]LogConfig: Setting CVar [[r.Shadow.MaxCSMResolution:2048]]
[2019.11.17-12.33.05:175][  0]LogConfig: Setting CVar [[r.Shadow.RadiusThreshold:0.01]]
[2019.11.17-12.33.05:175][  0]LogConfig: Setting CVar [[r.Shadow.DistanceScale:1.0]]
[2019.11.17-12.33.05:175][  0]LogConfig: Setting CVar [[r.Shadow.CSM.TransitionScale:1.0]]
[2019.11.17-12.33.05:175][  0]LogConfig: Setting CVar [[r.Shadow.PreShadowResolutionFactor:1.0]]
[2019.11.17-12.33.05:175][  0]LogConfig: Setting CVar [[r.DistanceFieldShadowing:1]]
[2019.11.17-12.33.05:175][  0]LogConfig: Setting CVar [[r.DistanceFieldAO:1]]
[2019.11.17-12.33.05:175][  0]LogConfig: Setting CVar [[r.AOQuality:2]]
[2019.11.17-12.33.05:175][  0]LogConfig: Setting CVar [[r.VolumetricFog:1]]
[2019.11.17-12.33.05:175][  0]LogConfig: Setting CVar [[r.VolumetricFog.GridPixelSize:8]]
[2019.11.17-12.33.05:175][  0]LogConfig: Setting CVar [[r.VolumetricFog.GridSizeZ:128]]
[2019.11.17-12.33.05:175][  0]LogConfig: Setting CVar [[r.VolumetricFog.HistoryMissSupersampleCount:4]]
[2019.11.17-12.33.05:175][  0]LogConfig: Setting CVar [[r.LightMaxDrawDistanceScale:1]]
[2019.11.17-12.33.05:175][  0]LogConfig: Setting CVar [[r.CapsuleShadows:1]]
[2019.11.17-12.33.05:175][  0]LogConfig: Applying CVar settings from Section [PostProcessQuality@3] File [C:/Users/Marvin Vihman/Desktop/Ülikooli asjad/Computer Graphics/TheWalkingMan/Saved/Config/Windows/Scalability.ini]
[2019.11.17-12.33.05:175][  0]LogConfig: Setting CVar [[r.MotionBlurQuality:4]]
[2019.11.17-12.33.05:175][  0]LogConfig: Setting CVar [[r.AmbientOcclusionMipLevelFactor:0.4]]
[2019.11.17-12.33.05:175][  0]LogConfig: Setting CVar [[r.AmbientOcclusionMaxQuality:100]]
[2019.11.17-12.33.05:175][  0]LogConfig: Setting CVar [[r.AmbientOcclusionLevels:-1]]
[2019.11.17-12.33.05:175][  0]LogConfig: Setting CVar [[r.AmbientOcclusionRadiusScale:1.0]]
[2019.11.17-12.33.05:175][  0]LogConfig: Setting CVar [[r.DepthOfFieldQuality:2]]
[2019.11.17-12.33.05:175][  0]LogConfig: Setting CVar [[r.RenderTargetPoolMin:400]]
[2019.11.17-12.33.05:175][  0]LogConfig: Setting CVar [[r.LensFlareQuality:2]]
[2019.11.17-12.33.05:175][  0]LogConfig: Setting CVar [[r.SceneColorFringeQuality:1]]
[2019.11.17-12.33.05:175][  0]LogConfig: Setting CVar [[r.EyeAdaptationQuality:2]]
[2019.11.17-12.33.05:175][  0]LogConfig: Setting CVar [[r.BloomQuality:5]]
[2019.11.17-12.33.05:175][  0]LogConfig: Setting CVar [[r.FastBlurThreshold:100]]
[2019.11.17-12.33.05:175][  0]LogConfig: Setting CVar [[r.Upscale.Quality:3]]
[2019.11.17-12.33.05:175][  0]LogConfig: Setting CVar [[r.Tonemapper.GrainQuantization:1]]
[2019.11.17-12.33.05:175][  0]LogConfig: Setting CVar [[r.LightShaftQuality:1]]
[2019.11.17-12.33.05:175][  0]LogConfig: Setting CVar [[r.Filter.SizeScale:1]]
[2019.11.17-12.33.05:175][  0]LogConfig: Setting CVar [[r.Tonemapper.Quality:5]]
[2019.11.17-12.33.05:175][  0]LogConfig: Setting CVar [[r.DOF.Gather.AccumulatorQuality:1        ; higher gathering accumulator quality]]
[2019.11.17-12.33.05:175][  0]LogConfig: Setting CVar [[r.DOF.Gather.PostfilterMethod:1          ; Median3x3 postfilering method]]
[2019.11.17-12.33.05:175][  0]LogConfig: Setting CVar [[r.DOF.Gather.EnableBokehSettings:0       ; no bokeh simulation when gathering]]
[2019.11.17-12.33.05:175][  0]LogConfig: Setting CVar [[r.DOF.Gather.RingCount:4                 ; medium number of samples when gathering]]
[2019.11.17-12.33.05:175][  0]LogConfig: Setting CVar [[r.DOF.Scatter.ForegroundCompositing:1    ; additive foreground scattering]]
[2019.11.17-12.33.05:175][  0]LogConfig: Setting CVar [[r.DOF.Scatter.BackgroundCompositing:2    ; additive background scattering]]
[2019.11.17-12.33.05:175][  0]LogConfig: Setting CVar [[r.DOF.Scatter.EnableBokehSettings:1      ; bokeh simulation when scattering]]
[2019.11.17-12.33.05:175][  0]LogConfig: Setting CVar [[r.DOF.Scatter.MaxSpriteRatio:0.1         ; only a maximum of 10% of scattered bokeh]]
[2019.11.17-12.33.05:175][  0]LogConfig: Setting CVar [[r.DOF.Recombine.Quality:1                ; cheap slight out of focus]]
[2019.11.17-12.33.05:175][  0]LogConfig: Setting CVar [[r.DOF.Recombine.EnableBokehSettings:0    ; no bokeh simulation on slight out of focus]]
[2019.11.17-12.33.05:175][  0]LogConfig: Setting CVar [[r.DOF.TemporalAAQuality:1                ; more stable temporal accumulation]]
[2019.11.17-12.33.05:175][  0]LogConfig: Setting CVar [[r.DOF.Kernel.MaxForegroundRadius:0.025]]
[2019.11.17-12.33.05:175][  0]LogConfig: Setting CVar [[r.DOF.Kernel.MaxBackgroundRadius:0.025]]
[2019.11.17-12.33.05:175][  0]LogConfig: Applying CVar settings from Section [TextureQuality@3] File [C:/Users/Marvin Vihman/Desktop/Ülikooli asjad/Computer Graphics/TheWalkingMan/Saved/Config/Windows/Scalability.ini]
[2019.11.17-12.33.05:175][  0]LogConfig: Setting CVar [[r.Streaming.MipBias:0]]
[2019.11.17-12.33.05:175][  0]LogConfig: Setting CVar [[r.Streaming.AmortizeCPUToGPUCopy:0]]
[2019.11.17-12.33.05:175][  0]LogConfig: Setting CVar [[r.Streaming.MaxNumTexturesToStreamPerFrame:0]]
[2019.11.17-12.33.05:175][  0]LogConfig: Setting CVar [[r.Streaming.Boost:1]]
[2019.11.17-12.33.05:175][  0]LogConfig: Setting CVar [[r.MaxAnisotropy:8]]
[2019.11.17-12.33.05:175][  0]LogConfig: Setting CVar [[r.Streaming.LimitPoolSizeToVRAM:0]]
[2019.11.17-12.33.05:175][  0]LogConfig: Setting CVar [[r.Streaming.PoolSize:1000]]
[2019.11.17-12.33.05:175][  0]LogConfig: Setting CVar [[r.Streaming.MaxEffectiveScreenSize:0]]
[2019.11.17-12.33.05:175][  0]LogConfig: Applying CVar settings from Section [EffectsQuality@3] File [C:/Users/Marvin Vihman/Desktop/Ülikooli asjad/Computer Graphics/TheWalkingMan/Saved/Config/Windows/Scalability.ini]
[2019.11.17-12.33.05:175][  0]LogConfig: Setting CVar [[r.TranslucencyLightingVolumeDim:64]]
[2019.11.17-12.33.05:175][  0]LogConfig: Setting CVar [[r.RefractionQuality:2]]
[2019.11.17-12.33.05:175][  0]LogConfig: Setting CVar [[r.SSR.Quality:3]]
[2019.11.17-12.33.05:175][  0]LogConfig: Setting CVar [[r.SceneColorFormat:4]]
[2019.11.17-12.33.05:175][  0]LogConfig: Setting CVar [[r.DetailMode:2]]
[2019.11.17-12.33.05:175][  0]LogConfig: Setting CVar [[r.TranslucencyVolumeBlur:1]]
[2019.11.17-12.33.05:176][  0]LogConfig: Setting CVar [[r.MaterialQualityLevel:1 ; High quality]]
[2019.11.17-12.33.05:176][  0]LogConfig: Setting CVar [[r.SSS.Scale:1]]
[2019.11.17-12.33.05:176][  0]LogConfig: Setting CVar [[r.SSS.SampleSet:2]]
[2019.11.17-12.33.05:176][  0]LogConfig: Setting CVar [[r.SSS.Quality:1]]
[2019.11.17-12.33.05:176][  0]LogConfig: Setting CVar [[r.SSS.HalfRes:1]]
[2019.11.17-12.33.05:176][  0]LogConfig: Setting CVar [[r.EmitterSpawnRateScale:1.0]]
[2019.11.17-12.33.05:176][  0]LogConfig: Setting CVar [[r.ParticleLightQuality:2]]
[2019.11.17-12.33.05:176][  0]LogConfig: Applying CVar settings from Section [FoliageQuality@3] File [C:/Users/Marvin Vihman/Desktop/Ülikooli asjad/Computer Graphics/TheWalkingMan/Saved/Config/Windows/Scalability.ini]
[2019.11.17-12.33.05:176][  0]LogConfig: Setting CVar [[foliage.DensityScale:1.0]]
[2019.11.17-12.33.05:176][  0]LogConfig: Setting CVar [[grass.DensityScale:1.0]]
[2019.11.17-12.33.05:176][  0]LogInit: Selected Device Profile: [Windows]
[2019.11.17-12.33.05:177][  0]LogInit: Applying CVar settings loaded from the selected device profile: [Windows]
[2019.11.17-12.33.05:180][  0]LogHAL: Display: Platform has ~ 16 GB [17015451648 / 17179869184 / 16], which maps to Larger [LargestMinGB=32, LargerMinGB=12, DefaultMinGB=8, SmallerMinGB=6, SmallestMinGB=0)
[2019.11.17-12.33.05:180][  0]LogInit: Going up to parent DeviceProfile []
[2019.11.17-12.33.05:181][  0]LogConfig: Applying CVar settings from Section [ViewDistanceQuality@0] File [C:/Users/Marvin Vihman/Desktop/Ülikooli asjad/Computer Graphics/TheWalkingMan/Saved/Config/Windows/Scalability.ini]
[2019.11.17-12.33.05:181][  0]LogConfig: Setting CVar [[r.SkeletalMeshLODBias:2]]
[2019.11.17-12.33.05:181][  0]LogConfig: Setting CVar [[r.ViewDistanceScale:0.4]]
[2019.11.17-12.33.05:181][  0]LogConfig: Applying CVar settings from Section [AntiAliasingQuality@0] File [C:/Users/Marvin Vihman/Desktop/Ülikooli asjad/Computer Graphics/TheWalkingMan/Saved/Config/Windows/Scalability.ini]
[2019.11.17-12.33.05:181][  0]LogConfig: Setting CVar [[r.PostProcessAAQuality:0]]
[2019.11.17-12.33.05:181][  0]LogConfig: Applying CVar settings from Section [ShadowQuality@0] File [C:/Users/Marvin Vihman/Desktop/Ülikooli asjad/Computer Graphics/TheWalkingMan/Saved/Config/Windows/Scalability.ini]
[2019.11.17-12.33.05:181][  0]LogConfig: Setting CVar [[r.LightFunctionQuality:0]]
[2019.11.17-12.33.05:181][  0]LogConfig: Setting CVar [[r.ShadowQuality:0]]
[2019.11.17-12.33.05:181][  0]LogConfig: Setting CVar [[r.Shadow.CSM.MaxCascades:1]]
[2019.11.17-12.33.05:181][  0]LogConfig: Setting CVar [[r.Shadow.MaxResolution:512]]
[2019.11.17-12.33.05:181][  0]LogConfig: Setting CVar [[r.Shadow.MaxCSMResolution:512]]
[2019.11.17-12.33.05:181][  0]LogConfig: Setting CVar [[r.Shadow.RadiusThreshold:0.06]]
[2019.11.17-12.33.05:181][  0]LogConfig: Setting CVar [[r.Shadow.DistanceScale:0.6]]
[2019.11.17-12.33.05:181][  0]LogConfig: Setting CVar [[r.Shadow.CSM.TransitionScale:0]]
[2019.11.17-12.33.05:181][  0]LogConfig: Setting CVar [[r.Shadow.PreShadowResolutionFactor:0.5]]
[2019.11.17-12.33.05:181][  0]LogConfig: Setting CVar [[r.DistanceFieldShadowing:0]]
[2019.11.17-12.33.05:181][  0]LogConfig: Setting CVar [[r.DistanceFieldAO:0]]
[2019.11.17-12.33.05:181][  0]LogConfig: Setting CVar [[r.VolumetricFog:0]]
[2019.11.17-12.33.05:181][  0]LogConfig: Setting CVar [[r.LightMaxDrawDistanceScale:0]]
[2019.11.17-12.33.05:181][  0]LogConfig: Setting CVar [[r.CapsuleShadows:0]]
[2019.11.17-12.33.05:181][  0]LogConfig: Applying CVar settings from Section [PostProcessQuality@0] File [C:/Users/Marvin Vihman/Desktop/Ülikooli asjad/Computer Graphics/TheWalkingMan/Saved/Config/Windows/Scalability.ini]
[2019.11.17-12.33.05:181][  0]LogConfig: Setting CVar [[r.MotionBlurQuality:0]]
[2019.11.17-12.33.05:181][  0]LogConfig: Setting CVar [[r.AmbientOcclusionMipLevelFactor:1.0]]
[2019.11.17-12.33.05:181][  0]LogConfig: Setting CVar [[r.AmbientOcclusionMaxQuality:0]]
[2019.11.17-12.33.05:181][  0]LogConfig: Setting CVar [[r.AmbientOcclusionLevels:0]]
[2019.11.17-12.33.05:181][  0]LogConfig: Setting CVar [[r.AmbientOcclusionRadiusScale:1.2]]
[2019.11.17-12.33.05:181][  0]LogConfig: Setting CVar [[r.DepthOfFieldQuality:0]]
[2019.11.17-12.33.05:181][  0]LogConfig: Setting CVar [[r.RenderTargetPoolMin:300]]
[2019.11.17-12.33.05:181][  0]LogConfig: Setting CVar [[r.LensFlareQuality:0]]
[2019.11.17-12.33.05:181][  0]LogConfig: Setting CVar [[r.SceneColorFringeQuality:0]]
[2019.11.17-12.33.05:181][  0]LogConfig: Setting CVar [[r.EyeAdaptationQuality:0]]
[2019.11.17-12.33.05:181][  0]LogConfig: Setting CVar [[r.BloomQuality:4]]
[2019.11.17-12.33.05:181][  0]LogConfig: Setting CVar [[r.FastBlurThreshold:0]]
[2019.11.17-12.33.05:181][  0]LogConfig: Setting CVar [[r.Upscale.Quality:1]]
[2019.11.17-12.33.05:181][  0]LogConfig: Setting CVar [[r.Tonemapper.GrainQuantization:0]]
[2019.11.17-12.33.05:181][  0]LogConfig: Setting CVar [[r.LightShaftQuality:0]]
[2019.11.17-12.33.05:181][  0]LogConfig: Setting CVar [[r.Filter.SizeScale:0.6]]
[2019.11.17-12.33.05:181][  0]LogConfig: Setting CVar [[r.Tonemapper.Quality:0]]
[2019.11.17-12.33.05:181][  0]LogConfig: Applying CVar settings from Section [TextureQuality@0] File [C:/Users/Marvin Vihman/Desktop/Ülikooli asjad/Computer Graphics/TheWalkingMan/Saved/Config/Windows/Scalability.ini]
[2019.11.17-12.33.05:181][  0]LogConfig: Setting CVar [[r.Streaming.MipBias:16]]
[2019.11.17-12.33.05:181][  0]LogConfig: Setting CVar [[r.Streaming.AmortizeCPUToGPUCopy:1]]
[2019.11.17-12.33.05:181][  0]LogConfig: Setting CVar [[r.Streaming.MaxNumTexturesToStreamPerFrame:1]]
[2019.11.17-12.33.05:181][  0]LogConfig: Setting CVar [[r.Streaming.Boost:0.3]]
[2019.11.17-12.33.05:181][  0]LogConfig: Setting CVar [[r.MaxAnisotropy:0]]
[2019.11.17-12.33.05:181][  0]LogConfig: Setting CVar [[r.Streaming.LimitPoolSizeToVRAM:1]]
[2019.11.17-12.33.05:181][  0]LogConfig: Setting CVar [[r.Streaming.PoolSize:400]]
[2019.11.17-12.33.05:181][  0]LogConfig: Setting CVar [[r.Streaming.MaxEffectiveScreenSize:0]]
[2019.11.17-12.33.05:181][  0]LogConfig: Applying CVar settings from Section [EffectsQuality@0] File [C:/Users/Marvin Vihman/Desktop/Ülikooli asjad/Computer Graphics/TheWalkingMan/Saved/Config/Windows/Scalability.ini]
[2019.11.17-12.33.05:181][  0]LogConfig: Setting CVar [[r.TranslucencyLightingVolumeDim:24]]
[2019.11.17-12.33.05:182][  0]LogConfig: Setting CVar [[r.RefractionQuality:0]]
[2019.11.17-12.33.05:182][  0]LogConfig: Setting CVar [[r.SSR.Quality:0]]
[2019.11.17-12.33.05:182][  0]LogConfig: Setting CVar [[r.SceneColorFormat:3]]
[2019.11.17-12.33.05:182][  0]LogConfig: Setting CVar [[r.DetailMode:0]]
[2019.11.17-12.33.05:182][  0]LogConfig: Setting CVar [[r.TranslucencyVolumeBlur:0]]
[2019.11.17-12.33.05:182][  0]LogConfig: Setting CVar [[r.MaterialQualityLevel:0 ; Low quality]]
[2019.11.17-12.33.05:182][  0]LogConfig: Setting CVar [[r.SSS.Scale:0]]
[2019.11.17-12.33.05:182][  0]LogConfig: Setting CVar [[r.SSS.SampleSet:0]]
[2019.11.17-12.33.05:182][  0]LogConfig: Setting CVar [[r.SSS.Quality:0]]
[2019.11.17-12.33.05:182][  0]LogConfig: Setting CVar [[r.SSS.HalfRes:1]]
[2019.11.17-12.33.05:182][  0]LogConfig: Setting CVar [[r.EmitterSpawnRateScale:0.125]]
[2019.11.17-12.33.05:182][  0]LogConfig: Setting CVar [[r.ParticleLightQuality:0]]
[2019.11.17-12.33.05:182][  0]LogConfig: Applying CVar settings from Section [FoliageQuality@0] File [C:/Users/Marvin Vihman/Desktop/Ülikooli asjad/Computer Graphics/TheWalkingMan/Saved/Config/Windows/Scalability.ini]
[2019.11.17-12.33.05:182][  0]LogConfig: Setting CVar [[foliage.DensityScale:0]]
[2019.11.17-12.33.05:182][  0]LogConfig: Setting CVar [[grass.DensityScale:0]]
[2019.11.17-12.33.05:182][  0]LogConfig: Applying CVar settings from Section [Startup] File [../../../Engine/Config/ConsoleVariables.ini]
[2019.11.17-12.33.05:182][  0]LogConfig: Setting CVar [[net.UseAdaptiveNetUpdateFrequency:0]]
[2019.11.17-12.33.05:182][  0]LogConfig: Setting CVar [[p.chaos.AllowCreatePhysxBodies:1]]
[2019.11.17-12.33.05:182][  0]LogConfig: Applying CVar settings from Section [ConsoleVariables] File [C:/Users/Marvin Vihman/Desktop/Ülikooli asjad/Computer Graphics/TheWalkingMan/Saved/Config/Windows/Engine.ini]
[2019.11.17-12.33.05:186][  0]LogInit: Computer: DESKTOP-C97I5QT
[2019.11.17-12.33.05:186][  0]LogInit: User: MarvinVihman
[2019.11.17-12.33.05:186][  0]LogInit: CPU Page size=4096, Cores=4
[2019.11.17-12.33.05:186][  0]LogInit: High frequency timer resolution =10.000000 MHz
[2019.11.17-12.33.05:186][  0]LogMemory: Memory total: Physical=15.8GB (16GB approx)
[2019.11.17-12.33.05:186][  0]LogMemory: Platform Memory Stats for Windows
[2019.11.17-12.33.05:186][  0]LogMemory: Process Physical Memory: 102.04 MB used, 102.04 MB peak
[2019.11.17-12.33.05:186][  0]LogMemory: Process Virtual Memory: 99.07 MB used, 99.07 MB peak
[2019.11.17-12.33.05:186][  0]LogMemory: Physical Memory: 4059.23 MB used,  12167.96 MB free, 16227.20 MB total
[2019.11.17-12.33.05:186][  0]LogMemory: Virtual Memory: 4666.93 MB used,  134213064.00 MB free, 134217728.00 MB total
[2019.11.17-12.33.05:190][  0]LogWindows: WindowsPlatformFeatures enabled
[2019.11.17-12.33.05:283][  0]LogInit: Using OS detected language (et-EE).
[2019.11.17-12.33.05:283][  0]LogInit: Using OS detected locale (et-EE).
[2019.11.17-12.33.05:285][  0]LogTextLocalizationManager: No localization for 'et-EE' exists, so 'en' will be used for the language.
[2019.11.17-12.33.05:657][  0]LogInit: Setting process to per monitor DPI aware
[2019.11.17-12.33.05:712][  0]LogSlate: New Slate User Created.  User Index 0, Is Virtual User: 0
[2019.11.17-12.33.05:712][  0]LogSlate: Slate User Registered.  User Index 0, Is Virtual User: 0
[2019.11.17-12.33.05:977][  0]LogHMD: Failed to initialize OpenVR with code 110
[2019.11.17-12.33.05:977][  0]LogD3D11RHI: D3D11 adapters:
[2019.11.17-12.33.06:059][  0]LogD3D11RHI:    0. 'Intel(R) UHD Graphics 620' (Feature Level 11_0)
[2019.11.17-12.33.06:059][  0]LogD3D11RHI:       128/0/8113 MB DedicatedVideo/DedicatedSystem/SharedSystem, Outputs:2, VendorId:0x8086
[2019.11.17-12.33.06:064][  0]LogD3D11RHI:    1. 'Microsoft Basic Render Driver' (Feature Level 11_0)
[2019.11.17-12.33.06:064][  0]LogD3D11RHI:       0/0/8113 MB DedicatedVideo/DedicatedSystem/SharedSystem, Outputs:0, VendorId:0x1414
[2019.11.17-12.33.06:064][  0]LogD3D11RHI: Chosen D3D11 Adapter: 0
[2019.11.17-12.33.06:072][  0]LogD3D11RHI: Creating new Direct3DDevice
[2019.11.17-12.33.06:072][  0]LogD3D11RHI:     GPU DeviceId: 0x5917 (for the marketing name, search the web for "GPU Device Id")
[2019.11.17-12.33.06:072][  0]LogWindows: EnumDisplayDevices:
[2019.11.17-12.33.06:072][  0]LogWindows:    0. 'Intel(R) UHD Graphics 620' (P:1 D:1)
[2019.11.17-12.33.06:073][  0]LogWindows:    1. 'Intel(R) UHD Graphics 620' (P:0 D:1)
[2019.11.17-12.33.06:073][  0]LogWindows:    2. 'Intel(R) UHD Graphics 620' (P:0 D:0)
[2019.11.17-12.33.06:073][  0]LogWindows: DebugString: FoundDriverCount:3 
[2019.11.17-12.33.06:073][  0]LogD3D11RHI:     Adapter Name: Intel(R) UHD Graphics 620
[2019.11.17-12.33.06:073][  0]LogD3D11RHI:   Driver Version: 26.20.100.7262 (internal:26.20.100.7262, unified:26.20.100.7262)
[2019.11.17-12.33.06:073][  0]LogD3D11RHI:      Driver Date: 9-25-2019
[2019.11.17-12.33.06:073][  0]LogRHI: Texture pool is 1523 MB (70% of 2176 MB)
[2019.11.17-12.33.06:247][  0]LogD3D11RHI: [IntelMetricsDiscovery] Started
[2019.11.17-12.33.06:247][  0]LogD3D11RHI: Async texture creation enabled
[2019.11.17-12.33.06:261][  0]LogD3D11RHI: GPU Timing Frequency: 12.000048 (Debug: 2 0)
[2019.11.17-12.33.06:723][  0]LogTemp: Display: Module 'AllDesktopTargetPlatform' loaded TargetPlatform 'AllDesktop'
[2019.11.17-12.33.06:733][  0]LogTemp: Display: Module 'MacClientTargetPlatform' loaded TargetPlatform 'MacClient'
[2019.11.17-12.33.06:743][  0]LogTemp: Display: Module 'MacNoEditorTargetPlatform' loaded TargetPlatform 'MacNoEditor'
[2019.11.17-12.33.06:752][  0]LogTemp: Display: Module 'MacServerTargetPlatform' loaded TargetPlatform 'MacServer'
[2019.11.17-12.33.06:762][  0]LogTemp: Display: Module 'MacTargetPlatform' loaded TargetPlatform 'Mac'
[2019.11.17-12.33.06:772][  0]LogTemp: Display: Module 'WindowsClientTargetPlatform' loaded TargetPlatform 'WindowsClient'
[2019.11.17-12.33.06:781][  0]LogTemp: Display: Module 'WindowsNoEditorTargetPlatform' loaded TargetPlatform 'WindowsNoEditor'
[2019.11.17-12.33.06:791][  0]LogTemp: Display: Module 'WindowsServerTargetPlatform' loaded TargetPlatform 'WindowsServer'
[2019.11.17-12.33.06:796][  0]LogTemp: Display: Module 'WindowsTargetPlatform' loaded TargetPlatform 'Windows'
[2019.11.17-12.33.06:830][  0]LogTemp: Display: Module 'AndroidTargetPlatform' loaded TargetPlatform 'Android'
[2019.11.17-12.33.06:830][  0]LogTemp: Display: Module 'AndroidTargetPlatform' loaded TargetPlatform 'Android_ASTC'
[2019.11.17-12.33.06:830][  0]LogTemp: Display: Module 'AndroidTargetPlatform' loaded TargetPlatform 'Android_ATC'
[2019.11.17-12.33.06:830][  0]LogTemp: Display: Module 'AndroidTargetPlatform' loaded TargetPlatform 'Android_DXT'
[2019.11.17-12.33.06:830][  0]LogTemp: Display: Module 'AndroidTargetPlatform' loaded TargetPlatform 'Android_ETC1'
[2019.11.17-12.33.06:830][  0]LogTemp: Display: Module 'AndroidTargetPlatform' loaded TargetPlatform 'Android_ETC1a'
[2019.11.17-12.33.06:830][  0]LogTemp: Display: Module 'AndroidTargetPlatform' loaded TargetPlatform 'Android_ETC2'
[2019.11.17-12.33.06:830][  0]LogTemp: Display: Module 'AndroidTargetPlatform' loaded TargetPlatform 'Android_PVRTC'
[2019.11.17-12.33.06:830][  0]LogTemp: Display: Module 'AndroidTargetPlatform' loaded TargetPlatform 'AndroidClient'
[2019.11.17-12.33.06:830][  0]LogTemp: Display: Module 'AndroidTargetPlatform' loaded TargetPlatform 'Android_ASTCClient'
[2019.11.17-12.33.06:830][  0]LogTemp: Display: Module 'AndroidTargetPlatform' loaded TargetPlatform 'Android_ATCClient'
[2019.11.17-12.33.06:830][  0]LogTemp: Display: Module 'AndroidTargetPlatform' loaded TargetPlatform 'Android_DXTClient'
[2019.11.17-12.33.06:830][  0]LogTemp: Display: Module 'AndroidTargetPlatform' loaded TargetPlatform 'Android_ETC1Client'
[2019.11.17-12.33.06:830][  0]LogTemp: Display: Module 'AndroidTargetPlatform' loaded TargetPlatform 'Android_ETC1aClient'
[2019.11.17-12.33.06:830][  0]LogTemp: Display: Module 'AndroidTargetPlatform' loaded TargetPlatform 'Android_ETC2Client'
[2019.11.17-12.33.06:830][  0]LogTemp: Display: Module 'AndroidTargetPlatform' loaded TargetPlatform 'Android_PVRTCClient'
[2019.11.17-12.33.06:830][  0]LogTemp: Display: Module 'AndroidTargetPlatform' loaded TargetPlatform 'Android_Multi'
[2019.11.17-12.33.06:830][  0]LogTemp: Display: Module 'AndroidTargetPlatform' loaded TargetPlatform 'Android_MultiClient'
[2019.11.17-12.33.06:833][  0]LogTemp: Display: Module 'HTML5TargetPlatform' loaded TargetPlatform 'HTML5'
[2019.11.17-12.33.06:855][  0]LogTemp: Display: Module 'IOSTargetPlatform' loaded TargetPlatform 'IOSClient'
[2019.11.17-12.33.06:855][  0]LogTemp: Display: Module 'IOSTargetPlatform' loaded TargetPlatform 'IOS'
[2019.11.17-12.33.06:869][  0]LogTemp: Display: Module 'TVOSTargetPlatform' loaded TargetPlatform 'TVOSClient'
[2019.11.17-12.33.06:869][  0]LogTemp: Display: Module 'TVOSTargetPlatform' loaded TargetPlatform 'TVOS'
[2019.11.17-12.33.06:877][  0]LogTemp: Display: Module 'LinuxClientTargetPlatform' loaded TargetPlatform 'LinuxClient'
[2019.11.17-12.33.06:885][  0]LogTemp: Display: Module 'LinuxNoEditorTargetPlatform' loaded TargetPlatform 'LinuxNoEditor'
[2019.11.17-12.33.06:892][  0]LogTemp: Display: Module 'LinuxServerTargetPlatform' loaded TargetPlatform 'LinuxServer'
[2019.11.17-12.33.06:901][  0]LogTemp: Display: Module 'LinuxTargetPlatform' loaded TargetPlatform 'Linux'
[2019.11.17-12.33.06:926][  0]LogTemp: Display: Module 'LuminTargetPlatform' loaded TargetPlatform 'Lumin'
[2019.11.17-12.33.06:926][  0]LogTemp: Display: Module 'LuminTargetPlatform' loaded TargetPlatform 'LuminClient'
[2019.11.17-12.33.06:926][  0]LogTargetPlatformManager: Display: Building Assets For Windows
[2019.11.17-12.33.06:940][  0]LogAudioDebug: Display: Lib vorbis DLL was dynamically loaded.
[2019.11.17-12.33.07:029][  0]LogShaderCompilers: Guid format shader working directory is -39 characters bigger than the processId version (../../../../../../Users/Marvin Vihman/Desktop/Ülikooli asjad/Computer Graphics/TheWalkingMan/Intermediate/Shaders/WorkingDirectory/30376/).
[2019.11.17-12.33.07:029][  0]LogShaderCompilers: Cleaned the shader compiler working directory 'C:/Users/Marvin Vihman/AppData/Local/Temp/UnrealShaderWorkingDir/49255C7E4DBBB7580BD367BC5C898498/'.
[2019.11.17-12.33.07:032][  0]LogXGEController: Cleaning working directory: C:/Users/Marvin Vihman/AppData/Local/Temp/UnrealXGEWorkingDir/
[2019.11.17-12.33.07:033][  0]LogXGEController: Cannot use XGE Controller as Incredibuild is not installed on this machine.
[2019.11.17-12.33.07:033][  0]LogShaderCompilers: Cannot use XGE Shader Compiler as Incredibuild is not installed on this machine.
[2019.11.17-12.33.07:033][  0]LogShaderCompilers: Display: Using Local Shader Compiler.
[2019.11.17-12.33.09:227][  0]LogDerivedDataCache: Display: Max Cache Size: 512 MB
[2019.11.17-12.33.09:352][  0]LogDerivedDataCache: Loaded boot cache 0.12s 78MB C:/Users/Marvin Vihman/AppData/Local/UnrealEngine/4.23/DerivedDataCache/Boot.ddc.
[2019.11.17-12.33.09:353][  0]LogDerivedDataCache: Display: Loaded Boot cache: C:/Users/Marvin Vihman/AppData/Local/UnrealEngine/4.23/DerivedDataCache/Boot.ddc
[2019.11.17-12.33.09:353][  0]LogDerivedDataCache: FDerivedDataBackendGraph:  Pak pak cache file ../../../../../../Users/Marvin Vihman/Desktop/Ülikooli asjad/Computer Graphics/TheWalkingMan/DerivedDataCache/DDC.ddp not found, will not use a pak cache.
[2019.11.17-12.33.09:353][  0]LogDerivedDataCache: Unable to find inner node Pak for hierarchical cache Hierarchy.
[2019.11.17-12.33.09:353][  0]LogDerivedDataCache: FDerivedDataBackendGraph:  CompressedPak pak cache file ../../../../../../Users/Marvin Vihman/Desktop/Ülikooli asjad/Computer Graphics/TheWalkingMan/DerivedDataCache/Compressed.ddp not found, will not use a pak cache.
[2019.11.17-12.33.09:353][  0]LogDerivedDataCache: Unable to find inner node CompressedPak for hierarchical cache Hierarchy.
[2019.11.17-12.33.09:366][  0]LogDerivedDataCache: Display: Pak cache opened for reading ../../../Engine/DerivedDataCache/Compressed.ddp.
[2019.11.17-12.33.09:370][  0]LogDerivedDataCache: Display: Pak cache opened for reading ../../../Enterprise/DerivedDataCache/Compressed.ddp.
[2019.11.17-12.33.09:371][  0]LogDerivedDataCache: Using Local data cache path C:/Users/Marvin Vihman/AppData/Local/UnrealEngine/Common/DerivedDataCache: Writable
[2019.11.17-12.33.09:371][  0]LogDerivedDataCache: Shared data cache path not found in *engine.ini, will not use an Shared cache.
[2019.11.17-12.33.09:371][  0]LogDerivedDataCache: Unable to find inner node Shared for hierarchical cache Hierarchy.
[2019.11.17-12.33.09:395][  0]LogMaterial: Verifying Global Shaders for PCD3D_SM5
[2019.11.17-12.33.09:406][  0]LogSlate: Using FreeType 2.6.0
[2019.11.17-12.33.09:409][  0]LogSlate: SlateFontServices - WITH_FREETYPE: 1, WITH_HARFBUZZ: 1
[2019.11.17-12.33.09:545][  0]LogAssetRegistry: FAssetRegistry took 0.0049 seconds to start up
[2019.11.17-12.33.09:884][  0]LogInit: Selected Device Profile: [Windows]
[2019.11.17-12.33.10:098][  0]LogMeshReduction: Using QuadricMeshReduction for automatic static mesh reduction
[2019.11.17-12.33.10:098][  0]LogMeshReduction: Using SimplygonMeshReduction for automatic skeletal mesh reduction
[2019.11.17-12.33.10:098][  0]LogMeshReduction: Using ProxyLODMeshReduction for automatic mesh merging
[2019.11.17-12.33.10:098][  0]LogMeshReduction: No distributed automatic mesh merging module available
[2019.11.17-12.33.10:098][  0]LogMeshMerging: No distributed automatic mesh merging module available
[2019.11.17-12.33.10:120][  0]LogNetVersion: TheWalkingMan 1.0.0, NetCL: 8386587, EngineNetVer: 11, GameNetVer: 0 (Checksum: 3455556331)
[2019.11.17-12.33.10:721][  0]LogPackageLocalizationCache: Processed 18 localized package path(s) for 1 prioritized culture(s) in 0.088277 seconds
[2019.11.17-12.33.10:728][  0]LogUObjectArray: 43444 objects as part of root set at end of initial load.
[2019.11.17-12.33.10:728][  0]LogUObjectAllocator: 7548648 out of 0 bytes used by permanent object pool.
[2019.11.17-12.33.10:728][  0]LogUObjectArray: CloseDisregardForGC: 0/0 objects in disregard for GC pool
[2019.11.17-12.33.14:226][  0]LogTcpMessaging: Initializing TcpMessaging bridge
[2019.11.17-12.33.14:231][  0]LogUdpMessaging: Initializing bridge on interface 0.0.0.0:0 to multicast group 230.0.0.1:6666.
[2019.11.17-12.33.14:494][  0]SourceControl: Source control is disabled
[2019.11.17-12.33.14:494][  0]SourceControl: Source control is disabled
[2019.11.17-12.33.14:502][  0]SourceControl: Source control is disabled
[2019.11.17-12.33.14:504][  0]SourceControl: Source control is disabled
[2019.11.17-12.33.14:826][  0]LogAndroidPermission: UAndroidPermissionCallbackProxy::GetInstance
[2019.11.17-12.33.14:941][  0]LogOcInput: OculusInput pre-init called
[2019.11.17-12.33.14:952][  0]LogWindows: Failed to load 'OVRPlugin.dll' (GetLastError=126)
[2019.11.17-12.33.14:952][  0]LogWindows: File 'OVRPlugin.dll' does not exist
[2019.11.17-12.33.19:005][  0]LogEngine: Initializing Engine...
[2019.11.17-12.33.19:007][  0]LogHMD: Failed to initialize OpenVR with code 110
[2019.11.17-12.33.19:010][  0]LogStats: UGameplayTagsManager::InitializeManager -  0.001 s
[2019.11.17-12.33.19:255][  0]LogInit: Initializing FReadOnlyCVARCache
[2019.11.17-12.33.19:299][  0]LogAIModule: Creating AISystem for world Untitled
[2019.11.17-12.33.19:323][  0]LogInit: XAudio2 using 'kõrvaklapid (Conexant ISST Audio)' : 2 channels at 48 kHz using 32 bits per sample (channel mask 0x3)
[2019.11.17-12.33.19:349][  0]LogInit: FAudioDevice initialized.
[2019.11.17-12.33.19:349][  0]LogNetVersion: Set ProjectVersion to 1.0.0.0. Version Checksum will be recalculated on next use.
[2019.11.17-12.33.19:404][  0]LogDerivedDataCache: Saved boot cache 0.05s 78MB C:/Users/Marvin Vihman/AppData/Local/UnrealEngine/4.23/DerivedDataCache/Boot.ddc.
[2019.11.17-12.33.19:413][  0]LogInit: Texture streaming: Enabled
[2019.11.17-12.33.19:438][  0]LogEngineSessionManager: EngineSessionManager initialized
[2019.11.17-12.33.19:438][  0]LogEditorSessionSummary: Verbose: Initializing EditorSessionSummaryWriter for editor session tracking
[2019.11.17-12.33.19:440][  0]LogEditorSessionSummary: EditorSessionSummaryWriter initialized
[2019.11.17-12.33.19:526][  0]LogInit: Transaction tracking system initialized
[2019.11.17-12.33.19:591][  0]BlueprintLog: New page: Editor Load
[2019.11.17-12.33.19:731][  0]LocalizationService: Localization service is disabled
[2019.11.17-12.33.20:110][  0]LogFileCache: Scanning file cache for directory 'C:/Users/Marvin Vihman/Desktop/Ülikooli asjad/Computer Graphics/TheWalkingMan/Content/' took 0.01s
[2019.11.17-12.33.20:110][  0]LogCook: Display: Max memory allowance for cook 16384mb min free memory 0mb
[2019.11.17-12.33.20:110][  0]LogCook: Display: Mobile HDR setting 1
[2019.11.17-12.33.21:819][  0]SourceControl: Source control is disabled
[2019.11.17-12.33.21:820][  0]LightingResults: New page: Lighting Build
[2019.11.17-12.33.21:826][  0]LogWorld: UWorld::CleanupWorld for Untitled, bSessionEnded=true, bCleanupResources=true
[2019.11.17-12.33.21:828][  0]MapCheck: New page: Map Check
[2019.11.17-12.33.21:828][  0]LightingResults: New page: Lighting Build
[2019.11.17-12.33.21:856][  0]LogUObjectHash: Compacting FUObjectHashTables data took   2.24ms
[2019.11.17-12.33.22:243][  0]LogAIModule: Creating AISystem for world ThirdPersonExampleMap
[2019.11.17-12.33.22:368][  0]LogEditorServer: Finished looking for orphan Actors (0.000 secs)
[2019.11.17-12.33.22:434][  0]LogUObjectHash: Compacting FUObjectHashTables data took   2.08ms
[2019.11.17-12.33.22:435][  0]Cmd: MAP CHECKDEP NOCLEARLOG
[2019.11.17-12.33.22:435][  0]MapCheck: Map check complete: 0 Error(s), 0 Warning(s), took 0,38ms to complete.
[2019.11.17-12.33.22:435][  0]LogFileHelpers: Loading map 'ThirdPersonExampleMap' took 0.615
[2019.11.17-12.33.22:620][  0]LogSlate: Updating window title bar state: overlay mode, drag disabled, window buttons hidden, title bar hidden
[2019.11.17-12.33.22:628][  0]LogSlate: Updating window title bar state: overlay mode, drag disabled, window buttons hidden, title bar hidden
[2019.11.17-12.33.22:635][  0]LogSlate: Updating window title bar state: overlay mode, drag disabled, window buttons hidden, title bar hidden
[2019.11.17-12.33.22:642][  0]LogSlate: Updating window title bar state: overlay mode, drag disabled, window buttons hidden, title bar hidden
[2019.11.17-12.33.22:658][  0]LogCollectionManager: Loaded 0 collections in 0.002073 seconds
[2019.11.17-12.33.22:677][  0]LogFileCache: Scanning file cache for directory 'C:/Users/Marvin Vihman/Desktop/Ülikooli asjad/Computer Graphics/TheWalkingMan/Saved/Collections/' took 0.00s
[2019.11.17-12.33.22:677][  0]LogFileCache: Scanning file cache for directory 'C:/Users/Marvin Vihman/Desktop/Ülikooli asjad/Computer Graphics/TheWalkingMan/Content/Developers/MarvinVihman/Collections/' took 0.00s
[2019.11.17-12.33.22:677][  0]LogFileCache: Scanning file cache for directory 'C:/Users/Marvin Vihman/Desktop/Ülikooli asjad/Computer Graphics/TheWalkingMan/Content/Collections/' took 0.00s
[2019.11.17-12.33.22:677][  0]LogCollectionManager: Rebuilt the GUID cache for 0 collections in 0.000002 seconds
[2019.11.17-12.33.22:688][  0]LogContentBrowser: Native class hierarchy populated in 0.0098 seconds. Added 3047 classes and 767 folders.
[2019.11.17-12.33.22:700][  0]LogContentBrowser: Native class hierarchy updated for 'WidgetCarousel' in 0.0003 seconds. Added 0 classes and 0 folders.
[2019.11.17-12.33.23:023][  0]LogContentBrowser: Native class hierarchy updated for 'AddContentDialog' in 0.0003 seconds. Added 0 classes and 0 folders.
[2019.11.17-12.33.23:034][  0]LogContentBrowser: Native class hierarchy updated for 'SceneOutliner' in 0.0004 seconds. Added 1 classes and 0 folders.
[2019.11.17-12.33.23:116][  0]LogSlate: Took 0.000855 seconds to synchronously load lazily loaded font '../../../Engine/Content/Slate/Fonts/Roboto-Regular.ttf' (155K)
[2019.11.17-12.33.23:119][  0]LogSlate: Took 0.001313 seconds to synchronously load lazily loaded font '../../../Engine/Content/Slate/Fonts/Roboto-Bold.ttf' (160K)
[2019.11.17-12.33.23:127][  0]LogSlate: Took 0.000764 seconds to synchronously load lazily loaded font '../../../Engine/Content/Editor/Slate/Fonts/FontAwesome.ttf' (139K)
[2019.11.17-12.33.23:215][  0]LogRenderer: Reallocating scene render targets to support 736x564 Format 9 NumSamples 1 (Frame:1).
[2019.11.17-12.33.23:358][  0]LogContentBrowser: Native class hierarchy updated for 'HierarchicalLODOutliner' in 0.0005 seconds. Added 0 classes and 0 folders.
[2019.11.17-12.33.23:358][  0]LogLoad: (Engine Initialization) Total time: 21.58 seconds
[2019.11.17-12.33.23:358][  0]LogLoad: (Engine Initialization) Total Blueprint compile time: 0.00 seconds
[2019.11.17-12.33.23:430][  0]LogContentStreaming: Texture pool size now 400 MB
[2019.11.17-12.33.23:470][  0]LogSlate: Took 0.009946 seconds to synchronously load lazily loaded font '../../../Engine/Content/Slate/Fonts/Roboto-Light.ttf' (167K)
[2019.11.17-12.33.23:516][  1]LogAssetRegistry: Asset discovery search completed in 13.9723 seconds
[2019.11.17-12.33.23:519][  1]LogCollectionManager: Rebuilt the object cache for 0 collections in 0.000004 seconds (found 0 objects)
[2019.11.17-12.33.23:519][  1]LogCollectionManager: Fixed up redirectors for 0 collections in 0.000057 seconds (updated 0 objects)
[2019.11.17-12.34.05:366][125]LogSlate: FSceneViewport::OnFocusLost() reason 0
[2019.11.17-12.34.09:497][249]LogLinker: Warning: While loading '../../../../../../Users/Marvin Vihman/Desktop/Ülikooli asjad/Computer Graphics/TheWalkingMan/Content/KiteDemo/Maps/Showcase.umap' failed to load '/Game/KiteDemo/LevelContent/Blueprints/BP_LightStudio': Can't find file.
[2019.11.17-12.34.09:497][249]LogLinker: Warning: While loading '../../../../../../Users/Marvin Vihman/Desktop/Ülikooli asjad/Computer Graphics/TheWalkingMan/Content/KiteDemo/Maps/Showcase.umap' failed to load '/Game/KiteDemo/LevelContent/Blueprints/BP_LightStudio': Can't find file.
[2019.11.17-12.34.09:499][249]LogLinker: Warning: While loading '../../../../../../Users/Marvin Vihman/Desktop/Ülikooli asjad/Computer Graphics/TheWalkingMan/Content/KiteDemo/Maps/Showcase.umap' failed to load '/Game/KiteDemo/LevelContent/Blueprints/BP_LightStudio': Can't find file.
[2019.11.17-12.34.09:500][249]LogLinker: Warning: While loading '../../../../../../Users/Marvin Vihman/Desktop/Ülikooli asjad/Computer Graphics/TheWalkingMan/Content/KiteDemo/Maps/Showcase.umap' failed to load '/Game/KiteDemo/LevelContent/Blueprints/BP_LightStudio': Can't find file.
[2019.11.17-12.34.09:503][249]LogLinker: Warning: While loading '../../../../../../Users/Marvin Vihman/Desktop/Ülikooli asjad/Computer Graphics/TheWalkingMan/Content/KiteDemo/Maps/Showcase.umap' failed to load '/Game/KiteDemo/LevelContent/Blueprints/BP_LightStudio': Can't find file.
[2019.11.17-12.34.09:503][249]LogLinker: Warning: While loading '../../../../../../Users/Marvin Vihman/Desktop/Ülikooli asjad/Computer Graphics/TheWalkingMan/Content/KiteDemo/Maps/Showcase.umap' failed to load '/Game/KiteDemo/LevelContent/Blueprints/BP_LightStudio': Can't find file.
[2019.11.17-12.34.09:504][249]LogLinker: Warning: While loading '../../../../../../Users/Marvin Vihman/Desktop/Ülikooli asjad/Computer Graphics/TheWalkingMan/Content/KiteDemo/Maps/Showcase.umap' failed to load '/Game/KiteDemo/LevelContent/Blueprints/BP_LightStudio': Can't find file.
[2019.11.17-12.34.09:504][249]LogLinker: Warning: While loading '../../../../../../Users/Marvin Vihman/Desktop/Ülikooli asjad/Computer Graphics/TheWalkingMan/Content/KiteDemo/Maps/Showcase.umap' failed to load '/Game/KiteDemo/LevelContent/Blueprints/BP_LightStudio': Can't find file.
[2019.11.17-12.34.09:638][249]LogLinker: Warning: While loading '../../../../../../Users/Marvin Vihman/Desktop/Ülikooli asjad/Computer Graphics/TheWalkingMan/Content/KiteDemo/Maps/Showcase.umap' failed to load '/Game/KiteDemo/LevelContent/Blueprints/Assets/M_LightStage_Arrows': Can't find file.
[2019.11.17-12.34.09:639][249]LogLinker: Warning: While loading '../../../../../../Users/Marvin Vihman/Desktop/Ülikooli asjad/Computer Graphics/TheWalkingMan/Content/KiteDemo/Maps/Showcase.umap' failed to load '/Game/KiteDemo/LevelContent/Blueprints/Assets/M_LightStage_Arrows': Can't find file.
[2019.11.17-12.34.09:720][249]LogLinker: Warning: While loading '../../../../../../Users/Marvin Vihman/Desktop/Ülikooli asjad/Computer Graphics/TheWalkingMan/Content/KiteDemo/Maps/Showcase.umap' failed to load '/Game/KiteDemo/LevelContent/Blueprints/Assets/M_LightStage_Skybox_HDRI': Can't find file.
[2019.11.17-12.34.09:720][249]LogLinker: Warning: While loading '../../../../../../Users/Marvin Vihman/Desktop/Ülikooli asjad/Computer Graphics/TheWalkingMan/Content/KiteDemo/Maps/Showcase.umap' failed to load '/Game/KiteDemo/LevelContent/Blueprints/Assets/M_LightStage_Skybox_HDRI': Can't find file.
[2019.11.17-12.34.10:821][249]LogLinker: Warning: While loading '../../../../../../Users/Marvin Vihman/Desktop/Ülikooli asjad/Computer Graphics/TheWalkingMan/Content/KiteDemo/Maps/Showcase.umap' failed to load '/Game/KiteDemo/LevelContent/Architecture/SM_AssetPlatform_02': Can't find file.
[2019.11.17-12.34.10:821][249]LogLinker: Warning: While loading '../../../../../../Users/Marvin Vihman/Desktop/Ülikooli asjad/Computer Graphics/TheWalkingMan/Content/KiteDemo/Maps/Showcase.umap' failed to load '/Game/KiteDemo/LevelContent/Architecture/SM_AssetPlatform_02': Can't find file.
[2019.11.17-12.34.10:821][249]LogLinker: Warning: While loading '../../../../../../Users/Marvin Vihman/Desktop/Ülikooli asjad/Computer Graphics/TheWalkingMan/Content/KiteDemo/Maps/Showcase.umap' failed to load '/Game/KiteDemo/LevelContent/Blueprints/Assets/M_LightStage_Arrows': Can't find file.
[2019.11.17-12.34.10:821][249]LogLinker: Warning: While loading '../../../../../../Users/Marvin Vihman/Desktop/Ülikooli asjad/Computer Graphics/TheWalkingMan/Content/KiteDemo/Maps/Showcase.umap' failed to load '/Game/KiteDemo/LevelContent/Blueprints/Assets/M_LightStage_Arrows': Can't find file.
[2019.11.17-12.34.10:822][249]LogLinker: Warning: While loading '../../../../../../Users/Marvin Vihman/Desktop/Ülikooli asjad/Computer Graphics/TheWalkingMan/Content/KiteDemo/Maps/Showcase.umap' failed to load '/Game/KiteDemo/LevelContent/Blueprints/Assets/M_LightStage_Skybox_HDRI': Can't find file.
[2019.11.17-12.34.10:822][249]LogLinker: Warning: While loading '../../../../../../Users/Marvin Vihman/Desktop/Ülikooli asjad/Computer Graphics/TheWalkingMan/Content/KiteDemo/Maps/Showcase.umap' failed to load '/Game/KiteDemo/LevelContent/Blueprints/Assets/M_LightStage_Skybox_HDRI': Can't find file.
[2019.11.17-12.34.10:822][249]LogLinker: Warning: While loading '../../../../../../Users/Marvin Vihman/Desktop/Ülikooli asjad/Computer Graphics/TheWalkingMan/Content/KiteDemo/Maps/Showcase.umap' failed to load '/Game/KiteDemo/LevelContent/Blueprints/BP_LightStudio': Can't find file.
[2019.11.17-12.34.10:822][249]LogLinker: Warning: While loading '../../../../../../Users/Marvin Vihman/Desktop/Ülikooli asjad/Computer Graphics/TheWalkingMan/Content/KiteDemo/Maps/Showcase.umap' failed to load '/Game/KiteDemo/LevelContent/Blueprints/BP_LightStudio': Can't find file.
[2019.11.17-12.34.10:822][249]LogLinker: Warning: While loading '../../../../../../Users/Marvin Vihman/Desktop/Ülikooli asjad/Computer Graphics/TheWalkingMan/Content/KiteDemo/Maps/Showcase.umap' failed to load '/Game/KiteDemo/LevelContent/HDRI/KimsBackYard': Can't find file.
[2019.11.17-12.34.10:822][249]LogLinker: Warning: While loading '../../../../../../Users/Marvin Vihman/Desktop/Ülikooli asjad/Computer Graphics/TheWalkingMan/Content/KiteDemo/Maps/Showcase.umap' failed to load '/Game/KiteDemo/LevelContent/HDRI/KimsBackYard': Can't find file.
[2019.11.17-12.34.10:823][249]LogLinker: Warning: While loading '../../../../../../Users/Marvin Vihman/Desktop/Ülikooli asjad/Computer Graphics/TheWalkingMan/Content/KiteDemo/Maps/Showcase.umap' failed to load '/Game/KiteDemo/LevelContent/Blueprints/BP_LightStudio': Can't find file.
[2019.11.17-12.34.10:823][249]LogLinker: Warning: While loading '../../../../../../Users/Marvin Vihman/Desktop/Ülikooli asjad/Computer Graphics/TheWalkingMan/Content/KiteDemo/Maps/Showcase.umap' failed to load '/Game/KiteDemo/LevelContent/Blueprints/BP_LightStudio': Can't find file.
[2019.11.17-12.34.10:823][249]LogLinker: Warning: While loading '../../../../../../Users/Marvin Vihman/Desktop/Ülikooli asjad/Computer Graphics/TheWalkingMan/Content/KiteDemo/Maps/Showcase.umap' failed to load '/Game/KiteDemo/LevelContent/Blueprints/BP_LightStudio': Can't find file.
[2019.11.17-12.34.10:823][249]LogLinker: Warning: While loading '../../../../../../Users/Marvin Vihman/Desktop/Ülikooli asjad/Computer Graphics/TheWalkingMan/Content/KiteDemo/Maps/Showcase.umap' failed to load '/Game/KiteDemo/LevelContent/Blueprints/BP_LightStudio': Can't find file.
[2019.11.17-12.34.10:826][249]LogLinker: Warning: While loading '../../../../../../Users/Marvin Vihman/Desktop/Ülikooli asjad/Computer Graphics/TheWalkingMan/Content/KiteDemo/Maps/Showcase.umap' failed to load '/Game/KiteDemo/LevelContent/Architecture/SM_AssetPlatform_02': Can't find file.
[2019.11.17-12.34.10:827][249]LogLinker: Warning: While loading '../../../../../../Users/Marvin Vihman/Desktop/Ülikooli asjad/Computer Graphics/TheWalkingMan/Content/KiteDemo/Maps/Showcase.umap' failed to load '/Game/KiteDemo/LevelContent/Architecture/SM_AssetPlatform_02': Can't find file.
[2019.11.17-12.34.10:827][249]LogLinker: Warning: While loading '../../../../../../Users/Marvin Vihman/Desktop/Ülikooli asjad/Computer Graphics/TheWalkingMan/Content/KiteDemo/Maps/Showcase.umap' failed to load '/Game/KiteDemo/LevelContent/Blueprints/BP_LightStudio': Can't find file.
[2019.11.17-12.34.10:827][249]LogLinker: Warning: While loading '../../../../../../Users/Marvin Vihman/Desktop/Ülikooli asjad/Computer Graphics/TheWalkingMan/Content/KiteDemo/Maps/Showcase.umap' failed to load '/Game/KiteDemo/LevelContent/Blueprints/BP_LightStudio': Can't find file.
[2019.11.17-12.34.10:827][249]LogLinker: Warning: While loading '../../../../../../Users/Marvin Vihman/Desktop/Ülikooli asjad/Computer Graphics/TheWalkingMan/Content/KiteDemo/Maps/Showcase.umap' failed to load '/Game/KiteDemo/LevelContent/Blueprints/BP_LightStudio': Can't find file.
[2019.11.17-12.34.10:827][249]LogLinker: Warning: While loading '../../../../../../Users/Marvin Vihman/Desktop/Ülikooli asjad/Computer Graphics/TheWalkingMan/Content/KiteDemo/Maps/Showcase.umap' failed to load '/Game/KiteDemo/LevelContent/Blueprints/BP_LightStudio': Can't find file.
[2019.11.17-12.34.10:827][249]LogLinker: Warning: While loading '../../../../../../Users/Marvin Vihman/Desktop/Ülikooli asjad/Computer Graphics/TheWalkingMan/Content/KiteDemo/Maps/Showcase.umap' failed to load '/Game/KiteDemo/LevelContent/HDRI/KimsBackYard': Can't find file.
[2019.11.17-12.34.10:828][249]LogLinker: Warning: While loading '../../../../../../Users/Marvin Vihman/Desktop/Ülikooli asjad/Computer Graphics/TheWalkingMan/Content/KiteDemo/Maps/Showcase.umap' failed to load '/Game/KiteDemo/LevelContent/HDRI/KimsBackYard': Can't find file.
[2019.11.17-12.34.10:828][249]LogLinker: Warning: Failed to load '/Game/KiteDemo/LevelContent/Blueprints/BP_LightStudio': Can't find file.
[2019.11.17-12.34.10:828][249]LogLinker: Warning: Failed to load '/Game/KiteDemo/LevelContent/Blueprints/BP_LightStudio': Can't find file.
[2019.11.17-12.34.10:828][249]LogLinker: Warning: Failed to load '/Game/KiteDemo/LevelContent/Blueprints/BP_LightStudio': Can't find file.
[2019.11.17-12.34.10:828][249]LogLinker: Warning: Failed to load '/Game/KiteDemo/LevelContent/Blueprints/BP_LightStudio': Can't find file.
[2019.11.17-12.34.10:828][249]LogLinker: Warning: Failed to load '/Game/KiteDemo/LevelContent/Blueprints/BP_LightStudio': Can't find file.
[2019.11.17-12.34.10:829][249]LogLinker: Warning: Failed to load '/Game/KiteDemo/LevelContent/Blueprints/BP_LightStudio': Can't find file.
[2019.11.17-12.34.10:829][249]LogLinker: Warning: Failed to load '/Game/KiteDemo/LevelContent/Blueprints/BP_LightStudio': Can't find file.
[2019.11.17-12.34.10:829][249]LogLinker: Warning: Failed to load '/Game/KiteDemo/LevelContent/Blueprints/BP_LightStudio': Can't find file.
[2019.11.17-12.34.10:829][249]LogLinker: Warning: Failed to load '/Game/KiteDemo/LevelContent/Blueprints/Assets/M_LightStage_Arrows': Can't find file.
[2019.11.17-12.34.10:829][249]LogLinker: Warning: Failed to load '/Game/KiteDemo/LevelContent/Blueprints/Assets/M_LightStage_Arrows': Can't find file.
[2019.11.17-12.34.10:829][249]LogLinker: Warning: Failed to load '/Game/KiteDemo/LevelContent/Blueprints/Assets/M_LightStage_Skybox_HDRI': Can't find file.
[2019.11.17-12.34.10:829][249]LogLinker: Warning: Failed to load '/Game/KiteDemo/LevelContent/Blueprints/Assets/M_LightStage_Skybox_HDRI': Can't find file.
[2019.11.17-12.34.10:829][249]LogLinker: Warning: Failed to load '/Game/KiteDemo/LevelContent/Architecture/SM_AssetPlatform_02': Can't find file.
[2019.11.17-12.34.10:830][249]LogLinker: Warning: Failed to load '/Game/KiteDemo/LevelContent/Architecture/SM_AssetPlatform_02': Can't find file.
[2019.11.17-12.34.10:830][249]LogLinker: Warning: Failed to load '/Game/KiteDemo/LevelContent/Blueprints/Assets/M_LightStage_Arrows': Can't find file.
[2019.11.17-12.34.10:830][249]LogLinker: Warning: Failed to load '/Game/KiteDemo/LevelContent/Blueprints/Assets/M_LightStage_Arrows': Can't find file.
[2019.11.17-12.34.10:830][249]LogLinker: Warning: Failed to load '/Game/KiteDemo/LevelContent/Blueprints/Assets/M_LightStage_Skybox_HDRI': Can't find file.
[2019.11.17-12.34.10:830][249]LogLinker: Warning: Failed to load '/Game/KiteDemo/LevelContent/Blueprints/Assets/M_LightStage_Skybox_HDRI': Can't find file.
[2019.11.17-12.34.10:830][249]LogLinker: Warning: Failed to load '/Game/KiteDemo/LevelContent/Blueprints/BP_LightStudio': Can't find file.
[2019.11.17-12.34.10:830][249]LogLinker: Warning: Failed to load '/Game/KiteDemo/LevelContent/Blueprints/BP_LightStudio': Can't find file.
[2019.11.17-12.34.10:830][249]LogLinker: Warning: Failed to load '/Game/KiteDemo/LevelContent/HDRI/KimsBackYard': Can't find file.
[2019.11.17-12.34.10:831][249]LogLinker: Warning: Failed to load '/Game/KiteDemo/LevelContent/HDRI/KimsBackYard': Can't find file.
[2019.11.17-12.34.10:831][249]LogLinker: Warning: Failed to load '/Game/KiteDemo/LevelContent/Blueprints/BP_LightStudio': Can't find file.
[2019.11.17-12.34.10:831][249]LogLinker: Warning: Failed to load '/Game/KiteDemo/LevelContent/Blueprints/BP_LightStudio': Can't find file.
[2019.11.17-12.34.10:831][249]LogLinker: Warning: Failed to load '/Game/KiteDemo/LevelContent/Blueprints/BP_LightStudio': Can't find file.
[2019.11.17-12.34.10:831][249]LogLinker: Warning: Failed to load '/Game/KiteDemo/LevelContent/Blueprints/BP_LightStudio': Can't find file.
[2019.11.17-12.34.10:831][249]LogLinker: Warning: Failed to load '/Game/KiteDemo/LevelContent/Architecture/SM_AssetPlatform_02': Can't find file.
[2019.11.17-12.34.10:831][249]LogLinker: Warning: Failed to load '/Game/KiteDemo/LevelContent/Architecture/SM_AssetPlatform_02': Can't find file.
[2019.11.17-12.34.10:831][249]LogLinker: Warning: Failed to load '/Game/KiteDemo/LevelContent/Blueprints/BP_LightStudio': Can't find file.
[2019.11.17-12.34.10:832][249]LogLinker: Warning: Failed to load '/Game/KiteDemo/LevelContent/Blueprints/BP_LightStudio': Can't find file.
[2019.11.17-12.34.10:832][249]LogLinker: Warning: Failed to load '/Game/KiteDemo/LevelContent/Blueprints/BP_LightStudio': Can't find file.
[2019.11.17-12.34.10:832][249]LogLinker: Warning: Failed to load '/Game/KiteDemo/LevelContent/Blueprints/BP_LightStudio': Can't find file.
[2019.11.17-12.34.10:832][249]LogLinker: Warning: Failed to load '/Game/KiteDemo/LevelContent/HDRI/KimsBackYard': Can't find file.
[2019.11.17-12.34.10:832][249]LogLinker: Warning: Failed to load '/Game/KiteDemo/LevelContent/HDRI/KimsBackYard': Can't find file.
[2019.11.17-12.34.10:833][249]LogLinker: Warning: Failed to load '/Game/KiteDemo/LevelContent/Blueprints/BP_LightStudio': Can't find file.
[2019.11.17-12.34.10:833][249]LogLinker: Warning: Failed to load '/Game/KiteDemo/LevelContent/Blueprints/BP_LightStudio': Can't find file.
[2019.11.17-12.34.10:833][249]LogLinker: Warning: Failed to load '/Game/KiteDemo/LevelContent/Blueprints/BP_LightStudio': Can't find file.
[2019.11.17-12.34.10:833][249]LogLinker: Warning: Failed to load '/Game/KiteDemo/LevelContent/Blueprints/BP_LightStudio': Can't find file.
[2019.11.17-12.34.10:901][249]LogLinker: Warning: While loading '../../../../../../Users/Marvin Vihman/Desktop/Ülikooli asjad/Computer Graphics/TheWalkingMan/Content/KiteDemo/Maps/Showcase.umap' failed to load '/Game/KiteDemo/LevelContent/Architecture/SM_AssetPlatform_02': Can't find file.
[2019.11.17-12.34.10:901][249]LoadErrors: Failed to load /Game/KiteDemo/LevelContent/Architecture/SM_AssetPlatform_02.SM_AssetPlatform_02 Referenced by SM_AssetPlatform2_4
[2019.11.17-12.34.10:901][249]LogLinker: Warning: While loading '../../../../../../Users/Marvin Vihman/Desktop/Ülikooli asjad/Computer Graphics/TheWalkingMan/Content/KiteDemo/Maps/Showcase.umap' failed to load '/Game/KiteDemo/LevelContent/Architecture/SM_AssetPlatform_02': Can't find file.
[2019.11.17-12.34.34:916][249]LogTexture: Display: Building textures: ShadowMapTexture2D_0 (G8, 2048X2048)
[2019.11.17-12.34.34:952][249]LogTexture: Display: Building textures: HillTree_Tall_01_Atlas_Billboards_Normal_Tex (BC5, 2048X2048)
[2019.11.17-12.34.34:952][249]LogTexture: Display: Building textures: HillTree_Tall_01_Atlas_Billboards_Tex (AutoDXT, 2048X2048)
[2019.11.17-12.34.34:952][249]LogTexture: Display: Building textures: ShadowMapTexture2D_1 (G8, 2048X2048)
[2019.11.17-12.34.34:952][249]LogTexture: Display: Building textures: LQ_Lightmap_0_1 (DXT1, 4096X4096)
[2019.11.17-12.34.34:952][249]LogTexture: Display: Building textures: HQ_Lightmap0_1 (AutoDXT, 4096X4096)
[2019.11.17-12.34.34:952][249]LogTexture: Display: Building textures: T_MountainRock_Closed_D2 (AutoDXT, 8192X8192)
[2019.11.17-12.34.34:952][249]LogTexture: Display: Building textures: T_GroundRevealRock001a_N (BC5, 8192X8192)
[2019.11.17-12.34.34:952][249]LogTexture: Display: Building textures: T_GDC_LargeVolcanicRock_001_N (BC5, 8192X8192)
[2019.11.17-12.34.34:952][249]LogTexture: Display: Building textures: T_Boulder05_N (BC5, 8192X8192)
[2019.11.17-12.34.34:952][249]LogTexture: Display: Building textures: T_Vegetation_Debris_002_D_R (AutoDXT, 8192X8192)
[2019.11.17-12.35.33:373][249]LogMaterial: Display: Missing cached shader map for material M_Photoscan_Master, compiling. 
[2019.11.17-12.35.33:692][249]LogShaderCompilers: Display: Worker (1/5): shaders left to compile 170
[2019.11.17-12.35.33:692][249]LogShaderCompilers: Display: Worker (2/5): shaders left to compile 160
[2019.11.17-12.35.33:692][249]LogShaderCompilers: Display: Worker (3/5): shaders left to compile 150
[2019.11.17-12.35.33:692][249]LogShaderCompilers: Display: Worker (4/5): shaders left to compile 140
[2019.11.17-12.35.33:692][249]LogMaterial: Display: Missing cached shader map for material M_Photoscan_Master, compiling. 
[2019.11.17-12.35.33:927][249]LogMaterial: Display: Missing cached shader map for material HillTree_Tall_01_Billboard_Mat, compiling. 
[2019.11.17-12.35.34:000][249]LogMaterial: Display: Missing cached shader map for material HillTree_01_Leaves_Mat2, compiling. 
[2019.11.17-12.35.35:135][249]LogStaticMesh: Building static mesh HillTree_Tall_02...
[2019.11.17-12.35.35:218][249]LogSlate: Took 0.001035 seconds to synchronously load lazily loaded font '../../../Engine/Content/Slate/Fonts/Roboto-Light.ttf' (167K)
